{"meta": {"format": 3, "version": "7.11.3", "timestamp": "2025-12-05T14:49:43.298571", "branch_coverage": false, "show_contexts": false}, "files": {"local_packages/image-annotator-lib/src/image_annotator_lib/__init__.py": {"executed_lines": [1, 3, 6, 7, 9, 10, 11, 12, 18, 19, 24, 25, 26, 27, 30, 52, 54, 55, 58], "summary": {"covered_lines": 19, "num_statements": 23, "percent_covered": 82.6086956521739, "percent_covered_display": "83", "missing_lines": 4, "excluded_lines": 1}, "missing_lines": [81, 82, 84, 86], "excluded_lines": [64], "functions": {"annotate": {"executed_lines": [], "summary": {"covered_lines": 0, "num_statements": 4, "percent_covered": 0.0, "percent_covered_display": "0", "missing_lines": 4, "excluded_lines": 1}, "missing_lines": [81, 82, 84, 86], "excluded_lines": [64]}, "": {"executed_lines": [1, 3, 6, 7, 9, 10, 11, 12, 18, 19, 24, 25, 26, 27, 30, 52, 54, 55, 58], "summary": {"covered_lines": 19, "num_statements": 19, "percent_covered": 100.0, "percent_covered_display": "100", "missing_lines": 0, "excluded_lines": 0}, "missing_lines": [], "excluded_lines": []}}, "classes": {"": {"executed_lines": [1, 3, 6, 7, 9, 10, 11, 12, 18, 19, 24, 25, 26, 27, 30, 52, 54, 55, 58], "summary": {"covered_lines": 19, "num_statements": 23, "percent_covered": 82.6086956521739, "percent_covered_display": "83", "missing_lines": 4, "excluded_lines": 1}, "missing_lines": [81, 82, 84, 86], "excluded_lines": [64]}}}, "local_packages/image-annotator-lib/src/image_annotator_lib/api.py": {"executed_lines": [1, 6, 8, 10, 11, 12, 13, 14, 15, 17, 20, 21, 29, 40, 55, 58, 59, 60, 62, 64, 67, 68, 69, 70, 71, 73, 80, 81, 82, 83, 84, 86, 89, 92, 94, 97, 98, 101, 104, 107, 108, 111, 118, 121, 122, 124, 125, 126, 127, 128, 130, 132, 134, 135, 137, 139, 141, 145, 146, 149, 154, 156, 162, 164, 165, 166, 168, 169, 177, 178, 179, 182, 183, 184, 185, 186, 188, 190, 205, 207, 211, 223, 227, 242, 259, 260, 261, 263, 264, 265, 267, 268, 269, 272, 286, 287, 288, 291, 305, 307, 309, 310, 311, 314, 315, 318, 320, 323, 333, 334, 335, 337, 338, 341, 343, 344, 349, 355, 357, 360, 391, 393, 394, 395, 396, 397, 398, 400, 401, 403, 405, 406, 407, 408, 409, 410, 411, 412, 414, 415, 416, 417, 420, 423, 427, 430, 431, 433, 434, 435, 436, 439, 443, 444, 447, 449, 450, 453, 454, 455, 456, 457, 459, 461, 468, 472, 473, 475, 477, 478, 480, 482, 483, 486, 492, 494, 495], "summary": {"covered_lines": 168, "num_statements": 190, "percent_covered": 88.42105263157895, "percent_covered_display": "88", "missing_lines": 22, "excluded_lines": 8}, "missing_lines": [150, 152, 193, 194, 196, 197, 209, 213, 214, 216, 225, 229, 230, 231, 232, 233, 234, 235, 236, 237, 238, 239], "excluded_lines": [320, 366, 395, 400, 401, 407, 426, 431], "functions": {"_create_annotator_instance": {"executed_lines": [55, 58, 59, 60, 62, 64, 67, 68, 69, 70, 71, 73, 80, 81, 82, 83, 84, 86, 89, 92, 94, 97, 98, 101], "summary": {"covered_lines": 24, "num_statements": 24, "percent_covered": 100.0, "percent_covered_display": "100", "missing_lines": 0, "excluded_lines": 0}, "missing_lines": [], "excluded_lines": []}, "_is_pydantic_ai_webapi_annotator": {"executed_lines": [107, 108, 111, 118], "summary": {"covered_lines": 4, "num_statements": 4, "percent_covered": 100.0, "percent_covered_display": "100", "missing_lines": 0, "excluded_lines": 0}, "missing_lines": [], "excluded_lines": []}, "PydanticAIWebAPIWrapper.__init__": {"executed_lines": [125, 126, 127, 128], "summary": {"covered_lines": 4, "num_statements": 4, "percent_covered": 100.0, "percent_covered_display": "100", "missing_lines": 0, "excluded_lines": 0}, "missing_lines": [], "excluded_lines": []}, "PydanticAIWebAPIWrapper.__enter__": {"executed_lines": [132, 134, 135], "summary": {"covered_lines": 3, "num_statements": 3, "percent_covered": 100.0, "percent_covered_display": "100", "missing_lines": 0, "excluded_lines": 0}, "missing_lines": [], "excluded_lines": []}, "PydanticAIWebAPIWrapper.__exit__": {"executed_lines": [139], "summary": {"covered_lines": 1, "num_statements": 1, "percent_covered": 100.0, "percent_covered_display": "100", "missing_lines": 0, "excluded_lines": 0}, "missing_lines": [], "excluded_lines": []}, "PydanticAIWebAPIWrapper.predict": {"executed_lines": [145, 146, 149, 154, 156, 162, 164, 165, 166, 168, 169, 177, 178, 179, 182, 183, 184, 185, 186, 188, 190, 205], "summary": {"covered_lines": 22, "num_statements": 28, "percent_covered": 78.57142857142857, "percent_covered_display": "79", "missing_lines": 6, "excluded_lines": 0}, "missing_lines": [150, 152, 193, 194, 196, 197], "excluded_lines": []}, "PydanticAIWebAPIWrapper._preprocess_images": {"executed_lines": [], "summary": {"covered_lines": 0, "num_statements": 1, "percent_covered": 0.0, "percent_covered_display": "0", "missing_lines": 1, "excluded_lines": 0}, "missing_lines": [209], "excluded_lines": []}, "PydanticAIWebAPIWrapper._run_inference": {"executed_lines": [], "summary": {"covered_lines": 0, "num_statements": 3, "percent_covered": 0.0, "percent_covered_display": "0", "missing_lines": 3, "excluded_lines": 0}, "missing_lines": [213, 214, 216], "excluded_lines": []}, "PydanticAIWebAPIWrapper._format_predictions": {"executed_lines": [], "summary": {"covered_lines": 0, "num_statements": 1, "percent_covered": 0.0, "percent_covered_display": "0", "missing_lines": 1, "excluded_lines": 0}, "missing_lines": [225], "excluded_lines": []}, "PydanticAIWebAPIWrapper._generate_tags": {"executed_lines": [], "summary": {"covered_lines": 0, "num_statements": 11, "percent_covered": 0.0, "percent_covered_display": "0", "missing_lines": 11, "excluded_lines": 0}, "missing_lines": [229, 230, 231, 232, 233, 234, 235, 236, 237, 238, 239], "excluded_lines": []}, "get_annotator_instance": {"executed_lines": [259, 260, 261, 263, 264, 265, 267, 268, 269], "summary": {"covered_lines": 9, "num_statements": 9, "percent_covered": 100.0, "percent_covered_display": "100", "missing_lines": 0, "excluded_lines": 0}, "missing_lines": [], "excluded_lines": []}, "_annotate_model": {"executed_lines": [286, 287, 288], "summary": {"covered_lines": 3, "num_statements": 3, "percent_covered": 100.0, "percent_covered_display": "100", "missing_lines": 0, "excluded_lines": 0}, "missing_lines": [], "excluded_lines": []}, "_process_model_results": {"executed_lines": [305, 307, 309, 310, 311, 314, 315, 318, 320], "summary": {"covered_lines": 8, "num_statements": 8, "percent_covered": 100.0, "percent_covered_display": "100", "missing_lines": 0, "excluded_lines": 1}, "missing_lines": [], "excluded_lines": [320]}, "_handle_error": {"executed_lines": [333, 334, 335, 337, 338, 341, 343, 344], "summary": {"covered_lines": 8, "num_statements": 8, "percent_covered": 100.0, "percent_covered_display": "100", "missing_lines": 0, "excluded_lines": 0}, "missing_lines": [], "excluded_lines": []}, "list_available_annotators": {"executed_lines": [355, 357], "summary": {"covered_lines": 2, "num_statements": 2, "percent_covered": 100.0, "percent_covered_display": "100", "missing_lines": 0, "excluded_lines": 0}, "missing_lines": [], "excluded_lines": []}, "annotate": {"executed_lines": [391, 393, 394, 395, 396, 397, 398, 400, 401, 403, 405, 406, 407, 408, 409, 410, 411, 412, 414, 415, 416, 417, 420, 423, 427, 430, 431, 433, 434, 435, 436, 439, 443, 444, 447, 449, 450, 453, 454, 455, 456, 457, 459, 461, 468, 472, 473, 475, 477, 478, 480, 482, 483, 486, 492, 494, 495], "summary": {"covered_lines": 52, "num_statements": 52, "percent_covered": 100.0, "percent_covered_display": "100", "missing_lines": 0, "excluded_lines": 7}, "missing_lines": [], "excluded_lines": [366, 395, 400, 401, 407, 426, 431]}, "": {"executed_lines": [1, 6, 8, 10, 11, 12, 13, 14, 15, 17, 20, 21, 29, 40, 104, 121, 122, 124, 130, 137, 141, 207, 211, 223, 227, 242, 272, 291, 323, 349, 360], "summary": {"covered_lines": 28, "num_statements": 28, "percent_covered": 100.0, "percent_covered_display": "100", "missing_lines": 0, "excluded_lines": 0}, "missing_lines": [], "excluded_lines": []}}, "classes": {"PHashAnnotationResults": {"executed_lines": [], "summary": {"covered_lines": 0, "num_statements": 0, "percent_covered": 100.0, "percent_covered_display": "100", "missing_lines": 0, "excluded_lines": 0}, "missing_lines": [], "excluded_lines": []}, "PydanticAIWebAPIWrapper": {"executed_lines": [125, 126, 127, 128, 132, 134, 135, 139, 145, 146, 149, 154, 156, 162, 164, 165, 166, 168, 169, 177, 178, 179, 182, 183, 184, 185, 186, 188, 190, 205], "summary": {"covered_lines": 30, "num_statements": 52, "percent_covered": 57.69230769230769, "percent_covered_display": "58", "missing_lines": 22, "excluded_lines": 0}, "missing_lines": [150, 152, 193, 194, 196, 197, 209, 213, 214, 216, 225, 229, 230, 231, 232, 233, 234, 235, 236, 237, 238, 239], "excluded_lines": []}, "": {"executed_lines": [1, 6, 8, 10, 11, 12, 13, 14, 15, 17, 20, 21, 29, 40, 55, 58, 59, 60, 62, 64, 67, 68, 69, 70, 71, 73, 80, 81, 82, 83, 84, 86, 89, 92, 94, 97, 98, 101, 104, 107, 108, 111, 118, 121, 122, 124, 130, 137, 141, 207, 211, 223, 227, 242, 259, 260, 261, 263, 264, 265, 267, 268, 269, 272, 286, 287, 288, 291, 305, 307, 309, 310, 311, 314, 315, 318, 320, 323, 333, 334, 335, 337, 338, 341, 343, 344, 349, 355, 357, 360, 391, 393, 394, 395, 396, 397, 398, 400, 401, 403, 405, 406, 407, 408, 409, 410, 411, 412, 414, 415, 416, 417, 420, 423, 427, 430, 431, 433, 434, 435, 436, 439, 443, 444, 447, 449, 450, 453, 454, 455, 456, 457, 459, 461, 468, 472, 473, 475, 477, 478, 480, 482, 483, 486, 492, 494, 495], "summary": {"covered_lines": 138, "num_statements": 138, "percent_covered": 100.0, "percent_covered_display": "100", "missing_lines": 0, "excluded_lines": 8}, "missing_lines": [], "excluded_lines": [320, 366, 395, 400, 401, 407, 426, 431]}}}, "local_packages/image-annotator-lib/src/image_annotator_lib/core/api_model_discovery.py": {"executed_lines": [1, 3, 4, 5, 6, 8, 10, 16, 20, 21, 23, 24, 27, 100, 122, 123, 124, 126, 127, 130, 182, 218, 280], "summary": {"covered_lines": 22, "num_statements": 149, "percent_covered": 14.765100671140939, "percent_covered_display": "15", "missing_lines": 127, "excluded_lines": 3}, "missing_lines": [29, 30, 33, 34, 38, 39, 40, 41, 43, 44, 49, 50, 51, 58, 62, 63, 64, 65, 66, 67, 68, 69, 70, 72, 74, 75, 76, 80, 84, 92, 96, 97, 132, 137, 139, 140, 144, 148, 151, 152, 153, 154, 155, 156, 157, 158, 159, 160, 161, 162, 163, 164, 166, 167, 168, 169, 170, 171, 172, 173, 174, 175, 176, 184, 185, 186, 187, 190, 191, 192, 193, 194, 195, 199, 200, 201, 203, 204, 205, 206, 207, 209, 210, 213, 215, 223, 224, 226, 228, 229, 233, 236, 237, 238, 239, 241, 242, 245, 246, 247, 248, 250, 251, 253, 257, 258, 262, 264, 267, 277, 297, 298, 301, 302, 303, 304, 307, 308, 310, 311, 314, 317, 318, 320, 321, 323, 326], "excluded_lines": [101, 254, 255], "functions": {"_fetch_and_update_vision_models": {"executed_lines": [], "summary": {"covered_lines": 0, "num_statements": 32, "percent_covered": 0.0, "percent_covered_display": "0", "missing_lines": 32, "excluded_lines": 0}, "missing_lines": [29, 30, 33, 34, 38, 39, 40, 41, 43, 44, 49, 50, 51, 58, 62, 63, 64, 65, 66, 67, 68, 69, 70, 72, 74, 75, 76, 80, 84, 92, 96, 97], "excluded_lines": []}, "discover_available_vision_models": {"executed_lines": [122, 123, 124, 126, 127, 130], "summary": {"covered_lines": 6, "num_statements": 37, "percent_covered": 16.216216216216218, "percent_covered_display": "16", "missing_lines": 31, "excluded_lines": 1}, "missing_lines": [132, 137, 139, 140, 144, 148, 151, 152, 153, 154, 155, 156, 157, 158, 159, 160, 161, 162, 163, 164, 166, 167, 168, 169, 170, 171, 172, 173, 174, 175, 176], "excluded_lines": [101]}, "_filter_vision_models": {"executed_lines": [], "summary": {"covered_lines": 0, "num_statements": 22, "percent_covered": 0.0, "percent_covered_display": "0", "missing_lines": 22, "excluded_lines": 0}, "missing_lines": [184, 185, 186, 187, 190, 191, 192, 193, 194, 195, 199, 200, 201, 203, 204, 205, 206, 207, 209, 210, 213, 215], "excluded_lines": []}, "_format_model_data_for_toml": {"executed_lines": [], "summary": {"covered_lines": 0, "num_statements": 25, "percent_covered": 0.0, "percent_covered_display": "0", "missing_lines": 25, "excluded_lines": 2}, "missing_lines": [223, 224, 226, 228, 229, 233, 236, 237, 238, 239, 241, 242, 245, 246, 247, 248, 250, 251, 253, 257, 258, 262, 264, 267, 277], "excluded_lines": [254, 255]}, "_update_toml_with_api_results": {"executed_lines": [], "summary": {"covered_lines": 0, "num_statements": 17, "percent_covered": 0.0, "percent_covered_display": "0", "missing_lines": 17, "excluded_lines": 0}, "missing_lines": [297, 298, 301, 302, 303, 304, 307, 308, 310, 311, 314, 317, 318, 320, 321, 323, 326], "excluded_lines": []}, "": {"executed_lines": [1, 3, 4, 5, 6, 8, 10, 16, 20, 21, 23, 24, 27, 100, 182, 218, 280], "summary": {"covered_lines": 16, "num_statements": 16, "percent_covered": 100.0, "percent_covered_display": "100", "missing_lines": 0, "excluded_lines": 0}, "missing_lines": [], "excluded_lines": []}}, "classes": {"": {"executed_lines": [1, 3, 4, 5, 6, 8, 10, 16, 20, 21, 23, 24, 27, 100, 122, 123, 124, 126, 127, 130, 182, 218, 280], "summary": {"covered_lines": 22, "num_statements": 149, "percent_covered": 14.765100671140939, "percent_covered_display": "15", "missing_lines": 127, "excluded_lines": 3}, "missing_lines": [29, 30, 33, 34, 38, 39, 40, 41, 43, 44, 49, 50, 51, 58, 62, 63, 64, 65, 66, 67, 68, 69, 70, 72, 74, 75, 76, 80, 84, 92, 96, 97, 132, 137, 139, 140, 144, 148, 151, 152, 153, 154, 155, 156, 157, 158, 159, 160, 161, 162, 163, 164, 166, 167, 168, 169, 170, 171, 172, 173, 174, 175, 176, 184, 185, 186, 187, 190, 191, 192, 193, 194, 195, 199, 200, 201, 203, 204, 205, 206, 207, 209, 210, 213, 215, 223, 224, 226, 228, 229, 233, 236, 237, 238, 239, 241, 242, 245, 246, 247, 248, 250, 251, 253, 257, 258, 262, 264, 267, 277, 297, 298, 301, 302, 303, 304, 307, 308, 310, 311, 314, 317, 318, 320, 321, 323, 326], "excluded_lines": [101, 254, 255]}}}, "local_packages/image-annotator-lib/src/image_annotator_lib/core/base/__init__.py": {"executed_lines": [1, 3, 4, 5, 6, 7, 8, 9, 11], "summary": {"covered_lines": 8, "num_statements": 8, "percent_covered": 100.0, "percent_covered_display": "100", "missing_lines": 0, "excluded_lines": 0}, "missing_lines": [], "excluded_lines": [], "functions": {"": {"executed_lines": [1, 3, 4, 5, 6, 7, 8, 9, 11], "summary": {"covered_lines": 8, "num_statements": 8, "percent_covered": 100.0, "percent_covered_display": "100", "missing_lines": 0, "excluded_lines": 0}, "missing_lines": [], "excluded_lines": []}}, "classes": {"": {"executed_lines": [1, 3, 4, 5, 6, 7, 8, 9, 11], "summary": {"covered_lines": 8, "num_statements": 8, "percent_covered": 100.0, "percent_covered_display": "100", "missing_lines": 0, "excluded_lines": 0}, "missing_lines": [], "excluded_lines": []}}}, "local_packages/image-annotator-lib/src/image_annotator_lib/core/base/annotator.py": {"executed_lines": [1, 3, 4, 5, 7, 8, 11, 12, 13, 14, 15, 18, 19, 25, 37, 39, 42, 43, 44, 46, 63, 65, 67, 68, 72, 73, 79, 80, 91, 92, 103, 104, 115, 116, 127, 139, 140, 141, 142, 143, 145, 146, 147, 148, 151, 152, 153, 154, 157, 158, 159, 160, 163, 164, 166, 167, 169, 176, 178, 184, 186, 187, 188, 194, 196, 197, 199, 200, 206, 207, 208, 210, 211, 217, 219, 221, 238, 239, 240, 242, 243, 244, 246, 255, 256, 257, 258, 259, 260], "summary": {"covered_lines": 74, "num_statements": 74, "percent_covered": 100.0, "percent_covered_display": "100", "missing_lines": 0, "excluded_lines": 55}, "missing_lines": [], "excluded_lines": [11, 67, 68, 69, 70, 72, 73, 74, 75, 76, 77, 79, 80, 81, 82, 83, 84, 85, 86, 87, 88, 89, 91, 92, 93, 94, 95, 96, 97, 98, 99, 100, 101, 103, 104, 105, 106, 107, 108, 109, 110, 111, 112, 113, 115, 116, 117, 118, 119, 120, 121, 122, 123, 124, 125], "functions": {"BaseAnnotator.__init__": {"executed_lines": [37, 39, 42, 43, 44], "summary": {"covered_lines": 5, "num_statements": 5, "percent_covered": 100.0, "percent_covered_display": "100", "missing_lines": 0, "excluded_lines": 0}, "missing_lines": [], "excluded_lines": []}, "BaseAnnotator._validate_device": {"executed_lines": [63, 65], "summary": {"covered_lines": 2, "num_statements": 2, "percent_covered": 100.0, "percent_covered_display": "100", "missing_lines": 0, "excluded_lines": 0}, "missing_lines": [], "excluded_lines": []}, "BaseAnnotator.__enter__": {"executed_lines": [], "summary": {"covered_lines": 0, "num_statements": 0, "percent_covered": 100.0, "percent_covered_display": "100", "missing_lines": 0, "excluded_lines": 2}, "missing_lines": [], "excluded_lines": [69, 70]}, "BaseAnnotator.__exit__": {"executed_lines": [], "summary": {"covered_lines": 0, "num_statements": 0, "percent_covered": 100.0, "percent_covered_display": "100", "missing_lines": 0, "excluded_lines": 2}, "missing_lines": [], "excluded_lines": [76, 77]}, "BaseAnnotator._preprocess_images": {"executed_lines": [], "summary": {"covered_lines": 0, "num_statements": 0, "percent_covered": 100.0, "percent_covered_display": "100", "missing_lines": 0, "excluded_lines": 9}, "missing_lines": [], "excluded_lines": [81, 82, 83, 84, 85, 86, 87, 88, 89]}, "BaseAnnotator._run_inference": {"executed_lines": [], "summary": {"covered_lines": 0, "num_statements": 0, "percent_covered": 100.0, "percent_covered_display": "100", "missing_lines": 0, "excluded_lines": 9}, "missing_lines": [], "excluded_lines": [93, 94, 95, 96, 97, 98, 99, 100, 101]}, "BaseAnnotator._format_predictions": {"executed_lines": [], "summary": {"covered_lines": 0, "num_statements": 0, "percent_covered": 100.0, "percent_covered_display": "100", "missing_lines": 0, "excluded_lines": 9}, "missing_lines": [], "excluded_lines": [105, 106, 107, 108, 109, 110, 111, 112, 113]}, "BaseAnnotator._generate_tags": {"executed_lines": [], "summary": {"covered_lines": 0, "num_statements": 0, "percent_covered": 100.0, "percent_covered_display": "100", "missing_lines": 0, "excluded_lines": 9}, "missing_lines": [], "excluded_lines": [117, 118, 119, 120, 121, 122, 123, 124, 125]}, "BaseAnnotator.predict": {"executed_lines": [139, 140, 141, 142, 143, 145, 146, 147, 148, 151, 152, 153, 154, 157, 158, 159, 160, 163, 164, 166, 167, 169, 176, 178, 184, 186, 187, 188, 194, 196, 197, 199, 200, 206, 207, 208, 210, 211, 217, 219], "summary": {"covered_lines": 40, "num_statements": 40, "percent_covered": 100.0, "percent_covered_display": "100", "missing_lines": 0, "excluded_lines": 0}, "missing_lines": [], "excluded_lines": []}, "BaseAnnotator._load_config_from_registry": {"executed_lines": [238, 239, 240, 242, 243, 244], "summary": {"covered_lines": 6, "num_statements": 6, "percent_covered": 100.0, "percent_covered_display": "100", "missing_lines": 0, "excluded_lines": 0}, "missing_lines": [], "excluded_lines": []}, "BaseAnnotator._calculate_phash": {"executed_lines": [255, 256, 257, 258, 259, 260], "summary": {"covered_lines": 6, "num_statements": 6, "percent_covered": 100.0, "percent_covered_display": "100", "missing_lines": 0, "excluded_lines": 0}, "missing_lines": [], "excluded_lines": []}, "": {"executed_lines": [1, 3, 4, 5, 7, 8, 11, 12, 13, 14, 15, 18, 19, 25, 46, 67, 68, 72, 73, 79, 80, 91, 92, 103, 104, 115, 116, 127, 221, 246], "summary": {"covered_lines": 15, "num_statements": 15, "percent_covered": 100.0, "percent_covered_display": "100", "missing_lines": 0, "excluded_lines": 15}, "missing_lines": [], "excluded_lines": [11, 67, 68, 72, 73, 74, 75, 79, 80, 91, 92, 103, 104, 115, 116]}}, "classes": {"BaseAnnotator": {"executed_lines": [37, 39, 42, 43, 44, 63, 65, 139, 140, 141, 142, 143, 145, 146, 147, 148, 151, 152, 153, 154, 157, 158, 159, 160, 163, 164, 166, 167, 169, 176, 178, 184, 186, 187, 188, 194, 196, 197, 199, 200, 206, 207, 208, 210, 211, 217, 219, 238, 239, 240, 242, 243, 244, 255, 256, 257, 258, 259, 260], "summary": {"covered_lines": 59, "num_statements": 59, "percent_covered": 100.0, "percent_covered_display": "100", "missing_lines": 0, "excluded_lines": 40}, "missing_lines": [], "excluded_lines": [69, 70, 76, 77, 81, 82, 83, 84, 85, 86, 87, 88, 89, 93, 94, 95, 96, 97, 98, 99, 100, 101, 105, 106, 107, 108, 109, 110, 111, 112, 113, 117, 118, 119, 120, 121, 122, 123, 124, 125]}, "": {"executed_lines": [1, 3, 4, 5, 7, 8, 11, 12, 13, 14, 15, 18, 19, 25, 46, 67, 68, 72, 73, 79, 80, 91, 92, 103, 104, 115, 116, 127, 221, 246], "summary": {"covered_lines": 15, "num_statements": 15, "percent_covered": 100.0, "percent_covered_display": "100", "missing_lines": 0, "excluded_lines": 15}, "missing_lines": [], "excluded_lines": [11, 67, 68, 72, 73, 74, 75, 79, 80, 91, 92, 103, 104, 115, 116]}}}, "local_packages/image-annotator-lib/src/image_annotator_lib/core/base/clip.py": {"executed_lines": [1, 3, 4, 6, 7, 10, 11, 12, 13, 14, 15, 18, 19, 21, 22, 24, 25, 29, 31, 33, 34, 35, 37, 39, 47, 48, 49, 59, 61, 65, 66, 67, 68, 71, 77, 93, 121, 174, 175, 179], "summary": {"covered_lines": 35, "num_statements": 95, "percent_covered": 36.8421052631579, "percent_covered_display": "37", "missing_lines": 60, "excluded_lines": 5}, "missing_lines": [36, 38, 51, 52, 53, 54, 55, 56, 57, 58, 73, 74, 75, 79, 84, 85, 86, 87, 88, 89, 90, 91, 95, 100, 101, 102, 104, 105, 107, 108, 109, 110, 111, 112, 113, 114, 115, 116, 117, 118, 119, 123, 125, 127, 128, 129, 131, 132, 133, 148, 150, 151, 152, 153, 155, 164, 165, 181, 185, 186], "excluded_lines": [10, 174, 175, 176, 177], "functions": {"ClipBaseAnnotator.__init__": {"executed_lines": [22, 24, 25, 29], "summary": {"covered_lines": 4, "num_statements": 4, "percent_covered": 100.0, "percent_covered_display": "100", "missing_lines": 0, "excluded_lines": 0}, "missing_lines": [], "excluded_lines": []}, "ClipBaseAnnotator.__enter__": {"executed_lines": [33, 34, 35, 37, 39, 47, 48, 49, 59], "summary": {"covered_lines": 9, "num_statements": 19, "percent_covered": 47.36842105263158, "percent_covered_display": "47", "missing_lines": 10, "excluded_lines": 0}, "missing_lines": [36, 38, 51, 52, 53, 54, 55, 56, 57, 58], "excluded_lines": []}, "ClipBaseAnnotator.__exit__": {"executed_lines": [65, 66, 67, 68, 71], "summary": {"covered_lines": 5, "num_statements": 8, "percent_covered": 62.5, "percent_covered_display": "62", "missing_lines": 3, "excluded_lines": 0}, "missing_lines": [73, 74, 75], "excluded_lines": []}, "ClipBaseAnnotator._preprocess_images": {"executed_lines": [], "summary": {"covered_lines": 0, "num_statements": 9, "percent_covered": 0.0, "percent_covered_display": "0", "missing_lines": 9, "excluded_lines": 0}, "missing_lines": [79, 84, 85, 86, 87, 88, 89, 90, 91], "excluded_lines": []}, "ClipBaseAnnotator._run_inference": {"executed_lines": [], "summary": {"covered_lines": 0, "num_statements": 19, "percent_covered": 0.0, "percent_covered_display": "0", "missing_lines": 19, "excluded_lines": 0}, "missing_lines": [95, 100, 101, 102, 104, 105, 107, 108, 109, 110, 111, 112, 113, 114, 115, 116, 117, 118, 119], "excluded_lines": []}, "ClipBaseAnnotator._format_predictions": {"executed_lines": [], "summary": {"covered_lines": 0, "num_statements": 16, "percent_covered": 0.0, "percent_covered_display": "0", "missing_lines": 16, "excluded_lines": 0}, "missing_lines": [123, 125, 127, 128, 129, 131, 132, 133, 148, 150, 151, 152, 153, 155, 164, 165], "excluded_lines": []}, "ClipBaseAnnotator._get_score_tag": {"executed_lines": [], "summary": {"covered_lines": 0, "num_statements": 0, "percent_covered": 100.0, "percent_covered_display": "100", "missing_lines": 0, "excluded_lines": 2}, "missing_lines": [], "excluded_lines": [176, 177]}, "ClipBaseAnnotator._generate_tags": {"executed_lines": [], "summary": {"covered_lines": 0, "num_statements": 3, "percent_covered": 0.0, "percent_covered_display": "0", "missing_lines": 3, "excluded_lines": 0}, "missing_lines": [181, 185, 186], "excluded_lines": []}, "": {"executed_lines": [1, 3, 4, 6, 7, 10, 11, 12, 13, 14, 15, 18, 19, 21, 31, 61, 77, 93, 121, 174, 175, 179], "summary": {"covered_lines": 17, "num_statements": 17, "percent_covered": 100.0, "percent_covered_display": "100", "missing_lines": 0, "excluded_lines": 3}, "missing_lines": [], "excluded_lines": [10, 174, 175]}}, "classes": {"ClipBaseAnnotator": {"executed_lines": [22, 24, 25, 29, 33, 34, 35, 37, 39, 47, 48, 49, 59, 65, 66, 67, 68, 71], "summary": {"covered_lines": 18, "num_statements": 78, "percent_covered": 23.076923076923077, "percent_covered_display": "23", "missing_lines": 60, "excluded_lines": 2}, "missing_lines": [36, 38, 51, 52, 53, 54, 55, 56, 57, 58, 73, 74, 75, 79, 84, 85, 86, 87, 88, 89, 90, 91, 95, 100, 101, 102, 104, 105, 107, 108, 109, 110, 111, 112, 113, 114, 115, 116, 117, 118, 119, 123, 125, 127, 128, 129, 131, 132, 133, 148, 150, 151, 152, 153, 155, 164, 165, 181, 185, 186], "excluded_lines": [176, 177]}, "": {"executed_lines": [1, 3, 4, 6, 7, 10, 11, 12, 13, 14, 15, 18, 19, 21, 31, 61, 77, 93, 121, 174, 175, 179], "summary": {"covered_lines": 17, "num_statements": 17, "percent_covered": 100.0, "percent_covered_display": "100", "missing_lines": 0, "excluded_lines": 3}, "missing_lines": [], "excluded_lines": [10, 174, 175]}}}, "local_packages/image-annotator-lib/src/image_annotator_lib/core/base/onnx.py": {"executed_lines": [1, 3, 4, 6, 7, 10, 11, 12, 13, 14, 17, 18, 20, 21, 22, 23, 24, 26, 28, 32, 33, 35, 36, 37, 38, 40, 42, 43, 44, 46, 48, 52, 53, 54, 57, 58, 61, 62, 66, 70, 71, 72, 73, 74, 75, 76, 79, 81, 85, 87, 88, 89, 91, 101, 111, 112, 113, 114, 125, 136, 137, 140, 141, 142, 145, 148, 149, 150, 151, 154, 155, 158, 159, 160, 161, 162, 165, 166, 169, 184, 213, 215, 217, 218, 220, 221, 222, 223, 229, 230, 231, 237, 238, 247, 250, 251, 253, 257, 259, 262, 263, 264, 268, 271, 273, 274, 275, 276, 277, 278, 280, 281, 283, 284, 288, 289, 290, 292, 296, 297, 298, 299, 300, 302, 303, 304, 305, 306, 316, 318, 322, 323, 324, 325, 326, 328], "summary": {"covered_lines": 131, "num_statements": 182, "percent_covered": 71.97802197802197, "percent_covered_display": "72", "missing_lines": 51, "excluded_lines": 5}, "missing_lines": [34, 41, 59, 78, 92, 93, 102, 103, 116, 117, 126, 129, 186, 187, 188, 191, 193, 194, 195, 196, 197, 203, 204, 206, 207, 208, 209, 211, 216, 240, 241, 244, 245, 248, 260, 265, 266, 267, 269, 286, 307, 308, 309, 310, 311, 312, 314, 315, 330, 331, 332], "excluded_lines": [10, 61, 62, 63, 64], "functions": {"ONNXBaseAnnotator.__init__": {"executed_lines": [21, 22, 23, 24, 26], "summary": {"covered_lines": 5, "num_statements": 5, "percent_covered": 100.0, "percent_covered_display": "100", "missing_lines": 0, "excluded_lines": 0}, "missing_lines": [], "excluded_lines": []}, "ONNXBaseAnnotator.__enter__": {"executed_lines": [32, 33, 35, 36, 37, 38, 40, 42, 43, 44, 46], "summary": {"covered_lines": 11, "num_statements": 13, "percent_covered": 84.61538461538461, "percent_covered_display": "85", "missing_lines": 2, "excluded_lines": 0}, "missing_lines": [34, 41], "excluded_lines": []}, "ONNXBaseAnnotator.__exit__": {"executed_lines": [52, 53, 54, 57, 58], "summary": {"covered_lines": 5, "num_statements": 6, "percent_covered": 83.33333333333333, "percent_covered_display": "83", "missing_lines": 1, "excluded_lines": 0}, "missing_lines": [59], "excluded_lines": []}, "ONNXBaseAnnotator._load_tags": {"executed_lines": [], "summary": {"covered_lines": 0, "num_statements": 0, "percent_covered": 100.0, "percent_covered_display": "100", "missing_lines": 0, "excluded_lines": 2}, "missing_lines": [], "excluded_lines": [63, 64]}, "ONNXBaseAnnotator._extract_category_tags": {"executed_lines": [70, 71, 72, 73, 74, 75, 76, 79], "summary": {"covered_lines": 8, "num_statements": 9, "percent_covered": 88.88888888888889, "percent_covered_display": "89", "missing_lines": 1, "excluded_lines": 0}, "missing_lines": [78], "excluded_lines": []}, "ONNXBaseAnnotator._format_predictions_single": {"executed_lines": [85, 87, 88, 89, 91, 101, 111, 112, 113, 114, 125, 136, 137, 140, 141, 142, 145, 148, 149, 150, 151, 154, 155, 158, 159, 160, 161, 162, 165, 166, 169], "summary": {"covered_lines": 31, "num_statements": 39, "percent_covered": 79.48717948717949, "percent_covered_display": "79", "missing_lines": 8, "excluded_lines": 0}, "missing_lines": [92, 93, 102, 103, 116, 117, 126, 129], "excluded_lines": []}, "ONNXBaseAnnotator._generate_tags_single": {"executed_lines": [], "summary": {"covered_lines": 0, "num_statements": 16, "percent_covered": 0.0, "percent_covered_display": "0", "missing_lines": 16, "excluded_lines": 0}, "missing_lines": [186, 187, 188, 191, 193, 194, 195, 196, 197, 203, 204, 206, 207, 208, 209, 211], "excluded_lines": []}, "ONNXBaseAnnotator._analyze_model_input_format": {"executed_lines": [215, 217, 218, 220, 221, 222, 223, 229, 230, 231, 237, 238, 247, 250, 251, 253], "summary": {"covered_lines": 16, "num_statements": 22, "percent_covered": 72.72727272727273, "percent_covered_display": "73", "missing_lines": 6, "excluded_lines": 0}, "missing_lines": [216, 240, 241, 244, 245, 248], "excluded_lines": []}, "ONNXBaseAnnotator._preprocess_images": {"executed_lines": [259, 262, 263, 264, 268, 271, 273, 274, 275, 276, 277, 278, 280, 281, 283, 284, 288, 289, 290], "summary": {"covered_lines": 19, "num_statements": 25, "percent_covered": 76.0, "percent_covered_display": "76", "missing_lines": 6, "excluded_lines": 0}, "missing_lines": [260, 265, 266, 267, 269, 286], "excluded_lines": []}, "ONNXBaseAnnotator._run_inference": {"executed_lines": [296, 297, 298, 299, 300, 302, 303, 304, 305, 306, 316], "summary": {"covered_lines": 11, "num_statements": 19, "percent_covered": 57.89473684210526, "percent_covered_display": "58", "missing_lines": 8, "excluded_lines": 0}, "missing_lines": [307, 308, 309, 310, 311, 312, 314, 315], "excluded_lines": []}, "ONNXBaseAnnotator._format_predictions": {"executed_lines": [322, 323, 324, 325, 326], "summary": {"covered_lines": 5, "num_statements": 5, "percent_covered": 100.0, "percent_covered_display": "100", "missing_lines": 0, "excluded_lines": 0}, "missing_lines": [], "excluded_lines": []}, "ONNXBaseAnnotator._generate_tags": {"executed_lines": [], "summary": {"covered_lines": 0, "num_statements": 3, "percent_covered": 0.0, "percent_covered_display": "0", "missing_lines": 3, "excluded_lines": 0}, "missing_lines": [330, 331, 332], "excluded_lines": []}, "": {"executed_lines": [1, 3, 4, 6, 7, 10, 11, 12, 13, 14, 17, 18, 20, 28, 48, 61, 62, 66, 81, 184, 213, 257, 292, 318, 328], "summary": {"covered_lines": 20, "num_statements": 20, "percent_covered": 100.0, "percent_covered_display": "100", "missing_lines": 0, "excluded_lines": 3}, "missing_lines": [], "excluded_lines": [10, 61, 62]}}, "classes": {"ONNXBaseAnnotator": {"executed_lines": [21, 22, 23, 24, 26, 32, 33, 35, 36, 37, 38, 40, 42, 43, 44, 46, 52, 53, 54, 57, 58, 70, 71, 72, 73, 74, 75, 76, 79, 85, 87, 88, 89, 91, 101, 111, 112, 113, 114, 125, 136, 137, 140, 141, 142, 145, 148, 149, 150, 151, 154, 155, 158, 159, 160, 161, 162, 165, 166, 169, 215, 217, 218, 220, 221, 222, 223, 229, 230, 231, 237, 238, 247, 250, 251, 253, 259, 262, 263, 264, 268, 271, 273, 274, 275, 276, 277, 278, 280, 281, 283, 284, 288, 289, 290, 296, 297, 298, 299, 300, 302, 303, 304, 305, 306, 316, 322, 323, 324, 325, 326], "summary": {"covered_lines": 111, "num_statements": 162, "percent_covered": 68.51851851851852, "percent_covered_display": "69", "missing_lines": 51, "excluded_lines": 2}, "missing_lines": [34, 41, 59, 78, 92, 93, 102, 103, 116, 117, 126, 129, 186, 187, 188, 191, 193, 194, 195, 196, 197, 203, 204, 206, 207, 208, 209, 211, 216, 240, 241, 244, 245, 248, 260, 265, 266, 267, 269, 286, 307, 308, 309, 310, 311, 312, 314, 315, 330, 331, 332], "excluded_lines": [63, 64]}, "": {"executed_lines": [1, 3, 4, 6, 7, 10, 11, 12, 13, 14, 17, 18, 20, 28, 48, 61, 62, 66, 81, 184, 213, 257, 292, 318, 328], "summary": {"covered_lines": 20, "num_statements": 20, "percent_covered": 100.0, "percent_covered_display": "100", "missing_lines": 0, "excluded_lines": 3}, "missing_lines": [], "excluded_lines": [10, 61, 62]}}}, "local_packages/image-annotator-lib/src/image_annotator_lib/core/base/pipeline.py": {"executed_lines": [1, 3, 5, 8, 9, 10, 11, 12, 13, 16, 17, 19, 20, 21, 22, 24, 26, 30, 32, 34, 37, 46, 47, 48, 49, 51, 54, 59, 60, 64, 68, 70, 74, 75, 78, 80, 82, 84, 86, 87, 89, 90, 95], "summary": {"covered_lines": 40, "num_statements": 48, "percent_covered": 83.33333333333333, "percent_covered_display": "83", "missing_lines": 8, "excluded_lines": 1}, "missing_lines": [31, 33, 35, 88, 91, 92, 93, 99], "excluded_lines": [8], "functions": {"PipelineBaseAnnotator.__init__": {"executed_lines": [20, 21, 22, 24], "summary": {"covered_lines": 4, "num_statements": 4, "percent_covered": 100.0, "percent_covered_display": "100", "missing_lines": 0, "excluded_lines": 0}, "missing_lines": [], "excluded_lines": []}, "PipelineBaseAnnotator.__enter__": {"executed_lines": [30, 32, 34, 37, 46, 47, 48, 49, 51, 54, 59, 60, 64, 68], "summary": {"covered_lines": 14, "num_statements": 17, "percent_covered": 82.3529411764706, "percent_covered_display": "82", "missing_lines": 3, "excluded_lines": 0}, "missing_lines": [31, 33, 35], "excluded_lines": []}, "PipelineBaseAnnotator.__exit__": {"executed_lines": [74, 75, 78], "summary": {"covered_lines": 3, "num_statements": 3, "percent_covered": 100.0, "percent_covered_display": "100", "missing_lines": 0, "excluded_lines": 0}, "missing_lines": [], "excluded_lines": []}, "PipelineBaseAnnotator._preprocess_images": {"executed_lines": [82], "summary": {"covered_lines": 1, "num_statements": 1, "percent_covered": 100.0, "percent_covered_display": "100", "missing_lines": 0, "excluded_lines": 0}, "missing_lines": [], "excluded_lines": []}, "PipelineBaseAnnotator._run_inference": {"executed_lines": [86, 87, 89, 90], "summary": {"covered_lines": 4, "num_statements": 8, "percent_covered": 50.0, "percent_covered_display": "50", "missing_lines": 4, "excluded_lines": 0}, "missing_lines": [88, 91, 92, 93], "excluded_lines": []}, "PipelineBaseAnnotator._format_predictions": {"executed_lines": [], "summary": {"covered_lines": 0, "num_statements": 1, "percent_covered": 0.0, "percent_covered_display": "0", "missing_lines": 1, "excluded_lines": 0}, "missing_lines": [99], "excluded_lines": []}, "": {"executed_lines": [1, 3, 5, 8, 9, 10, 11, 12, 13, 16, 17, 19, 26, 70, 80, 84, 95], "summary": {"covered_lines": 14, "num_statements": 14, "percent_covered": 100.0, "percent_covered_display": "100", "missing_lines": 0, "excluded_lines": 1}, "missing_lines": [], "excluded_lines": [8]}}, "classes": {"PipelineBaseAnnotator": {"executed_lines": [20, 21, 22, 24, 30, 32, 34, 37, 46, 47, 48, 49, 51, 54, 59, 60, 64, 68, 74, 75, 78, 82, 86, 87, 89, 90], "summary": {"covered_lines": 26, "num_statements": 34, "percent_covered": 76.47058823529412, "percent_covered_display": "76", "missing_lines": 8, "excluded_lines": 0}, "missing_lines": [31, 33, 35, 88, 91, 92, 93, 99], "excluded_lines": []}, "": {"executed_lines": [1, 3, 5, 8, 9, 10, 11, 12, 13, 16, 17, 19, 26, 70, 80, 84, 95], "summary": {"covered_lines": 14, "num_statements": 14, "percent_covered": 100.0, "percent_covered_display": "100", "missing_lines": 0, "excluded_lines": 1}, "missing_lines": [], "excluded_lines": [8]}}}, "local_packages/image-annotator-lib/src/image_annotator_lib/core/base/pydantic_ai_annotator.py": {"executed_lines": [1, 9, 10, 11, 12, 13, 14, 15, 17, 18, 19, 20, 21, 23, 24, 25, 26, 27, 30, 31, 32, 35, 36, 39, 49, 50, 51, 52, 55, 58, 59, 60, 63, 64, 66, 67, 69, 70, 73, 74, 77, 78, 79, 82, 84, 86, 105, 106, 108, 114, 115, 117, 129, 131, 132, 134, 141, 142, 143, 144, 146, 150, 153, 156, 158, 159, 161, 170, 173, 175, 176, 178, 179, 180, 183, 184, 198, 199, 200, 201, 203, 205, 206, 210, 213, 214, 216, 218, 220, 222, 226, 228, 242, 244, 245, 248, 250, 255, 269, 271, 272, 274, 276, 296, 308, 350, 390, 398, 402, 406, 410, 419], "summary": {"covered_lines": 107, "num_statements": 186, "percent_covered": 57.526881720430104, "percent_covered_display": "58", "missing_lines": 79, "excluded_lines": 1}, "missing_lines": [110, 111, 112, 145, 147, 151, 154, 171, 207, 215, 217, 219, 221, 223, 257, 258, 267, 280, 281, 284, 285, 286, 287, 289, 290, 291, 292, 294, 300, 301, 303, 304, 306, 312, 314, 315, 317, 318, 321, 323, 324, 325, 326, 328, 329, 338, 344, 345, 346, 348, 354, 355, 358, 359, 360, 363, 364, 365, 366, 368, 369, 372, 375, 376, 377, 378, 382, 388, 392, 394, 395, 400, 404, 408, 412, 413, 414, 415, 416], "excluded_lines": [23], "functions": {"AdvancedAgentFactory.create_optimized_agent": {"executed_lines": [73, 74, 77, 78, 79, 82, 84, 86, 105, 106, 108], "summary": {"covered_lines": 11, "num_statements": 14, "percent_covered": 78.57142857142857, "percent_covered_display": "79", "missing_lines": 3, "excluded_lines": 0}, "missing_lines": [110, 111, 112], "excluded_lines": []}, "AdvancedAgentFactory._calculate_config_hash": {"executed_lines": [117, 129], "summary": {"covered_lines": 2, "num_statements": 2, "percent_covered": 100.0, "percent_covered_display": "100", "missing_lines": 0, "excluded_lines": 0}, "missing_lines": [], "excluded_lines": []}, "AdvancedAgentFactory._build_system_prompts": {"executed_lines": [134, 141, 142, 143, 144, 146, 150, 153, 156], "summary": {"covered_lines": 9, "num_statements": 13, "percent_covered": 69.23076923076923, "percent_covered_display": "69", "missing_lines": 4, "excluded_lines": 0}, "missing_lines": [145, 147, 151, 154], "excluded_lines": []}, "AdvancedAgentFactory._build_instructions": {"executed_lines": [161, 170, 173], "summary": {"covered_lines": 3, "num_statements": 4, "percent_covered": 75.0, "percent_covered_display": "75", "missing_lines": 1, "excluded_lines": 0}, "missing_lines": [171], "excluded_lines": []}, "AdvancedAgentFactory.clear_cache": {"executed_lines": [178, 179, 180], "summary": {"covered_lines": 3, "num_statements": 3, "percent_covered": 100.0, "percent_covered_display": "100", "missing_lines": 0, "excluded_lines": 0}, "missing_lines": [], "excluded_lines": []}, "PydanticAIWebAPIAnnotator.__init__": {"executed_lines": [199, 200, 201], "summary": {"covered_lines": 3, "num_statements": 3, "percent_covered": 100.0, "percent_covered_display": "100", "missing_lines": 0, "excluded_lines": 0}, "missing_lines": [], "excluded_lines": []}, "PydanticAIWebAPIAnnotator._build_agent_config": {"executed_lines": [205, 206, 210, 213, 214, 216, 218, 220, 222, 226, 228], "summary": {"covered_lines": 11, "num_statements": 17, "percent_covered": 64.70588235294117, "percent_covered_display": "65", "missing_lines": 6, "excluded_lines": 0}, "missing_lines": [207, 215, 217, 219, 221, 223], "excluded_lines": []}, "PydanticAIWebAPIAnnotator.__enter__": {"executed_lines": [244, 245, 248, 250, 255], "summary": {"covered_lines": 5, "num_statements": 8, "percent_covered": 62.5, "percent_covered_display": "62", "missing_lines": 3, "excluded_lines": 0}, "missing_lines": [257, 258, 267], "excluded_lines": []}, "PydanticAIWebAPIAnnotator.__exit__": {"executed_lines": [271, 272, 274], "summary": {"covered_lines": 3, "num_statements": 3, "percent_covered": 100.0, "percent_covered_display": "100", "missing_lines": 0, "excluded_lines": 0}, "missing_lines": [], "excluded_lines": []}, "PydanticAIWebAPIAnnotator.predict": {"executed_lines": [], "summary": {"covered_lines": 0, "num_statements": 11, "percent_covered": 0.0, "percent_covered_display": "0", "missing_lines": 11, "excluded_lines": 0}, "missing_lines": [280, 281, 284, 285, 286, 287, 289, 290, 291, 292, 294], "excluded_lines": []}, "PydanticAIWebAPIAnnotator.predict_async": {"executed_lines": [], "summary": {"covered_lines": 0, "num_statements": 5, "percent_covered": 0.0, "percent_covered_display": "0", "missing_lines": 5, "excluded_lines": 0}, "missing_lines": [300, 301, 303, 304, 306], "excluded_lines": []}, "PydanticAIWebAPIAnnotator._predict_streaming": {"executed_lines": [], "summary": {"covered_lines": 0, "num_statements": 17, "percent_covered": 0.0, "percent_covered_display": "0", "missing_lines": 17, "excluded_lines": 0}, "missing_lines": [312, 314, 315, 317, 318, 321, 323, 324, 325, 326, 328, 329, 338, 344, 345, 346, 348], "excluded_lines": []}, "PydanticAIWebAPIAnnotator._predict_batch": {"executed_lines": [], "summary": {"covered_lines": 0, "num_statements": 18, "percent_covered": 0.0, "percent_covered_display": "0", "missing_lines": 18, "excluded_lines": 0}, "missing_lines": [354, 355, 358, 359, 360, 363, 364, 365, 366, 368, 369, 372, 375, 376, 377, 378, 382, 388], "excluded_lines": []}, "PydanticAIWebAPIAnnotator._image_to_binary_content": {"executed_lines": [], "summary": {"covered_lines": 0, "num_statements": 3, "percent_covered": 0.0, "percent_covered_display": "0", "missing_lines": 3, "excluded_lines": 0}, "missing_lines": [392, 394, 395], "excluded_lines": []}, "PydanticAIWebAPIAnnotator._preprocess_images": {"executed_lines": [], "summary": {"covered_lines": 0, "num_statements": 1, "percent_covered": 0.0, "percent_covered_display": "0", "missing_lines": 1, "excluded_lines": 0}, "missing_lines": [400], "excluded_lines": []}, "PydanticAIWebAPIAnnotator._run_inference": {"executed_lines": [], "summary": {"covered_lines": 0, "num_statements": 1, "percent_covered": 0.0, "percent_covered_display": "0", "missing_lines": 1, "excluded_lines": 0}, "missing_lines": [404], "excluded_lines": []}, "PydanticAIWebAPIAnnotator._format_predictions": {"executed_lines": [], "summary": {"covered_lines": 0, "num_statements": 1, "percent_covered": 0.0, "percent_covered_display": "0", "missing_lines": 1, "excluded_lines": 0}, "missing_lines": [408], "excluded_lines": []}, "PydanticAIWebAPIAnnotator._generate_tags": {"executed_lines": [], "summary": {"covered_lines": 0, "num_statements": 5, "percent_covered": 0.0, "percent_covered_display": "0", "missing_lines": 5, "excluded_lines": 0}, "missing_lines": [412, 413, 414, 415, 416], "excluded_lines": []}, "": {"executed_lines": [1, 9, 10, 11, 12, 13, 14, 15, 17, 18, 19, 20, 21, 23, 24, 25, 26, 27, 30, 31, 32, 35, 36, 39, 49, 50, 51, 52, 55, 58, 59, 60, 63, 64, 66, 67, 69, 70, 114, 115, 131, 132, 158, 159, 175, 176, 183, 184, 198, 203, 242, 269, 276, 296, 308, 350, 390, 398, 402, 406, 410, 419], "summary": {"covered_lines": 57, "num_statements": 57, "percent_covered": 100.0, "percent_covered_display": "100", "missing_lines": 0, "excluded_lines": 1}, "missing_lines": [], "excluded_lines": [23]}}, "classes": {"AnnotationAgentConfig": {"executed_lines": [], "summary": {"covered_lines": 0, "num_statements": 0, "percent_covered": 100.0, "percent_covered_display": "100", "missing_lines": 0, "excluded_lines": 0}, "missing_lines": [], "excluded_lines": []}, "AdvancedAgentFactory": {"executed_lines": [73, 74, 77, 78, 79, 82, 84, 86, 105, 106, 108, 117, 129, 134, 141, 142, 143, 144, 146, 150, 153, 156, 161, 170, 173, 178, 179, 180], "summary": {"covered_lines": 28, "num_statements": 36, "percent_covered": 77.77777777777777, "percent_covered_display": "78", "missing_lines": 8, "excluded_lines": 0}, "missing_lines": [110, 111, 112, 145, 147, 151, 154, 171], "excluded_lines": []}, "PydanticAIWebAPIAnnotator": {"executed_lines": [199, 200, 201, 205, 206, 210, 213, 214, 216, 218, 220, 222, 226, 228, 244, 245, 248, 250, 255, 271, 272, 274], "summary": {"covered_lines": 22, "num_statements": 93, "percent_covered": 23.655913978494624, "percent_covered_display": "24", "missing_lines": 71, "excluded_lines": 0}, "missing_lines": [207, 215, 217, 219, 221, 223, 257, 258, 267, 280, 281, 284, 285, 286, 287, 289, 290, 291, 292, 294, 300, 301, 303, 304, 306, 312, 314, 315, 317, 318, 321, 323, 324, 325, 326, 328, 329, 338, 344, 345, 346, 348, 354, 355, 358, 359, 360, 363, 364, 365, 366, 368, 369, 372, 375, 376, 377, 378, 382, 388, 392, 394, 395, 400, 404, 408, 412, 413, 414, 415, 416], "excluded_lines": []}, "": {"executed_lines": [1, 9, 10, 11, 12, 13, 14, 15, 17, 18, 19, 20, 21, 23, 24, 25, 26, 27, 30, 31, 32, 35, 36, 39, 49, 50, 51, 52, 55, 58, 59, 60, 63, 64, 66, 67, 69, 70, 114, 115, 131, 132, 158, 159, 175, 176, 183, 184, 198, 203, 242, 269, 276, 296, 308, 350, 390, 398, 402, 406, 410, 419], "summary": {"covered_lines": 57, "num_statements": 57, "percent_covered": 100.0, "percent_covered_display": "100", "missing_lines": 0, "excluded_lines": 1}, "missing_lines": [], "excluded_lines": [23]}}}, "local_packages/image-annotator-lib/src/image_annotator_lib/core/base/tensorflow.py": {"executed_lines": [1, 3, 4, 5, 7, 8, 9, 12, 13, 14, 15, 16, 17, 18, 21, 22, 24, 25, 26, 28, 29, 30, 35, 40, 41, 42, 47, 49, 51, 53, 54, 55, 58, 59, 60, 66, 68, 69, 70, 71, 72, 73, 74, 79, 81, 85, 86, 87, 88, 89, 92, 93, 94, 95, 99, 100, 103, 104, 108, 110, 111, 112, 113, 114, 115, 116, 117, 122, 123, 127, 131, 132, 136, 138, 139, 140, 141, 142, 143, 144, 145, 146, 147, 148, 149, 154, 158, 162, 164, 165, 166, 167, 168, 169, 172, 174, 179, 180, 181, 182, 183, 186, 187, 190, 193, 197, 198, 201, 202, 203, 208, 209, 212, 214, 217, 218, 219, 222, 223, 237, 239, 240, 241, 244, 246, 247, 249, 251, 258, 259, 262, 263, 264, 265, 268], "summary": {"covered_lines": 126, "num_statements": 165, "percent_covered": 76.36363636363636, "percent_covered_display": "76", "missing_lines": 39, "excluded_lines": 13}, "missing_lines": [27, 31, 32, 33, 36, 37, 43, 67, 75, 76, 77, 78, 96, 97, 101, 118, 119, 120, 129, 150, 151, 152, 156, 171, 191, 192, 194, 195, 196, 204, 205, 226, 227, 228, 229, 232, 233, 235, 248], "excluded_lines": [12, 103, 104, 105, 106, 122, 123, 124, 125, 131, 132, 133, 134], "functions": {"TensorflowBaseAnnotator.__init__": {"executed_lines": [25, 26, 28, 29, 30, 35, 40, 41, 42, 47, 49], "summary": {"covered_lines": 11, "num_statements": 18, "percent_covered": 61.111111111111114, "percent_covered_display": "61", "missing_lines": 7, "excluded_lines": 0}, "missing_lines": [27, 31, 32, 33, 36, 37, 43], "excluded_lines": []}, "TensorflowBaseAnnotator.__enter__": {"executed_lines": [53, 54, 55, 58, 59, 60, 66, 68, 69, 70, 71, 72, 73, 74, 79], "summary": {"covered_lines": 15, "num_statements": 20, "percent_covered": 75.0, "percent_covered_display": "75", "missing_lines": 5, "excluded_lines": 0}, "missing_lines": [67, 75, 76, 77, 78], "excluded_lines": []}, "TensorflowBaseAnnotator.__exit__": {"executed_lines": [85, 86, 87, 88, 89, 92, 93, 94, 95, 99, 100], "summary": {"covered_lines": 11, "num_statements": 14, "percent_covered": 78.57142857142857, "percent_covered_display": "79", "missing_lines": 3, "excluded_lines": 0}, "missing_lines": [96, 97, 101], "excluded_lines": []}, "TensorflowBaseAnnotator._load_tags": {"executed_lines": [], "summary": {"covered_lines": 0, "num_statements": 0, "percent_covered": 100.0, "percent_covered_display": "100", "missing_lines": 0, "excluded_lines": 2}, "missing_lines": [], "excluded_lines": [105, 106]}, "TensorflowBaseAnnotator._load_tag_file": {"executed_lines": [110, 111, 112, 113, 114, 115, 116, 117], "summary": {"covered_lines": 8, "num_statements": 11, "percent_covered": 72.72727272727273, "percent_covered_display": "73", "missing_lines": 3, "excluded_lines": 0}, "missing_lines": [118, 119, 120], "excluded_lines": []}, "TensorflowBaseAnnotator._preprocess_images": {"executed_lines": [], "summary": {"covered_lines": 0, "num_statements": 0, "percent_covered": 100.0, "percent_covered_display": "100", "missing_lines": 0, "excluded_lines": 2}, "missing_lines": [], "excluded_lines": [124, 125]}, "TensorflowBaseAnnotator._run_inference": {"executed_lines": [], "summary": {"covered_lines": 0, "num_statements": 1, "percent_covered": 0.0, "percent_covered_display": "0", "missing_lines": 1, "excluded_lines": 0}, "missing_lines": [129], "excluded_lines": []}, "TensorflowBaseAnnotator._format_predictions": {"executed_lines": [], "summary": {"covered_lines": 0, "num_statements": 0, "percent_covered": 100.0, "percent_covered_display": "100", "missing_lines": 0, "excluded_lines": 2}, "missing_lines": [], "excluded_lines": [133, 134]}, "TensorflowBaseAnnotator._run_inference_tf": {"executed_lines": [138, 139, 140, 141, 142, 143, 144, 145, 146, 147, 148, 149], "summary": {"covered_lines": 12, "num_statements": 15, "percent_covered": 80.0, "percent_covered_display": "80", "missing_lines": 3, "excluded_lines": 0}, "missing_lines": [150, 151, 152], "excluded_lines": []}, "TensorflowBaseAnnotator._generate_tags": {"executed_lines": [], "summary": {"covered_lines": 0, "num_statements": 1, "percent_covered": 0.0, "percent_covered_display": "0", "missing_lines": 1, "excluded_lines": 0}, "missing_lines": [156], "excluded_lines": []}, "TensorflowBaseAnnotator._extract_category_tags": {"executed_lines": [162, 164, 165, 166, 167, 168, 169, 172], "summary": {"covered_lines": 8, "num_statements": 9, "percent_covered": 88.88888888888889, "percent_covered_display": "89", "missing_lines": 1, "excluded_lines": 0}, "missing_lines": [171], "excluded_lines": []}, "TensorflowBaseAnnotator._format_predictions_single": {"executed_lines": [179, 180, 181, 182, 183, 186, 187, 190, 193, 197, 198, 201, 202, 203, 208, 209, 212, 214, 217, 218, 219, 222, 223], "summary": {"covered_lines": 23, "num_statements": 37, "percent_covered": 62.16216216216216, "percent_covered_display": "62", "missing_lines": 14, "excluded_lines": 0}, "missing_lines": [191, 192, 194, 195, 196, 204, 205, 226, 227, 228, 229, 232, 233, 235], "excluded_lines": []}, "TensorflowBaseAnnotator._generate_tags_single": {"executed_lines": [239, 240, 241, 244, 246, 247, 249, 251, 258, 259, 262, 263, 264, 265, 268], "summary": {"covered_lines": 15, "num_statements": 16, "percent_covered": 93.75, "percent_covered_display": "94", "missing_lines": 1, "excluded_lines": 0}, "missing_lines": [248], "excluded_lines": []}, "": {"executed_lines": [1, 3, 4, 5, 7, 8, 9, 12, 13, 14, 15, 16, 17, 18, 21, 22, 24, 51, 81, 103, 104, 108, 122, 123, 127, 131, 132, 136, 154, 158, 174, 237], "summary": {"covered_lines": 23, "num_statements": 23, "percent_covered": 100.0, "percent_covered_display": "100", "missing_lines": 0, "excluded_lines": 7}, "missing_lines": [], "excluded_lines": [12, 103, 104, 122, 123, 131, 132]}}, "classes": {"TensorflowBaseAnnotator": {"executed_lines": [25, 26, 28, 29, 30, 35, 40, 41, 42, 47, 49, 53, 54, 55, 58, 59, 60, 66, 68, 69, 70, 71, 72, 73, 74, 79, 85, 86, 87, 88, 89, 92, 93, 94, 95, 99, 100, 110, 111, 112, 113, 114, 115, 116, 117, 138, 139, 140, 141, 142, 143, 144, 145, 146, 147, 148, 149, 162, 164, 165, 166, 167, 168, 169, 172, 179, 180, 181, 182, 183, 186, 187, 190, 193, 197, 198, 201, 202, 203, 208, 209, 212, 214, 217, 218, 219, 222, 223, 239, 240, 241, 244, 246, 247, 249, 251, 258, 259, 262, 263, 264, 265, 268], "summary": {"covered_lines": 103, "num_statements": 142, "percent_covered": 72.53521126760563, "percent_covered_display": "73", "missing_lines": 39, "excluded_lines": 6}, "missing_lines": [27, 31, 32, 33, 36, 37, 43, 67, 75, 76, 77, 78, 96, 97, 101, 118, 119, 120, 129, 150, 151, 152, 156, 171, 191, 192, 194, 195, 196, 204, 205, 226, 227, 228, 229, 232, 233, 235, 248], "excluded_lines": [105, 106, 124, 125, 133, 134]}, "": {"executed_lines": [1, 3, 4, 5, 7, 8, 9, 12, 13, 14, 15, 16, 17, 18, 21, 22, 24, 51, 81, 103, 104, 108, 122, 123, 127, 131, 132, 136, 154, 158, 174, 237], "summary": {"covered_lines": 23, "num_statements": 23, "percent_covered": 100.0, "percent_covered_display": "100", "missing_lines": 0, "excluded_lines": 7}, "missing_lines": [], "excluded_lines": [12, 103, 104, 122, 123, 131, 132]}}}, "local_packages/image-annotator-lib/src/image_annotator_lib/core/base/transformers.py": {"executed_lines": [1, 3, 5, 6, 7, 10, 11, 12, 13, 14, 15, 18, 19, 21, 26, 28, 29, 31, 33, 34, 36, 41, 42, 46, 47, 54, 55, 56, 57, 59, 60, 63, 65, 72, 73, 75, 76, 80, 84, 87, 89, 90, 92, 94, 97, 98, 99, 103, 105, 106, 107, 108, 109, 112, 114, 115, 116, 117, 119, 121, 122, 123, 124, 126, 135, 136, 138, 140, 142, 144, 145, 146, 149, 150, 151, 153, 154, 156, 158, 163, 165, 166, 167, 168, 170, 171, 172, 173, 175, 176, 179, 185, 186, 187, 188, 189, 191, 198, 199, 200, 202, 205], "summary": {"covered_lines": 99, "num_statements": 113, "percent_covered": 87.61061946902655, "percent_covered_display": "88", "missing_lines": 14, "excluded_lines": 1}, "missing_lines": [43, 74, 86, 101, 110, 148, 152, 174, 178, 180, 183, 206, 207, 208], "excluded_lines": [10], "functions": {"TransformersBaseAnnotator.__init__": {"executed_lines": [26, 28, 29, 31, 33, 34], "summary": {"covered_lines": 6, "num_statements": 6, "percent_covered": 100.0, "percent_covered_display": "100", "missing_lines": 0, "excluded_lines": 0}, "missing_lines": [], "excluded_lines": []}, "TransformersBaseAnnotator.__enter__": {"executed_lines": [41, 42, 46, 47, 54, 55, 56, 57, 59, 60, 63, 65, 72, 73, 75, 76, 80, 84, 87, 89, 90, 92], "summary": {"covered_lines": 22, "num_statements": 25, "percent_covered": 88.0, "percent_covered_display": "88", "missing_lines": 3, "excluded_lines": 0}, "missing_lines": [43, 74, 86], "excluded_lines": []}, "TransformersBaseAnnotator.__exit__": {"executed_lines": [97, 98, 99], "summary": {"covered_lines": 3, "num_statements": 4, "percent_covered": 75.0, "percent_covered_display": "75", "missing_lines": 1, "excluded_lines": 0}, "missing_lines": [101], "excluded_lines": []}, "TransformersBaseAnnotator._preprocess_images": {"executed_lines": [105, 106, 107, 108, 109, 112, 114, 115, 116, 117], "summary": {"covered_lines": 10, "num_statements": 11, "percent_covered": 90.9090909090909, "percent_covered_display": "91", "missing_lines": 1, "excluded_lines": 0}, "missing_lines": [110], "excluded_lines": []}, "TransformersBaseAnnotator._run_inference": {"executed_lines": [121, 122, 123, 124, 126, 135, 136, 138, 140, 142, 144, 145, 146, 149, 150, 151, 153, 154], "summary": {"covered_lines": 18, "num_statements": 20, "percent_covered": 90.0, "percent_covered_display": "90", "missing_lines": 2, "excluded_lines": 0}, "missing_lines": [148, 152], "excluded_lines": []}, "TransformersBaseAnnotator._format_predictions": {"executed_lines": [158, 163, 165, 166, 167, 168, 170, 171, 172, 173, 175, 176, 179, 185, 186, 187, 188, 189], "summary": {"covered_lines": 18, "num_statements": 22, "percent_covered": 81.81818181818181, "percent_covered_display": "82", "missing_lines": 4, "excluded_lines": 0}, "missing_lines": [174, 178, 180, 183], "excluded_lines": []}, "TransformersBaseAnnotator._generate_tags": {"executed_lines": [198, 199, 200, 202, 205], "summary": {"covered_lines": 5, "num_statements": 8, "percent_covered": 62.5, "percent_covered_display": "62", "missing_lines": 3, "excluded_lines": 0}, "missing_lines": [206, 207, 208], "excluded_lines": []}, "": {"executed_lines": [1, 3, 5, 6, 7, 10, 11, 12, 13, 14, 15, 18, 19, 21, 36, 94, 103, 119, 156, 191], "summary": {"covered_lines": 17, "num_statements": 17, "percent_covered": 100.0, "percent_covered_display": "100", "missing_lines": 0, "excluded_lines": 1}, "missing_lines": [], "excluded_lines": [10]}}, "classes": {"TransformersBaseAnnotator": {"executed_lines": [26, 28, 29, 31, 33, 34, 41, 42, 46, 47, 54, 55, 56, 57, 59, 60, 63, 65, 72, 73, 75, 76, 80, 84, 87, 89, 90, 92, 97, 98, 99, 105, 106, 107, 108, 109, 112, 114, 115, 116, 117, 121, 122, 123, 124, 126, 135, 136, 138, 140, 142, 144, 145, 146, 149, 150, 151, 153, 154, 158, 163, 165, 166, 167, 168, 170, 171, 172, 173, 175, 176, 179, 185, 186, 187, 188, 189, 198, 199, 200, 202, 205], "summary": {"covered_lines": 82, "num_statements": 96, "percent_covered": 85.41666666666667, "percent_covered_display": "85", "missing_lines": 14, "excluded_lines": 0}, "missing_lines": [43, 74, 86, 101, 110, 148, 152, 174, 178, 180, 183, 206, 207, 208], "excluded_lines": []}, "": {"executed_lines": [1, 3, 5, 6, 7, 10, 11, 12, 13, 14, 15, 18, 19, 21, 36, 94, 103, 119, 156, 191], "summary": {"covered_lines": 17, "num_statements": 17, "percent_covered": 100.0, "percent_covered_display": "100", "missing_lines": 0, "excluded_lines": 1}, "missing_lines": [], "excluded_lines": [10]}}}, "local_packages/image-annotator-lib/src/image_annotator_lib/core/base/webapi.py": {"executed_lines": [1, 3, 4, 5, 6, 8, 11, 12, 13, 14, 22, 23, 26, 27, 29, 42, 45, 46, 52, 53, 54, 55, 56, 57, 60, 61, 62, 63, 67, 68, 70, 77, 78, 80, 83, 84, 86, 88, 90, 91, 92, 93, 94, 95, 96, 97, 98, 99, 100, 101, 102, 103, 105, 107, 112, 113, 114, 118, 119, 120, 122, 124, 125, 127, 128, 129, 131, 133, 134, 136, 138, 139, 151, 153, 155, 156, 157, 158, 159, 160, 162, 173, 175, 176, 177, 178, 179, 180, 181, 183, 184, 186, 189, 190, 191, 195, 196, 197, 210, 211, 212, 218, 219, 222, 223, 224, 225, 226, 227, 229, 240, 241, 244, 245, 246, 248, 249, 250, 251, 252, 253, 275, 276, 284, 288, 289, 290, 291, 293, 295, 296, 297, 300, 305, 308, 309, 312, 316, 317, 318, 320, 321, 324, 326, 327, 329, 331, 333, 334, 335, 337, 338, 343, 345, 346, 348, 349, 350, 352, 353, 361, 363, 365, 368, 379, 382, 387, 395], "summary": {"covered_lines": 158, "num_statements": 185, "percent_covered": 85.4054054054054, "percent_covered_display": "85", "missing_lines": 27, "excluded_lines": 20}, "missing_lines": [192, 193, 199, 200, 205, 206, 214, 254, 255, 256, 257, 259, 264, 265, 266, 267, 268, 270, 271, 272, 273, 277, 278, 303, 313, 314, 325], "excluded_lines": [11, 77, 114, 138, 139, 140, 141, 142, 143, 144, 145, 146, 147, 148, 149, 183, 211, 219, 283, 302], "functions": {"WebApiBaseAnnotator.__init__": {"executed_lines": [42, 45, 46, 52, 53, 54, 55, 56, 57, 60, 61, 62, 63, 67, 68], "summary": {"covered_lines": 15, "num_statements": 15, "percent_covered": 100.0, "percent_covered_display": "100", "missing_lines": 0, "excluded_lines": 0}, "missing_lines": [], "excluded_lines": []}, "WebApiBaseAnnotator.__enter__": {"executed_lines": [77, 78, 80, 83, 84, 86, 88, 90, 91, 92, 93, 94, 95, 96, 97, 98, 99, 100, 101, 102, 103, 105], "summary": {"covered_lines": 21, "num_statements": 21, "percent_covered": 100.0, "percent_covered_display": "100", "missing_lines": 0, "excluded_lines": 1}, "missing_lines": [], "excluded_lines": [77]}, "WebApiBaseAnnotator.__exit__": {"executed_lines": [112, 113, 114, 118, 119, 120], "summary": {"covered_lines": 5, "num_statements": 5, "percent_covered": 100.0, "percent_covered_display": "100", "missing_lines": 0, "excluded_lines": 1}, "missing_lines": [], "excluded_lines": [114]}, "WebApiBaseAnnotator._preprocess_images": {"executed_lines": [124, 125, 127, 128, 129, 131, 133, 134, 136], "summary": {"covered_lines": 9, "num_statements": 9, "percent_covered": 100.0, "percent_covered_display": "100", "missing_lines": 0, "excluded_lines": 0}, "missing_lines": [], "excluded_lines": []}, "WebApiBaseAnnotator._run_inference": {"executed_lines": [], "summary": {"covered_lines": 0, "num_statements": 0, "percent_covered": 100.0, "percent_covered_display": "100", "missing_lines": 0, "excluded_lines": 10}, "missing_lines": [], "excluded_lines": [140, 141, 142, 143, 144, 145, 146, 147, 148, 149]}, "WebApiBaseAnnotator._wait_for_rate_limit": {"executed_lines": [153, 155, 156, 157, 158, 159, 160], "summary": {"covered_lines": 7, "num_statements": 7, "percent_covered": 100.0, "percent_covered_display": "100", "missing_lines": 0, "excluded_lines": 0}, "missing_lines": [], "excluded_lines": []}, "WebApiBaseAnnotator._parse_common_json_response": {"executed_lines": [173, 175, 176, 177, 178, 179, 180, 181, 183, 184, 186, 189, 190, 191, 195, 196, 197, 210, 211, 212, 218, 219, 222, 223, 224, 225, 226, 227], "summary": {"covered_lines": 25, "num_statements": 32, "percent_covered": 78.125, "percent_covered_display": "78", "missing_lines": 7, "excluded_lines": 3}, "missing_lines": [192, 193, 199, 200, 205, 206, 214], "excluded_lines": [183, 211, 219]}, "WebApiBaseAnnotator._extract_tags_from_text": {"executed_lines": [240, 241, 244, 245, 246, 248, 249, 250, 251, 252, 253, 275, 276, 284, 288, 289, 290, 291, 293, 295, 296, 297, 300], "summary": {"covered_lines": 23, "num_statements": 40, "percent_covered": 57.5, "percent_covered_display": "58", "missing_lines": 17, "excluded_lines": 2}, "missing_lines": [254, 255, 256, 257, 259, 264, 265, 266, 267, 268, 270, 271, 272, 273, 277, 278, 303], "excluded_lines": [283, 302]}, "WebApiBaseAnnotator._generate_tags": {"executed_lines": [308, 309, 312, 316, 317, 318, 320, 321, 324, 326, 327, 329, 331, 333, 334, 335], "summary": {"covered_lines": 16, "num_statements": 19, "percent_covered": 84.21052631578948, "percent_covered_display": "84", "missing_lines": 3, "excluded_lines": 0}, "missing_lines": [313, 314, 325], "excluded_lines": []}, "WebApiBaseAnnotator._format_predictions": {"executed_lines": [343, 345, 346, 348, 349, 350, 352, 353, 361, 363, 365, 368, 379, 382, 387, 395], "summary": {"covered_lines": 16, "num_statements": 16, "percent_covered": 100.0, "percent_covered_display": "100", "missing_lines": 0, "excluded_lines": 0}, "missing_lines": [], "excluded_lines": []}, "": {"executed_lines": [1, 3, 4, 5, 6, 8, 11, 12, 13, 14, 22, 23, 26, 27, 29, 70, 107, 122, 138, 139, 151, 162, 229, 305, 337, 338], "summary": {"covered_lines": 21, "num_statements": 21, "percent_covered": 100.0, "percent_covered_display": "100", "missing_lines": 0, "excluded_lines": 3}, "missing_lines": [], "excluded_lines": [11, 138, 139]}}, "classes": {"WebApiBaseAnnotator": {"executed_lines": [42, 45, 46, 52, 53, 54, 55, 56, 57, 60, 61, 62, 63, 67, 68, 77, 78, 80, 83, 84, 86, 88, 90, 91, 92, 93, 94, 95, 96, 97, 98, 99, 100, 101, 102, 103, 105, 112, 113, 114, 118, 119, 120, 124, 125, 127, 128, 129, 131, 133, 134, 136, 153, 155, 156, 157, 158, 159, 160, 173, 175, 176, 177, 178, 179, 180, 181, 183, 184, 186, 189, 190, 191, 195, 196, 197, 210, 211, 212, 218, 219, 222, 223, 224, 225, 226, 227, 240, 241, 244, 245, 246, 248, 249, 250, 251, 252, 253, 275, 276, 284, 288, 289, 290, 291, 293, 295, 296, 297, 300, 308, 309, 312, 316, 317, 318, 320, 321, 324, 326, 327, 329, 331, 333, 334, 335, 343, 345, 346, 348, 349, 350, 352, 353, 361, 363, 365, 368, 379, 382, 387, 395], "summary": {"covered_lines": 137, "num_statements": 164, "percent_covered": 83.53658536585365, "percent_covered_display": "84", "missing_lines": 27, "excluded_lines": 17}, "missing_lines": [192, 193, 199, 200, 205, 206, 214, 254, 255, 256, 257, 259, 264, 265, 266, 267, 268, 270, 271, 272, 273, 277, 278, 303, 313, 314, 325], "excluded_lines": [77, 114, 140, 141, 142, 143, 144, 145, 146, 147, 148, 149, 183, 211, 219, 283, 302]}, "": {"executed_lines": [1, 3, 4, 5, 6, 8, 11, 12, 13, 14, 22, 23, 26, 27, 29, 70, 107, 122, 138, 139, 151, 162, 229, 305, 337, 338], "summary": {"covered_lines": 21, "num_statements": 21, "percent_covered": 100.0, "percent_covered_display": "100", "missing_lines": 0, "excluded_lines": 3}, "missing_lines": [], "excluded_lines": [11, 138, 139]}}}, "local_packages/image-annotator-lib/src/image_annotator_lib/core/classifier.py": {"executed_lines": [1, 7, 8, 11, 12, 29, 60], "summary": {"covered_lines": 5, "num_statements": 24, "percent_covered": 20.833333333333332, "percent_covered_display": "21", "missing_lines": 19, "excluded_lines": 0}, "missing_lines": [40, 41, 42, 43, 44, 46, 47, 48, 49, 50, 51, 52, 53, 54, 55, 56, 57, 58, 64], "excluded_lines": [], "functions": {"Classifier.__init__": {"executed_lines": [], "summary": {"covered_lines": 0, "num_statements": 18, "percent_covered": 0.0, "percent_covered_display": "0", "missing_lines": 18, "excluded_lines": 0}, "missing_lines": [40, 41, 42, 43, 44, 46, 47, 48, 49, 50, 51, 52, 53, 54, 55, 56, 57, 58], "excluded_lines": []}, "Classifier.forward": {"executed_lines": [], "summary": {"covered_lines": 0, "num_statements": 1, "percent_covered": 0.0, "percent_covered_display": "0", "missing_lines": 1, "excluded_lines": 0}, "missing_lines": [64], "excluded_lines": []}, "": {"executed_lines": [1, 7, 8, 11, 12, 29, 60], "summary": {"covered_lines": 5, "num_statements": 5, "percent_covered": 100.0, "percent_covered_display": "100", "missing_lines": 0, "excluded_lines": 0}, "missing_lines": [], "excluded_lines": []}}, "classes": {"Classifier": {"executed_lines": [], "summary": {"covered_lines": 0, "num_statements": 19, "percent_covered": 0.0, "percent_covered_display": "0", "missing_lines": 19, "excluded_lines": 0}, "missing_lines": [40, 41, 42, 43, 44, 46, 47, 48, 49, 50, 51, 52, 53, 54, 55, 56, 57, 58, 64], "excluded_lines": []}, "": {"executed_lines": [1, 7, 8, 11, 12, 29, 60], "summary": {"covered_lines": 5, "num_statements": 5, "percent_covered": 100.0, "percent_covered_display": "100", "missing_lines": 0, "excluded_lines": 0}, "missing_lines": [], "excluded_lines": []}}}, "local_packages/image-annotator-lib/src/image_annotator_lib/core/config.py": {"executed_lines": [1, 2, 3, 4, 5, 6, 8, 10, 15, 18, 19, 21, 22, 23, 24, 25, 28, 29, 30, 31, 32, 33, 34, 35, 38, 39, 41, 43, 44, 45, 46, 47, 49, 55, 56, 59, 60, 62, 64, 65, 68, 70, 71, 72, 73, 74, 75, 91, 93, 95, 96, 97, 98, 105, 108, 110, 112, 113, 115, 116, 117, 118, 129, 133, 139, 140, 141, 142, 143, 144, 145, 147, 149, 150, 151, 152, 154, 155, 157, 159, 162, 163, 164, 166, 168, 169, 170, 171, 173, 175, 184, 198, 200, 201, 202, 207, 208, 209, 210, 212, 217, 220, 221, 222, 224, 228, 230, 232, 236, 240, 242, 245, 246, 247, 254, 256, 258, 262, 267, 269, 272, 273, 274, 281, 283, 287, 290, 293, 294, 296, 298, 299, 300, 303, 307, 308, 309, 311, 312, 315, 320, 321, 326, 327, 328, 330, 335, 336, 337, 342, 343, 346, 347, 359, 365, 366, 368, 371, 373, 374, 375, 377, 378], "summary": {"covered_lines": 161, "num_statements": 214, "percent_covered": 75.23364485981308, "percent_covered_display": "75", "missing_lines": 53, "excluded_lines": 1}, "missing_lines": [26, 27, 79, 83, 84, 85, 88, 89, 99, 100, 103, 119, 120, 123, 125, 177, 178, 179, 180, 182, 233, 234, 237, 238, 249, 250, 259, 260, 264, 265, 276, 277, 301, 302, 331, 334, 338, 341, 344, 345, 348, 349, 350, 351, 352, 353, 354, 355, 356, 380, 381, 382, 383], "excluded_lines": [139], "functions": {"_load_config_from_file": {"executed_lines": [21, 22, 23, 24, 25, 28, 29, 30, 31, 32, 33, 34, 35], "summary": {"covered_lines": 13, "num_statements": 15, "percent_covered": 86.66666666666667, "percent_covered_display": "87", "missing_lines": 2, "excluded_lines": 0}, "missing_lines": [26, 27], "excluded_lines": []}, "ModelConfigRegistry.__init__": {"executed_lines": [43, 44, 45, 46, 47], "summary": {"covered_lines": 5, "num_statements": 5, "percent_covered": 100.0, "percent_covered_display": "100", "missing_lines": 0, "excluded_lines": 0}, "missing_lines": [], "excluded_lines": []}, "ModelConfigRegistry._determine_config_paths": {"executed_lines": [55, 56, 59, 60], "summary": {"covered_lines": 4, "num_statements": 4, "percent_covered": 100.0, "percent_covered_display": "100", "missing_lines": 0, "excluded_lines": 0}, "missing_lines": [], "excluded_lines": []}, "ModelConfigRegistry._ensure_system_config_exists": {"executed_lines": [64, 65, 68, 70, 71, 72, 73, 74, 75, 91], "summary": {"covered_lines": 10, "num_statements": 16, "percent_covered": 62.5, "percent_covered_display": "62", "missing_lines": 6, "excluded_lines": 0}, "missing_lines": [79, 83, 84, 85, 88, 89], "excluded_lines": []}, "ModelConfigRegistry._load_and_set_system_config": {"executed_lines": [95, 96, 97, 98, 105, 108], "summary": {"covered_lines": 6, "num_statements": 9, "percent_covered": 66.66666666666667, "percent_covered_display": "67", "missing_lines": 3, "excluded_lines": 0}, "missing_lines": [99, 100, 103], "excluded_lines": []}, "ModelConfigRegistry._load_and_set_user_config": {"executed_lines": [112, 113, 115, 116, 117, 118, 129], "summary": {"covered_lines": 7, "num_statements": 11, "percent_covered": 63.63636363636363, "percent_covered_display": "64", "missing_lines": 4, "excluded_lines": 0}, "missing_lines": [119, 120, 123, 125], "excluded_lines": []}, "ModelConfigRegistry.load": {"executed_lines": [139, 140, 141, 142, 143, 144, 145], "summary": {"covered_lines": 6, "num_statements": 6, "percent_covered": 100.0, "percent_covered_display": "100", "missing_lines": 0, "excluded_lines": 1}, "missing_lines": [], "excluded_lines": [139]}, "ModelConfigRegistry._merge_configs": {"executed_lines": [149, 150, 151, 152, 154, 155], "summary": {"covered_lines": 6, "num_statements": 6, "percent_covered": 100.0, "percent_covered_display": "100", "missing_lines": 0, "excluded_lines": 0}, "missing_lines": [], "excluded_lines": []}, "ModelConfigRegistry.get": {"executed_lines": [159, 162, 163, 164], "summary": {"covered_lines": 4, "num_statements": 4, "percent_covered": 100.0, "percent_covered_display": "100", "missing_lines": 0, "excluded_lines": 0}, "missing_lines": [], "excluded_lines": []}, "ModelConfigRegistry.set": {"executed_lines": [168, 169, 170, 171, 173], "summary": {"covered_lines": 5, "num_statements": 5, "percent_covered": 100.0, "percent_covered_display": "100", "missing_lines": 0, "excluded_lines": 0}, "missing_lines": [], "excluded_lines": []}, "ModelConfigRegistry.set_system_value": {"executed_lines": [], "summary": {"covered_lines": 0, "num_statements": 5, "percent_covered": 0.0, "percent_covered_display": "0", "missing_lines": 5, "excluded_lines": 0}, "missing_lines": [177, 178, 179, 180, 182], "excluded_lines": []}, "ModelConfigRegistry.add_default_setting": {"executed_lines": [198, 200, 201, 202, 207, 208, 209, 210, 212, 217, 220, 221, 222, 224], "summary": {"covered_lines": 14, "num_statements": 14, "percent_covered": 100.0, "percent_covered_display": "100", "missing_lines": 0, "excluded_lines": 0}, "missing_lines": [], "excluded_lines": []}, "ModelConfigRegistry.save_user_config": {"executed_lines": [230, 232, 236, 240, 242, 245, 246, 247], "summary": {"covered_lines": 8, "num_statements": 14, "percent_covered": 57.142857142857146, "percent_covered_display": "57", "missing_lines": 6, "excluded_lines": 0}, "missing_lines": [233, 234, 237, 238, 249, 250], "excluded_lines": []}, "ModelConfigRegistry.save_system_config": {"executed_lines": [256, 258, 262, 267, 269, 272, 273, 274], "summary": {"covered_lines": 8, "num_statements": 14, "percent_covered": 57.142857142857146, "percent_covered_display": "57", "missing_lines": 6, "excluded_lines": 0}, "missing_lines": [259, 260, 264, 265, 276, 277], "excluded_lines": []}, "ModelConfigRegistry.get_all_config": {"executed_lines": [283], "summary": {"covered_lines": 1, "num_statements": 1, "percent_covered": 100.0, "percent_covered_display": "100", "missing_lines": 0, "excluded_lines": 0}, "missing_lines": [], "excluded_lines": []}, "get_config_registry": {"executed_lines": [293, 294, 296, 298, 299, 300, 303], "summary": {"covered_lines": 7, "num_statements": 9, "percent_covered": 77.77777777777777, "percent_covered_display": "78", "missing_lines": 2, "excluded_lines": 0}, "missing_lines": [301, 302], "excluded_lines": []}, "_ConfigRegistryProxy.__getattr__": {"executed_lines": [309], "summary": {"covered_lines": 1, "num_statements": 1, "percent_covered": 100.0, "percent_covered_display": "100", "missing_lines": 0, "excluded_lines": 0}, "missing_lines": [], "excluded_lines": []}, "_ConfigRegistryProxy.__setattr__": {"executed_lines": [312], "summary": {"covered_lines": 1, "num_statements": 1, "percent_covered": 100.0, "percent_covered_display": "100", "missing_lines": 0, "excluded_lines": 0}, "missing_lines": [], "excluded_lines": []}, "load_available_api_models": {"executed_lines": [326, 327, 328, 330, 335, 336, 337, 342, 343, 346, 347], "summary": {"covered_lines": 11, "num_statements": 26, "percent_covered": 42.30769230769231, "percent_covered_display": "42", "missing_lines": 15, "excluded_lines": 0}, "missing_lines": [331, 334, 338, 341, 344, 345, 348, 349, 350, 351, 352, 353, 354, 355, 356], "excluded_lines": []}, "save_available_api_models": {"executed_lines": [365, 366, 368, 371, 373, 374, 375, 377, 378], "summary": {"covered_lines": 9, "num_statements": 13, "percent_covered": 69.23076923076923, "percent_covered_display": "69", "missing_lines": 4, "excluded_lines": 0}, "missing_lines": [380, 381, 382, 383], "excluded_lines": []}, "": {"executed_lines": [1, 2, 3, 4, 5, 6, 8, 10, 15, 18, 19, 38, 39, 41, 49, 62, 93, 110, 133, 147, 157, 166, 175, 184, 228, 254, 281, 287, 290, 307, 308, 311, 315, 320, 321, 359], "summary": {"covered_lines": 35, "num_statements": 35, "percent_covered": 100.0, "percent_covered_display": "100", "missing_lines": 0, "excluded_lines": 0}, "missing_lines": [], "excluded_lines": []}}, "classes": {"ModelConfigRegistry": {"executed_lines": [43, 44, 45, 46, 47, 55, 56, 59, 60, 64, 65, 68, 70, 71, 72, 73, 74, 75, 91, 95, 96, 97, 98, 105, 108, 112, 113, 115, 116, 117, 118, 129, 139, 140, 141, 142, 143, 144, 145, 149, 150, 151, 152, 154, 155, 159, 162, 163, 164, 168, 169, 170, 171, 173, 198, 200, 201, 202, 207, 208, 209, 210, 212, 217, 220, 221, 222, 224, 230, 232, 236, 240, 242, 245, 246, 247, 256, 258, 262, 267, 269, 272, 273, 274, 283], "summary": {"covered_lines": 84, "num_statements": 114, "percent_covered": 73.6842105263158, "percent_covered_display": "74", "missing_lines": 30, "excluded_lines": 1}, "missing_lines": [79, 83, 84, 85, 88, 89, 99, 100, 103, 119, 120, 123, 125, 177, 178, 179, 180, 182, 233, 234, 237, 238, 249, 250, 259, 260, 264, 265, 276, 277], "excluded_lines": [139]}, "_ConfigRegistryProxy": {"executed_lines": [309, 312], "summary": {"covered_lines": 2, "num_statements": 2, "percent_covered": 100.0, "percent_covered_display": "100", "missing_lines": 0, "excluded_lines": 0}, "missing_lines": [], "excluded_lines": []}, "": {"executed_lines": [1, 2, 3, 4, 5, 6, 8, 10, 15, 18, 19, 21, 22, 23, 24, 25, 28, 29, 30, 31, 32, 33, 34, 35, 38, 39, 41, 49, 62, 93, 110, 133, 147, 157, 166, 175, 184, 228, 254, 281, 287, 290, 293, 294, 296, 298, 299, 300, 303, 307, 308, 311, 315, 320, 321, 326, 327, 328, 330, 335, 336, 337, 342, 343, 346, 347, 359, 365, 366, 368, 371, 373, 374, 375, 377, 378], "summary": {"covered_lines": 75, "num_statements": 98, "percent_covered": 76.53061224489795, "percent_covered_display": "77", "missing_lines": 23, "excluded_lines": 0}, "missing_lines": [26, 27, 301, 302, 331, 334, 338, 341, 344, 345, 348, 349, 350, 351, 352, 353, 354, 355, 356, 380, 381, 382, 383], "excluded_lines": []}}}, "local_packages/image-annotator-lib/src/image_annotator_lib/core/constants.py": {"executed_lines": [1, 2, 5, 8, 9, 10, 14, 15, 16, 17, 20, 22, 24, 26], "summary": {"covered_lines": 14, "num_statements": 14, "percent_covered": 100.0, "percent_covered_display": "100", "missing_lines": 0, "excluded_lines": 0}, "missing_lines": [], "excluded_lines": [], "functions": {"": {"executed_lines": [1, 2, 5, 8, 9, 10, 14, 15, 16, 17, 20, 22, 24, 26], "summary": {"covered_lines": 14, "num_statements": 14, "percent_covered": 100.0, "percent_covered_display": "100", "missing_lines": 0, "excluded_lines": 0}, "missing_lines": [], "excluded_lines": []}}, "classes": {"": {"executed_lines": [1, 2, 5, 8, 9, 10, 14, 15, 16, 17, 20, 22, 24, 26], "summary": {"covered_lines": 14, "num_statements": 14, "percent_covered": 100.0, "percent_covered_display": "100", "missing_lines": 0, "excluded_lines": 0}, "missing_lines": [], "excluded_lines": []}}}, "local_packages/image-annotator-lib/src/image_annotator_lib/core/error_handling.py": {"executed_lines": [1, 7, 9, 19, 20, 23, 24, 30, 36, 38, 49, 50, 53, 61, 62, 65, 66, 69, 71, 73, 80, 82, 83, 84, 86, 89, 92, 93, 94, 95, 99, 100, 101, 103, 104, 107, 108, 109, 110, 112, 114, 123, 125, 131, 132, 134, 135, 136, 137, 139, 141, 143, 153, 161, 167, 168, 170, 171, 174, 176, 187, 188, 189, 190, 193, 195, 197, 207, 209, 210, 213, 215, 216, 219, 223, 226, 232], "summary": {"covered_lines": 75, "num_statements": 75, "percent_covered": 100.0, "percent_covered_display": "100", "missing_lines": 0, "excluded_lines": 0}, "missing_lines": [], "excluded_lines": [], "functions": {"ErrorHandler.__init__": {"executed_lines": [36], "summary": {"covered_lines": 1, "num_statements": 1, "percent_covered": 100.0, "percent_covered_display": "100", "missing_lines": 0, "excluded_lines": 0}, "missing_lines": [], "excluded_lines": []}, "ErrorHandler.handle_exception": {"executed_lines": [49, 50, 53, 61, 62, 65, 66, 69, 71], "summary": {"covered_lines": 9, "num_statements": 9, "percent_covered": 100.0, "percent_covered_display": "100", "missing_lines": 0, "excluded_lines": 0}, "missing_lines": [], "excluded_lines": []}, "ErrorHandler.log_error": {"executed_lines": [80, 82, 83, 84, 86, 89, 92, 93, 94, 95, 99, 100, 101, 103, 104, 107, 108, 109, 110, 112], "summary": {"covered_lines": 20, "num_statements": 20, "percent_covered": 100.0, "percent_covered_display": "100", "missing_lines": 0, "excluded_lines": 0}, "missing_lines": [], "excluded_lines": []}, "ErrorHandler.generate_error_report": {"executed_lines": [123, 125, 131, 132, 134, 135, 136, 137, 139, 141], "summary": {"covered_lines": 10, "num_statements": 10, "percent_covered": 100.0, "percent_covered_display": "100", "missing_lines": 0, "excluded_lines": 0}, "missing_lines": [], "excluded_lines": []}, "ErrorHandler.should_retry": {"executed_lines": [153, 161, 167, 168, 170, 171, 174], "summary": {"covered_lines": 7, "num_statements": 7, "percent_covered": 100.0, "percent_covered_display": "100", "missing_lines": 0, "excluded_lines": 0}, "missing_lines": [], "excluded_lines": []}, "ErrorHandler.get_retry_delay": {"executed_lines": [187, 188, 189, 190, 193, 195], "summary": {"covered_lines": 6, "num_statements": 6, "percent_covered": 100.0, "percent_covered_display": "100", "missing_lines": 0, "excluded_lines": 0}, "missing_lines": [], "excluded_lines": []}, "ErrorHandler._determine_log_level": {"executed_lines": [207, 209, 210, 213, 215, 216, 219], "summary": {"covered_lines": 7, "num_statements": 7, "percent_covered": 100.0, "percent_covered_display": "100", "missing_lines": 0, "excluded_lines": 0}, "missing_lines": [], "excluded_lines": []}, "get_error_handler": {"executed_lines": [232], "summary": {"covered_lines": 1, "num_statements": 1, "percent_covered": 100.0, "percent_covered_display": "100", "missing_lines": 0, "excluded_lines": 0}, "missing_lines": [], "excluded_lines": []}, "": {"executed_lines": [1, 7, 9, 19, 20, 23, 24, 30, 38, 73, 114, 143, 176, 197, 223, 226], "summary": {"covered_lines": 14, "num_statements": 14, "percent_covered": 100.0, "percent_covered_display": "100", "missing_lines": 0, "excluded_lines": 0}, "missing_lines": [], "excluded_lines": []}}, "classes": {"ErrorHandler": {"executed_lines": [36, 49, 50, 53, 61, 62, 65, 66, 69, 71, 80, 82, 83, 84, 86, 89, 92, 93, 94, 95, 99, 100, 101, 103, 104, 107, 108, 109, 110, 112, 123, 125, 131, 132, 134, 135, 136, 137, 139, 141, 153, 161, 167, 168, 170, 171, 174, 187, 188, 189, 190, 193, 195, 207, 209, 210, 213, 215, 216, 219], "summary": {"covered_lines": 60, "num_statements": 60, "percent_covered": 100.0, "percent_covered_display": "100", "missing_lines": 0, "excluded_lines": 0}, "missing_lines": [], "excluded_lines": []}, "": {"executed_lines": [1, 7, 9, 19, 20, 23, 24, 30, 38, 73, 114, 143, 176, 197, 223, 226, 232], "summary": {"covered_lines": 15, "num_statements": 15, "percent_covered": 100.0, "percent_covered_display": "100", "missing_lines": 0, "excluded_lines": 0}, "missing_lines": [], "excluded_lines": []}}}, "local_packages/image-annotator-lib/src/image_annotator_lib/core/error_messages.py": {"executed_lines": [1, 7, 19, 20, 23, 24, 25, 28, 29, 30, 31, 34, 35, 36, 37, 38, 39, 40, 43, 46, 47, 48, 49, 52, 55, 56, 65, 72, 80, 87, 94, 101, 109, 116, 123, 130, 137, 144, 152, 160, 167, 175, 183, 205, 214, 234], "summary": {"covered_lines": 43, "num_statements": 44, "percent_covered": 97.72727272727273, "percent_covered_display": "98", "missing_lines": 1, "excluded_lines": 0}, "missing_lines": [197], "excluded_lines": [], "functions": {"format_error_message": {"executed_lines": [], "summary": {"covered_lines": 0, "num_statements": 1, "percent_covered": 0.0, "percent_covered_display": "0", "missing_lines": 1, "excluded_lines": 0}, "missing_lines": [197], "excluded_lines": []}, "get_error_code_for_exception": {"executed_lines": [214, 234], "summary": {"covered_lines": 2, "num_statements": 2, "percent_covered": 100.0, "percent_covered_display": "100", "missing_lines": 0, "excluded_lines": 0}, "missing_lines": [], "excluded_lines": []}, "": {"executed_lines": [1, 7, 19, 20, 23, 24, 25, 28, 29, 30, 31, 34, 35, 36, 37, 38, 39, 40, 43, 46, 47, 48, 49, 52, 55, 56, 65, 72, 80
[...]
, "missing_lines": 0, "excluded_lines": 0}, "missing_lines": [], "excluded_lines": []}, "AestheticShadow._format_predictions": {"executed_lines": [38, 39, 40, 42, 43, 44, 45, 47, 49], "summary": {"covered_lines": 9, "num_statements": 9, "percent_covered": 100.0, "percent_covered_display": "100", "missing_lines": 0, "excluded_lines": 1}, "missing_lines": [], "excluded_lines": [28]}, "AestheticShadow._generate_tags": {"executed_lines": [60, 61, 62, 63, 64], "summary": {"covered_lines": 5, "num_statements": 6, "percent_covered": 83.33333333333333, "percent_covered_display": "83", "missing_lines": 1, "excluded_lines": 0}, "missing_lines": [65], "excluded_lines": []}, "CafePredictor.__init__": {"executed_lines": [77, 78, 79], "summary": {"covered_lines": 3, "num_statements": 3, "percent_covered": 100.0, "percent_covered_display": "100", "missing_lines": 0, "excluded_lines": 0}, "missing_lines": [], "excluded_lines": []}, "CafePredictor._format_predictions": {"executed_lines": [86, 87, 90, 97, 98, 99, 100, 101, 102, 103, 109, 114], "summary": {"covered_lines": 12, "num_statements": 22, "percent_covered": 54.54545454545455, "percent_covered_display": "55", "missing_lines": 10, "excluded_lines": 0}, "missing_lines": [91, 94, 95, 104, 105, 106, 107, 108, 111, 112], "excluded_lines": []}, "CafePredictor._generate_tags": {"executed_lines": [121, 122], "summary": {"covered_lines": 2, "num_statements": 2, "percent_covered": 100.0, "percent_covered_display": "100", "missing_lines": 0, "excluded_lines": 0}, "missing_lines": [], "excluded_lines": []}, "": {"executed_lines": [1, 3, 6, 8, 11, 12, 17, 27, 51, 69, 70, 75, 82, 119, 125, 126, 129], "summary": {"covered_lines": 13, "num_statements": 13, "percent_covered": 100.0, "percent_covered_display": "100", "missing_lines": 0, "excluded_lines": 0}, "missing_lines": [], "excluded_lines": []}}, "classes": {"AestheticShadow": {"executed_lines": [19, 20, 21, 38, 39, 40, 42, 43, 44, 45, 47, 49, 60, 61, 62, 63, 64], "summary": {"covered_lines": 17, "num_statements": 18, "percent_covered": 94.44444444444444, "percent_covered_display": "94", "missing_lines": 1, "excluded_lines": 1}, "missing_lines": [65], "excluded_lines": [28]}, "CafePredictor": {"executed_lines": [77, 78, 79, 86, 87, 90, 97, 98, 99, 100, 101, 102, 103, 109, 114, 121, 122], "summary": {"covered_lines": 17, "num_statements": 27, "percent_covered": 62.96296296296296, "percent_covered_display": "63", "missing_lines": 10, "excluded_lines": 0}, "missing_lines": [91, 94, 95, 104, 105, 106, 107, 108, 111, 112], "excluded_lines": []}, "AestheticShadowV2": {"executed_lines": [], "summary": {"covered_lines": 0, "num_statements": 0, "percent_covered": 100.0, "percent_covered_display": "100", "missing_lines": 0, "excluded_lines": 0}, "missing_lines": [], "excluded_lines": []}, "": {"executed_lines": [1, 3, 6, 8, 11, 12, 17, 27, 51, 69, 70, 75, 82, 119, 125, 126, 129], "summary": {"covered_lines": 13, "num_statements": 13, "percent_covered": 100.0, "percent_covered_display": "100", "missing_lines": 0, "excluded_lines": 0}, "missing_lines": [], "excluded_lines": []}}}, "local_packages/image-annotator-lib/src/image_annotator_lib/model_class/pydantic_ai_webapi_annotator.py": {"executed_lines": [1, 11, 14], "summary": {"covered_lines": 2, "num_statements": 2, "percent_covered": 100.0, "percent_covered_display": "100", "missing_lines": 0, "excluded_lines": 0}, "missing_lines": [], "excluded_lines": [], "functions": {"": {"executed_lines": [1, 11, 14], "summary": {"covered_lines": 2, "num_statements": 2, "percent_covered": 100.0, "percent_covered_display": "100", "missing_lines": 0, "excluded_lines": 0}, "missing_lines": [], "excluded_lines": []}}, "classes": {"": {"executed_lines": [1, 11, 14], "summary": {"covered_lines": 2, "num_statements": 2, "percent_covered": 100.0, "percent_covered_display": "100", "missing_lines": 0, "excluded_lines": 0}, "missing_lines": [], "excluded_lines": []}}}, "local_packages/image-annotator-lib/src/image_annotator_lib/model_class/scorer_clip.py": {"executed_lines": [1, 3, 5, 6, 11, 12, 14, 17, 18, 20, 26, 27, 29, 34], "summary": {"covered_lines": 11, "num_statements": 17, "percent_covered": 64.70588235294117, "percent_covered_display": "65", "missing_lines": 6, "excluded_lines": 0}, "missing_lines": [22, 23, 31, 32, 37, 38], "excluded_lines": [], "functions": {"ImprovedAesthetic.__init__": {"executed_lines": [17, 18], "summary": {"covered_lines": 2, "num_statements": 2, "percent_covered": 100.0, "percent_covered_display": "100", "missing_lines": 0, "excluded_lines": 0}, "missing_lines": [], "excluded_lines": []}, "ImprovedAesthetic._get_score_tag": {"executed_lines": [], "summary": {"covered_lines": 0, "num_statements": 2, "percent_covered": 0.0, "percent_covered_display": "0", "missing_lines": 2, "excluded_lines": 0}, "missing_lines": [22, 23], "excluded_lines": []}, "WaifuAesthetic.__init__": {"executed_lines": [], "summary": {"covered_lines": 0, "num_statements": 2, "percent_covered": 0.0, "percent_covered_display": "0", "missing_lines": 2, "excluded_lines": 0}, "missing_lines": [31, 32], "excluded_lines": []}, "WaifuAesthetic._get_score_tag": {"executed_lines": [], "summary": {"covered_lines": 0, "num_statements": 2, "percent_covered": 0.0, "percent_covered_display": "0", "missing_lines": 2, "excluded_lines": 0}, "missing_lines": [37, 38], "excluded_lines": []}, "": {"executed_lines": [1, 3, 5, 6, 11, 12, 14, 20, 26, 27, 29, 34], "summary": {"covered_lines": 9, "num_statements": 9, "percent_covered": 100.0, "percent_covered_display": "100", "missing_lines": 0, "excluded_lines": 0}, "missing_lines": [], "excluded_lines": []}}, "classes": {"ImprovedAesthetic": {"executed_lines": [17, 18], "summary": {"covered_lines": 2, "num_statements": 4, "percent_covered": 50.0, "percent_covered_display": "50", "missing_lines": 2, "excluded_lines": 0}, "missing_lines": [22, 23], "excluded_lines": []}, "WaifuAesthetic": {"executed_lines": [], "summary": {"covered_lines": 0, "num_statements": 4, "percent_covered": 0.0, "percent_covered_display": "0", "missing_lines": 4, "excluded_lines": 0}, "missing_lines": [31, 32, 37, 38], "excluded_lines": []}, "": {"executed_lines": [1, 3, 5, 6, 11, 12, 14, 20, 26, 27, 29, 34], "summary": {"covered_lines": 9, "num_statements": 9, "percent_covered": 100.0, "percent_covered_display": "100", "missing_lines": 0, "excluded_lines": 0}, "missing_lines": [], "excluded_lines": []}}}, "local_packages/image-annotator-lib/src/image_annotator_lib/model_class/tagger_onnx.py": {"executed_lines": [1, 3, 5, 6, 7, 13, 14, 15, 16, 17, 18, 19, 20, 21, 24, 25, 27, 29, 31, 34, 40, 42, 43, 45, 47, 48, 49, 51, 52, 54, 57, 60, 63, 66, 68, 69, 70, 72, 73, 74, 76, 78, 79, 81, 83, 85, 86, 87, 88, 95, 96, 98, 121, 146, 160, 166, 182, 186], "summary": {"covered_lines": 55, "num_statements": 99, "percent_covered": 55.55555555555556, "percent_covered_display": "56", "missing_lines": 44, "excluded_lines": 0}, "missing_lines": [90, 100, 103, 114, 116, 118, 119, 123, 124, 125, 127, 128, 130, 131, 132, 135, 137, 139, 140, 142, 143, 144, 148, 150, 153, 154, 155, 158, 162, 163, 164, 169, 178, 179, 180, 184, 189, 201, 204, 205, 208, 209, 210, 211], "excluded_lines": [], "functions": {"WDTagger.__init__": {"executed_lines": [29, 31, 34, 40, 42, 43], "summary": {"covered_lines": 6, "num_statements": 6, "percent_covered": 100.0, "percent_covered_display": "100", "missing_lines": 0, "excluded_lines": 0}, "missing_lines": [], "excluded_lines": []}, "WDTagger._load_tags": {"executed_lines": [47, 48, 49, 51, 52, 54, 57, 60, 63, 66, 68, 69, 70, 72, 73, 74], "summary": {"covered_lines": 16, "num_statements": 16, "percent_covered": 100.0, "percent_covered_display": "100", "missing_lines": 0, "excluded_lines": 0}, "missing_lines": [], "excluded_lines": []}, "WDTagger._init_empty_indexes": {"executed_lines": [78, 79], "summary": {"covered_lines": 2, "num_statements": 2, "percent_covered": 100.0, "percent_covered_display": "100", "missing_lines": 0, "excluded_lines": 0}, "missing_lines": [], "excluded_lines": []}, "WDTagger._extract_category_indexes": {"executed_lines": [83, 85, 86, 87, 88], "summary": {"covered_lines": 5, "num_statements": 6, "percent_covered": 83.33333333333333, "percent_covered_display": "83", "missing_lines": 1, "excluded_lines": 0}, "missing_lines": [90], "excluded_lines": []}, "Z3D_E621Tagger.__init__": {"executed_lines": [], "summary": {"covered_lines": 0, "num_statements": 6, "percent_covered": 0.0, "percent_covered_display": "0", "missing_lines": 6, "excluded_lines": 0}, "missing_lines": [100, 103, 114, 116, 118, 119], "excluded_lines": []}, "Z3D_E621Tagger._load_tags": {"executed_lines": [], "summary": {"covered_lines": 0, "num_statements": 15, "percent_covered": 0.0, "percent_covered_display": "0", "missing_lines": 15, "excluded_lines": 0}, "missing_lines": [123, 124, 125, 127, 128, 130, 131, 132, 135, 137, 139, 140, 142, 143, 144], "excluded_lines": []}, "Z3D_E621Tagger._process_categories": {"executed_lines": [], "summary": {"covered_lines": 0, "num_statements": 6, "percent_covered": 0.0, "percent_covered_display": "0", "missing_lines": 6, "excluded_lines": 0}, "missing_lines": [148, 150, 153, 154, 155, 158], "excluded_lines": []}, "Z3D_E621Tagger._init_empty_indexes": {"executed_lines": [], "summary": {"covered_lines": 0, "num_statements": 3, "percent_covered": 0.0, "percent_covered_display": "0", "missing_lines": 3, "excluded_lines": 0}, "missing_lines": [162, 163, 164], "excluded_lines": []}, "Z3D_E621Tagger._extract_category_indexes": {"executed_lines": [], "summary": {"covered_lines": 0, "num_statements": 4, "percent_covered": 0.0, "percent_covered_display": "0", "missing_lines": 4, "excluded_lines": 0}, "missing_lines": [169, 178, 179, 180], "excluded_lines": []}, "Z3D_E621Tagger._extract_rating_indexes": {"executed_lines": [], "summary": {"covered_lines": 0, "num_statements": 1, "percent_covered": 0.0, "percent_covered_display": "0", "missing_lines": 1, "excluded_lines": 0}, "missing_lines": [184], "excluded_lines": []}, "Z3D_E621Tagger._handle_unclassified_tags": {"executed_lines": [], "summary": {"covered_lines": 0, "num_statements": 8, "percent_covered": 0.0, "percent_covered_display": "0", "missing_lines": 8, "excluded_lines": 0}, "missing_lines": [189, 201, 204, 205, 208, 209, 210, 211], "excluded_lines": []}, "": {"executed_lines": [1, 3, 5, 6, 7, 13, 14, 15, 16, 17, 18, 19, 20, 21, 24, 25, 27, 45, 76, 81, 95, 96, 98, 121, 146, 160, 166, 182, 186], "summary": {"covered_lines": 26, "num_statements": 26, "percent_covered": 100.0, "percent_covered_display": "100", "missing_lines": 0, "excluded_lines": 0}, "missing_lines": [], "excluded_lines": []}}, "classes": {"E621Categories": {"executed_lines": [], "summary": {"covered_lines": 0, "num_statements": 0, "percent_covered": 100.0, "percent_covered_display": "100", "missing_lines": 0, "excluded_lines": 0}, "missing_lines": [], "excluded_lines": []}, "WDTagger": {"executed_lines": [29, 31, 34, 40, 42, 43, 47, 48, 49, 51, 52, 54, 57, 60, 63, 66, 68, 69, 70, 72, 73, 74, 78, 79, 83, 85, 86, 87, 88], "summary": {"covered_lines": 29, "num_statements": 30, "percent_covered": 96.66666666666667, "percent_covered_display": "97", "missing_lines": 1, "excluded_lines": 0}, "missing_lines": [90], "excluded_lines": []}, "Z3D_E621Tagger": {"executed_lines": [], "summary": {"covered_lines": 0, "num_statements": 43, "percent_covered": 0.0, "percent_covered_display": "0", "missing_lines": 43, "excluded_lines": 0}, "missing_lines": [100, 103, 114, 116, 118, 119, 123, 124, 125, 127, 128, 130, 131, 132, 135, 137, 139, 140, 142, 143, 144, 148, 150, 153, 154, 155, 158, 162, 163, 164, 169, 178, 179, 180, 184, 189, 201, 204, 205, 208, 209, 210, 211], "excluded_lines": []}, "": {"executed_lines": [1, 3, 5, 6, 7, 13, 14, 15, 16, 17, 18, 19, 20, 21, 24, 25, 27, 45, 76, 81, 95, 96, 98, 121, 146, 160, 166, 182, 186], "summary": {"covered_lines": 26, "num_statements": 26, "percent_covered": 100.0, "percent_covered_display": "100", "missing_lines": 0, "excluded_lines": 0}, "missing_lines": [], "excluded_lines": []}}}, "local_packages/image-annotator-lib/src/image_annotator_lib/model_class/tagger_tensorflow.py": {"executed_lines": [1, 3, 5, 6, 7, 9, 10, 11, 12, 15, 16, 26, 28, 30, 31, 32, 34, 36, 38, 39, 41, 44, 45, 47, 48, 49, 51, 52, 55, 57, 58, 61, 62, 63, 67, 68, 70, 76, 80, 81, 82, 84, 85, 88, 89, 90, 92, 93, 94, 95, 96, 97, 98, 101, 102, 103, 109, 111, 113, 114, 115, 116, 118, 120, 121, 124, 126, 127, 129, 130, 132, 134, 135, 139, 141, 142, 143, 145, 146, 149, 150, 151, 152, 155, 156, 157, 158, 161, 162, 163, 166, 169, 172, 176, 178], "summary": {"covered_lines": 93, "num_statements": 96, "percent_covered": 96.875, "percent_covered_display": "97", "missing_lines": 3, "excluded_lines": 0}, "missing_lines": [71, 72, 73], "excluded_lines": [], "functions": {"DeepDanbooruTagger.__init__": {"executed_lines": [28, 30, 31, 32, 34], "summary": {"covered_lines": 5, "num_statements": 5, "percent_covered": 100.0, "percent_covered_display": "100", "missing_lines": 0, "excluded_lines": 0}, "missing_lines": [], "excluded_lines": []}, "DeepDanbooruTagger._load_tags": {"executed_lines": [38, 39, 41, 44, 45, 47, 48, 49, 51, 52, 55, 57, 58, 61, 62, 63, 67, 68, 70], "summary": {"covered_lines": 19, "num_statements": 22, "percent_covered": 86.36363636363636, "percent_covered_display": "86", "missing_lines": 3, "excluded_lines": 0}, "missing_lines": [71, 72, 73], "excluded_lines": []}, "DeepDanbooruTagger._preprocess_images": {"executed_lines": [80, 81, 82, 84, 85, 88, 89, 90, 92, 93, 94, 95, 96, 97, 98, 101, 102, 103], "summary": {"covered_lines": 18, "num_statements": 18, "percent_covered": 100.0, "percent_covered_display": "100", "missing_lines": 0, "excluded_lines": 0}, "missing_lines": [], "excluded_lines": []}, "DeepDanbooruTagger._format_predictions": {"executed_lines": [111, 113, 114, 115, 116, 118, 120, 121, 124, 126, 127, 129, 130, 132, 134, 135, 139, 141, 142, 143, 145, 146, 149, 150, 151, 152, 155, 156, 157, 158, 161, 162, 163, 166, 169, 172, 176, 178], "summary": {"covered_lines": 38, "num_statements": 38, "percent_covered": 100.0, "percent_covered_display": "100", "missing_lines": 0, "excluded_lines": 0}, "missing_lines": [], "excluded_lines": []}, "": {"executed_lines": [1, 3, 5, 6, 7, 9, 10, 11, 12, 15, 16, 26, 36, 76, 109], "summary": {"covered_lines": 13, "num_statements": 13, "percent_covered": 100.0, "percent_covered_display": "100", "missing_lines": 0, "excluded_lines": 0}, "missing_lines": [], "excluded_lines": []}}, "classes": {"DeepDanbooruTagger": {"executed_lines": [28, 30, 31, 32, 34, 38, 39, 41, 44, 45, 47, 48, 49, 51, 52, 55, 57, 58, 61, 62, 63, 67, 68, 70, 80, 81, 82, 84, 85, 88, 89, 90, 92, 93, 94, 95, 96, 97, 98, 101, 102, 103, 111, 113, 114, 115, 116, 118, 120, 121, 124, 126, 127, 129, 130, 132, 134, 135, 139, 141, 142, 143, 145, 146, 149, 150, 151, 152, 155, 156, 157, 158, 161, 162, 163, 166, 169, 172, 176, 178], "summary": {"covered_lines": 80, "num_statements": 83, "percent_covered": 96.3855421686747, "percent_covered_display": "96", "missing_lines": 3, "excluded_lines": 0}, "missing_lines": [71, 72, 73], "excluded_lines": []}, "": {"executed_lines": [1, 3, 5, 6, 7, 9, 10, 11, 12, 15, 16, 26, 36, 76, 109], "summary": {"covered_lines": 13, "num_statements": 13, "percent_covered": 100.0, "percent_covered_display": "100", "missing_lines": 0, "excluded_lines": 0}, "missing_lines": [], "excluded_lines": []}}}, "local_packages/image-annotator-lib/src/image_annotator_lib/model_class/tagger_transformers.py": {"executed_lines": [1, 3, 4, 6, 7, 8, 11, 12, 13, 16, 17, 21, 22, 26, 27, 44, 59, 86, 102], "summary": {"covered_lines": 19, "num_statements": 55, "percent_covered": 34.54545454545455, "percent_covered_display": "35", "missing_lines": 36, "excluded_lines": 0}, "missing_lines": [18, 23, 28, 29, 30, 46, 47, 48, 51, 53, 55, 56, 57, 61, 63, 71, 72, 74, 76, 77, 78, 79, 80, 81, 82, 83, 84, 88, 89, 91, 95, 96, 98, 99, 100, 108], "excluded_lines": [], "functions": {"BLIPTagger.__init__": {"executed_lines": [13], "summary": {"covered_lines": 1, "num_statements": 1, "percent_covered": 100.0, "percent_covered_display": "100", "missing_lines": 0, "excluded_lines": 0}, "missing_lines": [], "excluded_lines": []}, "BLIP2Tagger.__init__": {"executed_lines": [], "summary": {"covered_lines": 0, "num_statements": 1, "percent_covered": 0.0, "percent_covered_display": "0", "missing_lines": 1, "excluded_lines": 0}, "missing_lines": [18], "excluded_lines": []}, "GITTagger.__init__": {"executed_lines": [], "summary": {"covered_lines": 0, "num_statements": 1, "percent_covered": 0.0, "percent_covered_display": "0", "missing_lines": 1, "excluded_lines": 0}, "missing_lines": [23], "excluded_lines": []}, "ToriiGateTagger.__init__": {"executed_lines": [], "summary": {"covered_lines": 0, "num_statements": 3, "percent_covered": 0.0, "percent_covered_display": "0", "missing_lines": 3, "excluded_lines": 0}, "missing_lines": [28, 29, 30], "excluded_lines": []}, "ToriiGateTagger._preprocess_image": {"executed_lines": [], "summary": {"covered_lines": 0, "num_statements": 8, "percent_covered": 0.0, "percent_covered_display": "0", "missing_lines": 8, "excluded_lines": 0}, "missing_lines": [46, 47, 48, 51, 53, 55, 56, 57], "excluded_lines": []}, "ToriiGateTagger._run_inference": {"executed_lines": [], "summary": {"covered_lines": 0, "num_statements": 14, "percent_covered": 0.0, "percent_covered_display": "0", "missing_lines": 14, "excluded_lines": 0}, "missing_lines": [61, 63, 71, 72, 74, 76, 77, 78, 79, 80, 81, 82, 83, 84], "excluded_lines": []}, "ToriiGateTagger._format_predictions": {"executed_lines": [], "summary": {"covered_lines": 0, "num_statements": 8, "percent_covered": 0.0, "percent_covered_display": "0", "missing_lines": 8, "excluded_lines": 0}, "missing_lines": [88, 89, 91, 95, 96, 98, 99, 100], "excluded_lines": []}, "ToriiGateTagger._generate_tags": {"executed_lines": [], "summary": {"covered_lines": 0, "num_statements": 1, "percent_covered": 0.0, "percent_covered_display": "0", "missing_lines": 1, "excluded_lines": 0}, "missing_lines": [108], "excluded_lines": []}, "": {"executed_lines": [1, 3, 4, 6, 7, 8, 11, 12, 16, 17, 21, 22, 26, 27, 44, 59, 86, 102], "summary": {"covered_lines": 18, "num_statements": 18, "percent_covered": 100.0, "percent_covered_display": "100", "missing_lines": 0, "excluded_lines": 0}, "missing_lines": [], "excluded_lines": []}}, "classes": {"BLIPTagger": {"executed_lines": [13], "summary": {"covered_lines": 1, "num_statements": 1, "percent_covered": 100.0, "percent_covered_display": "100", "missing_lines": 0, "excluded_lines": 0}, "missing_lines": [], "excluded_lines": []}, "BLIP2Tagger": {"executed_lines": [], "summary": {"covered_lines": 0, "num_statements": 1, "percent_covered": 0.0, "percent_covered_display": "0", "missing_lines": 1, "excluded_lines": 0}, "missing_lines": [18], "excluded_lines": []}, "GITTagger": {"executed_lines": [], "summary": {"covered_lines": 0, "num_statements": 1, "percent_covered": 0.0, "percent_covered_display": "0", "missing_lines": 1, "excluded_lines": 0}, "missing_lines": [23], "excluded_lines": []}, "ToriiGateTagger": {"executed_lines": [], "summary": {"covered_lines": 0, "num_statements": 34, "percent_covered": 0.0, "percent_covered_display": "0", "missing_lines": 34, "excluded_lines": 0}, "missing_lines": [28, 29, 30, 46, 47, 48, 51, 53, 55, 56, 57, 61, 63, 71, 72, 74, 76, 77, 78, 79, 80, 81, 82, 83, 84, 88, 89, 91, 95, 96, 98, 99, 100, 108], "excluded_lines": []}, "": {"executed_lines": [1, 3, 4, 6, 7, 8, 11, 12, 16, 17, 21, 22, 26, 27, 44, 59, 86, 102], "summary": {"covered_lines": 18, "num_statements": 18, "percent_covered": 100.0, "percent_covered_display": "100", "missing_lines": 0, "excluded_lines": 0}, "missing_lines": [], "excluded_lines": []}}}}, "totals": {"covered_lines": 3382, "num_statements": 4855, "percent_covered": 69.66014418125644, "percent_covered_display": "70", "missing_lines": 1473, "excluded_lines": 214}}