{"meta": {"format": 3, "version": "7.11.0", "timestamp": "2025-10-28T12:54:38.239179", "branch_coverage": false, "show_contexts": false}, "files": {"local_packages/image-annotator-lib/src/image_annotator_lib/__init__.py": {"executed_lines": [1, 3, 6, 7, 9, 10, 11, 12, 18, 19, 24, 25, 26, 27, 30, 52, 54, 55, 58], "summary": {"covered_lines": 19, "num_statements": 23, "percent_covered": 82.6086956521739, "percent_covered_display": "83", "missing_lines": 4, "excluded_lines": 1}, "missing_lines": [75, 76, 78, 80], "excluded_lines": [61], "functions": {"annotate": {"executed_lines": [], "summary": {"covered_lines": 0, "num_statements": 4, "percent_covered": 0.0, "percent_covered_display": "0", "missing_lines": 4, "excluded_lines": 1}, "missing_lines": [75, 76, 78, 80], "excluded_lines": [61]}, "": {"executed_lines": [1, 3, 6, 7, 9, 10, 11, 12, 18, 19, 24, 25, 26, 27, 30, 52, 54, 55, 58], "summary": {"covered_lines": 19, "num_statements": 19, "percent_covered": 100.0, "percent_covered_display": "100", "missing_lines": 0, "excluded_lines": 0}, "missing_lines": [], "excluded_lines": []}}, "classes": {"": {"executed_lines": [1, 3, 6, 7, 9, 10, 11, 12, 18, 19, 24, 25, 26, 27, 30, 52, 54, 55, 58], "summary": {"covered_lines": 19, "num_statements": 23, "percent_covered": 82.6086956521739, "percent_covered_display": "83", "missing_lines": 4, "excluded_lines": 1}, "missing_lines": [75, 76, 78, 80], "excluded_lines": [61]}}}, "local_packages/image-annotator-lib/src/image_annotator_lib/api.py": {"executed_lines": [1, 6, 8, 10, 11, 12, 13, 14, 15, 17, 20, 21, 29, 40, 55, 58, 59, 60, 62, 64, 67, 68, 69, 70, 71, 73, 80, 81, 82, 83, 84, 86, 89, 92, 94, 98, 99, 102, 105, 108, 109, 112, 119, 122, 123, 125, 126, 127, 128, 129, 131, 133, 135, 136, 138, 140, 142, 144, 145, 147, 149, 155, 157, 158, 159, 161, 162, 170, 171, 172, 175, 176, 177, 181, 186, 187, 189, 190, 200, 204, 216, 220, 235, 252, 253, 254, 256, 257, 258, 260, 261, 262, 265, 279, 280, 281, 284, 296, 298, 301, 302, 305, 307, 310, 320, 321, 322, 324, 325, 328, 330, 331, 336, 342, 344, 347, 378, 380, 381, 382, 383, 384, 385, 387, 388, 390, 392, 393, 394, 395, 396, 397, 398, 399, 401, 402, 403, 404, 407, 410, 414, 417, 418, 420, 421, 422, 423, 426, 430, 431, 434, 436, 437, 440, 441, 442, 443, 444, 446, 448, 455, 459, 460, 462, 464, 465, 467, 469, 470, 473, 479, 481, 482], "summary": {"covered_lines": 165, "num_statements": 185, "percent_covered": 89.1891891891892, "percent_covered_display": "89", "missing_lines": 20, "excluded_lines": 7}, "missing_lines": [178, 179, 183, 198, 202, 206, 207, 209, 218, 222, 223, 224, 225, 226, 227, 228, 229, 230, 231, 232], "excluded_lines": [353, 382, 387, 388, 394, 413, 418], "functions": {"_create_annotator_instance": {"executed_lines": [55, 58, 59, 60, 62, 64, 67, 68, 69, 70, 71, 73, 80, 81, 82, 83, 84, 86, 89, 92, 94, 98, 99, 102], "summary": {"covered_lines": 24, "num_statements": 24, "percent_covered": 100.0, "percent_covered_display": "100", "missing_lines": 0, "excluded_lines": 0}, "missing_lines": [], "excluded_lines": []}, "_is_pydantic_ai_webapi_annotator": {"executed_lines": [108, 109, 112, 119], "summary": {"covered_lines": 4, "num_statements": 4, "percent_covered": 100.0, "percent_covered_display": "100", "missing_lines": 0, "excluded_lines": 0}, "missing_lines": [], "excluded_lines": []}, "PydanticAIWebAPIWrapper.__init__": {"executed_lines": [126, 127, 128, 129], "summary": {"covered_lines": 4, "num_statements": 4, "percent_covered": 100.0, "percent_covered_display": "100", "missing_lines": 0, "excluded_lines": 0}, "missing_lines": [], "excluded_lines": []}, "PydanticAIWebAPIWrapper.__enter__": {"executed_lines": [133, 135, 136], "summary": {"covered_lines": 3, "num_statements": 3, "percent_covered": 100.0, "percent_covered_display": "100", "missing_lines": 0, "excluded_lines": 0}, "missing_lines": [], "excluded_lines": []}, "PydanticAIWebAPIWrapper.__exit__": {"executed_lines": [140], "summary": {"covered_lines": 1, "num_statements": 1, "percent_covered": 100.0, "percent_covered_display": "100", "missing_lines": 0, "excluded_lines": 0}, "missing_lines": [], "excluded_lines": []}, "PydanticAIWebAPIWrapper.predict": {"executed_lines": [144, 145, 147, 149, 155, 157, 158, 159, 161, 162, 170, 171, 172, 175, 176, 177, 181, 186, 187, 189, 190], "summary": {"covered_lines": 21, "num_statements": 25, "percent_covered": 84.0, "percent_covered_display": "84", "missing_lines": 4, "excluded_lines": 0}, "missing_lines": [178, 179, 183, 198], "excluded_lines": []}, "PydanticAIWebAPIWrapper._preprocess_images": {"executed_lines": [], "summary": {"covered_lines": 0, "num_statements": 1, "percent_covered": 0.0, "percent_covered_display": "0", "missing_lines": 1, "excluded_lines": 0}, "missing_lines": [202], "excluded_lines": []}, "PydanticAIWebAPIWrapper._run_inference": {"executed_lines": [], "summary": {"covered_lines": 0, "num_statements": 3, "percent_covered": 0.0, "percent_covered_display": "0", "missing_lines": 3, "excluded_lines": 0}, "missing_lines": [206, 207, 209], "excluded_lines": []}, "PydanticAIWebAPIWrapper._format_predictions": {"executed_lines": [], "summary": {"covered_lines": 0, "num_statements": 1, "percent_covered": 0.0, "percent_covered_display": "0", "missing_lines": 1, "excluded_lines": 0}, "missing_lines": [218], "excluded_lines": []}, "PydanticAIWebAPIWrapper._generate_tags": {"executed_lines": [], "summary": {"covered_lines": 0, "num_statements": 11, "percent_covered": 0.0, "percent_covered_display": "0", "missing_lines": 11, "excluded_lines": 0}, "missing_lines": [222, 223, 224, 225, 226, 227, 228, 229, 230, 231, 232], "excluded_lines": []}, "get_annotator_instance": {"executed_lines": [252, 253, 254, 256, 257, 258, 260, 261, 262], "summary": {"covered_lines": 9, "num_statements": 9, "percent_covered": 100.0, "percent_covered_display": "100", "missing_lines": 0, "excluded_lines": 0}, "missing_lines": [], "excluded_lines": []}, "_annotate_model": {"executed_lines": [279, 280, 281], "summary": {"covered_lines": 3, "num_statements": 3, "percent_covered": 100.0, "percent_covered_display": "100", "missing_lines": 0, "excluded_lines": 0}, "missing_lines": [], "excluded_lines": []}, "_process_model_results": {"executed_lines": [296, 298, 301, 302, 305, 307], "summary": {"covered_lines": 6, "num_statements": 6, "percent_covered": 100.0, "percent_covered_display": "100", "missing_lines": 0, "excluded_lines": 0}, "missing_lines": [], "excluded_lines": []}, "_handle_error": {"executed_lines": [320, 321, 322, 324, 325, 328, 330, 331], "summary": {"covered_lines": 8, "num_statements": 8, "percent_covered": 100.0, "percent_covered_display": "100", "missing_lines": 0, "excluded_lines": 0}, "missing_lines": [], "excluded_lines": []}, "list_available_annotators": {"executed_lines": [342, 344], "summary": {"covered_lines": 2, "num_statements": 2, "percent_covered": 100.0, "percent_covered_display": "100", "missing_lines": 0, "excluded_lines": 0}, "missing_lines": [], "excluded_lines": []}, "annotate": {"executed_lines": [378, 380, 381, 382, 383, 384, 385, 387, 388, 390, 392, 393, 394, 395, 396, 397, 398, 399, 401, 402, 403, 404, 407, 410, 414, 417, 418, 420, 421, 422, 423, 426, 430, 431, 434, 436, 437, 440, 441, 442, 443, 444, 446, 448, 455, 459, 460, 462, 464, 465, 467, 469, 470, 473, 479, 481, 482], "summary": {"covered_lines": 52, "num_statements": 52, "percent_covered": 100.0, "percent_covered_display": "100", "missing_lines": 0, "excluded_lines": 7}, "missing_lines": [], "excluded_lines": [353, 382, 387, 388, 394, 413, 418]}, "": {"executed_lines": [1, 6, 8, 10, 11, 12, 13, 14, 15, 17, 20, 21, 29, 40, 105, 122, 123, 125, 131, 138, 142, 200, 204, 216, 220, 235, 265, 284, 310, 336, 347], "summary": {"covered_lines": 28, "num_statements": 28, "percent_covered": 100.0, "percent_covered_display": "100", "missing_lines": 0, "excluded_lines": 0}, "missing_lines": [], "excluded_lines": []}}, "classes": {"PHashAnnotationResults": {"executed_lines": [], "summary": {"covered_lines": 0, "num_statements": 0, "percent_covered": 100.0, "percent_covered_display": "100", "missing_lines": 0, "excluded_lines": 0}, "missing_lines": [], "excluded_lines": []}, "PydanticAIWebAPIWrapper": {"executed_lines": [126, 127, 128, 129, 133, 135, 136, 140, 144, 145, 147, 149, 155, 157, 158, 159, 161, 162, 170, 171, 172, 175, 176, 177, 181, 186, 187, 189, 190], "summary": {"covered_lines": 29, "num_statements": 49, "percent_covered": 59.183673469387756, "percent_covered_display": "59", "missing_lines": 20, "excluded_lines": 0}, "missing_lines": [178, 179, 183, 198, 202, 206, 207, 209, 218, 222, 223, 224, 225, 226, 227, 228, 229, 230, 231, 232], "excluded_lines": []}, "": {"executed_lines": [1, 6, 8, 10, 11, 12, 13, 14, 15, 17, 20, 21, 29, 40, 55, 58, 59, 60, 62, 64, 67, 68, 69, 70, 71, 73, 80, 81, 82, 83, 84, 86, 89, 92, 94, 98, 99, 102, 105, 108, 109, 112, 119, 122, 123, 125, 131, 138, 142, 200, 204, 216, 220, 235, 252, 253, 254, 256, 257, 258, 260, 261, 262, 265, 279, 280, 281, 284, 296, 298, 301, 302, 305, 307, 310, 320, 321, 322, 324, 325, 328, 330, 331, 336, 342, 344, 347, 378, 380, 381, 382, 383, 384, 385, 387, 388, 390, 392, 393, 394, 395, 396, 397, 398, 399, 401, 402, 403, 404, 407, 410, 414, 417, 418, 420, 421, 422, 423, 426, 430, 431, 434, 436, 437, 440, 441, 442, 443, 444, 446, 448, 455, 459, 460, 462, 464, 465, 467, 469, 470, 473, 479, 481, 482], "summary": {"covered_lines": 136, "num_statements": 136, "percent_covered": 100.0, "percent_covered_display": "100", "missing_lines": 0, "excluded_lines": 7}, "missing_lines": [], "excluded_lines": [353, 382, 387, 388, 394, 413, 418]}}}, "local_packages/image-annotator-lib/src/image_annotator_lib/core/api_model_discovery.py": {"executed_lines": [1, 3, 4, 5, 6, 8, 10, 16, 20, 21, 23, 24, 27, 100, 122, 123, 124, 126, 127, 130, 182, 218, 280], "summary": {"covered_lines": 22, "num_statements": 149, "percent_covered": 14.765100671140939, "percent_covered_display": "15", "missing_lines": 127, "excluded_lines": 3}, "missing_lines": [29, 30, 33, 34, 38, 39, 40, 41, 43, 44, 49, 50, 51, 58, 62, 63, 64, 65, 66, 67, 68, 69, 70, 72, 74, 75, 76, 80, 84, 92, 96, 97, 132, 137, 139, 140, 144, 148, 151, 152, 153, 154, 155, 156, 157, 158, 159, 160, 161, 162, 163, 164, 166, 167, 168, 169, 170, 171, 172, 173, 174, 175, 176, 184, 185, 186, 187, 190, 191, 192, 193, 194, 195, 199, 200, 201, 203, 204, 205, 206, 207, 209, 210, 213, 215, 223, 224, 226, 228, 229, 233, 236, 237, 238, 239, 241, 242, 245, 246, 247, 248, 250, 251, 253, 257, 258, 262, 264, 267, 277, 297, 298, 301, 302, 303, 304, 307, 308, 310, 311, 314, 317, 318, 320, 321, 323, 326], "excluded_lines": [101, 254, 255], "functions": {"_fetch_and_update_vision_models": {"executed_lines": [], "summary": {"covered_lines": 0, "num_statements": 32, "percent_covered": 0.0, "percent_covered_display": "0", "missing_lines": 32, "excluded_lines": 0}, "missing_lines": [29, 30, 33, 34, 38, 39, 40, 41, 43, 44, 49, 50, 51, 58, 62, 63, 64, 65, 66, 67, 68, 69, 70, 72, 74, 75, 76, 80, 84, 92, 96, 97], "excluded_lines": []}, "discover_available_vision_models": {"executed_lines": [122, 123, 124, 126, 127, 130], "summary": {"covered_lines": 6, "num_statements": 37, "percent_covered": 16.216216216216218, "percent_covered_display": "16", "missing_lines": 31, "excluded_lines": 1}, "missing_lines": [132, 137, 139, 140, 144, 148, 151, 152, 153, 154, 155, 156, 157, 158, 159, 160, 161, 162, 163, 164, 166, 167, 168, 169, 170, 171, 172, 173, 174, 175, 176], "excluded_lines": [101]}, "_filter_vision_models": {"executed_lines": [], "summary": {"covered_lines": 0, "num_statements": 22, "percent_covered": 0.0, "percent_covered_display": "0", "missing_lines": 22, "excluded_lines": 0}, "missing_lines": [184, 185, 186, 187, 190, 191, 192, 193, 194, 195, 199, 200, 201, 203, 204, 205, 206, 207, 209, 210, 213, 215], "excluded_lines": []}, "_format_model_data_for_toml": {"executed_lines": [], "summary": {"covered_lines": 0, "num_statements": 25, "percent_covered": 0.0, "percent_covered_display": "0", "missing_lines": 25, "excluded_lines": 2}, "missing_lines": [223, 224, 226, 228, 229, 233, 236, 237, 238, 239, 241, 242, 245, 246, 247, 248, 250, 251, 253, 257, 258, 262, 264, 267, 277], "excluded_lines": [254, 255]}, "_update_toml_with_api_results": {"executed_lines": [], "summary": {"covered_lines": 0, "num_statements": 17, "percent_covered": 0.0, "percent_covered_display": "0", "missing_lines": 17, "excluded_lines": 0}, "missing_lines": [297, 298, 301, 302, 303, 304, 307, 308, 310, 311, 314, 317, 318, 320, 321, 323, 326], "excluded_lines": []}, "": {"executed_lines": [1, 3, 4, 5, 6, 8, 10, 16, 20, 21, 23, 24, 27, 100, 182, 218, 280], "summary": {"covered_lines": 16, "num_statements": 16, "percent_covered": 100.0, "percent_covered_display": "100", "missing_lines": 0, "excluded_lines": 0}, "missing_lines": [], "excluded_lines": []}}, "classes": {"": {"executed_lines": [1, 3, 4, 5, 6, 8, 10, 16, 20, 21, 23, 24, 27, 100, 122, 123, 124, 126, 127, 130, 182, 218, 280], "summary": {"covered_lines": 22, "num_statements": 149, "percent_covered": 14.765100671140939, "percent_covered_display": "15", "missing_lines": 127, "excluded_lines": 3}, "missing_lines": [29, 30, 33, 34, 38, 39, 40, 41, 43, 44, 49, 50, 51, 58, 62, 63, 64, 65, 66, 67, 68, 69, 70, 72, 74, 75, 76, 80, 84, 92, 96, 97, 132, 137, 139, 140, 144, 148, 151, 152, 153, 154, 155, 156, 157, 158, 159, 160, 161, 162, 163, 164, 166, 167, 168, 169, 170, 171, 172, 173, 174, 175, 176, 184, 185, 186, 187, 190, 191, 192, 193, 194, 195, 199, 200, 201, 203, 204, 205, 206, 207, 209, 210, 213, 215, 223, 224, 226, 228, 229, 233, 236, 237, 238, 239, 241, 242, 245, 246, 247, 248, 250, 251, 253, 257, 258, 262, 264, 267, 277, 297, 298, 301, 302, 303, 304, 307, 308, 310, 311, 314, 317, 318, 320, 321, 323, 326], "excluded_lines": [101, 254, 255]}}}, "local_packages/image-annotator-lib/src/image_annotator_lib/core/base/__init__.py": {"executed_lines": [1, 3, 4, 5, 6, 7, 8, 9, 11], "summary": {"covered_lines": 8, "num_statements": 8, "percent_covered": 100.0, "percent_covered_display": "100", "missing_lines": 0, "excluded_lines": 0}, "missing_lines": [], "excluded_lines": [], "functions": {"": {"executed_lines": [1, 3, 4, 5, 6, 7, 8, 9, 11], "summary": {"covered_lines": 8, "num_statements": 8, "percent_covered": 100.0, "percent_covered_display": "100", "missing_lines": 0, "excluded_lines": 0}, "missing_lines": [], "excluded_lines": []}}, "classes": {"": {"executed_lines": [1, 3, 4, 5, 6, 7, 8, 9, 11], "summary": {"covered_lines": 8, "num_statements": 8, "percent_covered": 100.0, "percent_covered_display": "100", "missing_lines": 0, "excluded_lines": 0}, "missing_lines": [], "excluded_lines": []}}}, "local_packages/image-annotator-lib/src/image_annotator_lib/core/base/annotator.py": {"executed_lines": [1, 3, 4, 5, 7, 8, 11, 12, 13, 14, 17, 18, 24, 30, 31, 32, 33, 35, 36, 40, 41, 47, 48, 59, 60, 71, 72, 83, 84, 95, 107, 108, 109, 110, 111, 113, 114, 115, 116, 119, 120, 121, 122, 125, 126, 127, 128, 131, 132, 134, 135, 137, 144, 146, 152, 154, 155, 156, 162, 164, 165, 167, 168, 174, 175, 176, 178, 179, 185, 187, 189, 198, 199, 200, 201, 202, 203], "summary": {"covered_lines": 62, "num_statements": 62, "percent_covered": 100.0, "percent_covered_display": "100", "missing_lines": 0, "excluded_lines": 55}, "missing_lines": [], "excluded_lines": [11, 35, 36, 37, 38, 40, 41, 42, 43, 44, 45, 47, 48, 49, 50, 51, 52, 53, 54, 55, 56, 57, 59, 60, 61, 62, 63, 64, 65, 66, 67, 68, 69, 71, 72, 73, 74, 75, 76, 77, 78, 79, 80, 81, 83, 84, 85, 86, 87, 88, 89, 90, 91, 92, 93], "functions": {"BaseAnnotator.__init__": {"executed_lines": [30, 31, 32, 33], "summary": {"covered_lines": 4, "num_statements": 4, "percent_covered": 100.0, "percent_covered_display": "100", "missing_lines": 0, "excluded_lines": 0}, "missing_lines": [], "excluded_lines": []}, "BaseAnnotator.__enter__": {"executed_lines": [], "summary": {"covered_lines": 0, "num_statements": 0, "percent_covered": 100.0, "percent_covered_display": "100", "missing_lines": 0, "excluded_lines": 2}, "missing_lines": [], "excluded_lines": [37, 38]}, "BaseAnnotator.__exit__": {"executed_lines": [], "summary": {"covered_lines": 0, "num_statements": 0, "percent_covered": 100.0, "percent_covered_display": "100", "missing_lines": 0, "excluded_lines": 2}, "missing_lines": [], "excluded_lines": [44, 45]}, "BaseAnnotator._preprocess_images": {"executed_lines": [], "summary": {"covered_lines": 0, "num_statements": 0, "percent_covered": 100.0, "percent_covered_display": "100", "missing_lines": 0, "excluded_lines": 9}, "missing_lines": [], "excluded_lines": [49, 50, 51, 52, 53, 54, 55, 56, 57]}, "BaseAnnotator._run_inference": {"executed_lines": [], "summary": {"covered_lines": 0, "num_statements": 0, "percent_covered": 100.0, "percent_covered_display": "100", "missing_lines": 0, "excluded_lines": 9}, "missing_lines": [], "excluded_lines": [61, 62, 63, 64, 65, 66, 67, 68, 69]}, "BaseAnnotator._format_predictions": {"executed_lines": [], "summary": {"covered_lines": 0, "num_statements": 0, "percent_covered": 100.0, "percent_covered_display": "100", "missing_lines": 0, "excluded_lines": 9}, "missing_lines": [], "excluded_lines": [73, 74, 75, 76, 77, 78, 79, 80, 81]}, "BaseAnnotator._generate_tags": {"executed_lines": [], "summary": {"covered_lines": 0, "num_statements": 0, "percent_covered": 100.0, "percent_covered_display": "100", "missing_lines": 0, "excluded_lines": 9}, "missing_lines": [], "excluded_lines": [85, 86, 87, 88, 89, 90, 91, 92, 93]}, "BaseAnnotator.predict": {"executed_lines": [107, 108, 109, 110, 111, 113, 114, 115, 116, 119, 120, 121, 122, 125, 126, 127, 128, 131, 132, 134, 135, 137, 144, 146, 152, 154, 155, 156, 162, 164, 165, 167, 168, 174, 175, 176, 178, 179, 185, 187], "summary": {"covered_lines": 40, "num_statements": 40, "percent_covered": 100.0, "percent_covered_display": "100", "missing_lines": 0, "excluded_lines": 0}, "missing_lines": [], "excluded_lines": []}, "BaseAnnotator._calculate_phash": {"executed_lines": [198, 199, 200, 201, 202, 203], "summary": {"covered_lines": 6, "num_statements": 6, "percent_covered": 100.0, "percent_covered_display": "100", "missing_lines": 0, "excluded_lines": 0}, "missing_lines": [], "excluded_lines": []}, "": {"executed_lines": [1, 3, 4, 5, 7, 8, 11, 12, 13, 14, 17, 18, 24, 35, 36, 40, 41, 47, 48, 59, 60, 71, 72, 83, 84, 95, 189], "summary": {"covered_lines": 12, "num_statements": 12, "percent_covered": 100.0, "percent_covered_display": "100", "missing_lines": 0, "excluded_lines": 15}, "missing_lines": [], "excluded_lines": [11, 35, 36, 40, 41, 42, 43, 47, 48, 59, 60, 71, 72, 83, 84]}}, "classes": {"BaseAnnotator": {"executed_lines": [30, 31, 32, 33, 107, 108, 109, 110, 111, 113, 114, 115, 116, 119, 120, 121, 122, 125, 126, 127, 128, 131, 132, 134, 135, 137, 144, 146, 152, 154, 155, 156, 162, 164, 165, 167, 168, 174, 175, 176, 178, 179, 185, 187, 198, 199, 200, 201, 202, 203], "summary": {"covered_lines": 50, "num_statements": 50, "percent_covered": 100.0, "percent_covered_display": "100", "missing_lines": 0, "excluded_lines": 40}, "missing_lines": [], "excluded_lines": [37, 38, 44, 45, 49, 50, 51, 52, 53, 54, 55, 56, 57, 61, 62, 63, 64, 65, 66, 67, 68, 69, 73, 74, 75, 76, 77, 78, 79, 80, 81, 85, 86, 87, 88, 89, 90, 91, 92, 93]}, "": {"executed_lines": [1, 3, 4, 5, 7, 8, 11, 12, 13, 14, 17, 18, 24, 35, 36, 40, 41, 47, 48, 59, 60, 71, 72, 83, 84, 95, 189], "summary": {"covered_lines": 12, "num_statements": 12, "percent_covered": 100.0, "percent_covered_display": "100", "missing_lines": 0, "excluded_lines": 15}, "missing_lines": [], "excluded_lines": [11, 35, 36, 40, 41, 42, 43, 47, 48, 59, 60, 71, 72, 83, 84]}}}, "local_packages/image-annotator-lib/src/image_annotator_lib/core/base/clip.py": {"executed_lines": [1, 3, 4, 6, 7, 10, 11, 12, 13, 14, 15, 18, 19, 21, 31, 61, 77, 93, 121, 174, 175, 179], "summary": {"covered_lines": 17, "num_statements": 95, "percent_covered": 17.894736842105264, "percent_covered_display": "18", "missing_lines": 78, "excluded_lines": 5}, "missing_lines": [22, 24, 25, 29, 33, 34, 35, 36, 37, 38, 39, 47, 48, 49, 51, 52, 53, 54, 55, 56, 57, 58, 59, 65, 66, 67, 68, 71, 73, 74, 75, 79, 84, 85, 86, 87, 88, 89, 90, 91, 95, 100, 101, 102, 104, 105, 107, 108, 109, 110, 111, 112, 113, 114, 115, 116, 117, 118, 119, 123, 125, 127, 128, 129, 131, 132, 133, 148, 150, 151, 152, 153, 155, 164, 165, 181, 185, 186], "excluded_lines": [10, 174, 175, 176, 177], "functions": {"ClipBaseAnnotator.__init__": {"executed_lines": [], "summary": {"covered_lines": 0, "num_statements": 4, "percent_covered": 0.0, "percent_covered_display": "0", "missing_lines": 4, "excluded_lines": 0}, "missing_lines": [22, 24, 25, 29], "excluded_lines": []}, "ClipBaseAnnotator.__enter__": {"executed_lines": [], "summary": {"covered_lines": 0, "num_statements": 19, "percent_covered": 0.0, "percent_covered_display": "0", "missing_lines": 19, "excluded_lines": 0}, "missing_lines": [33, 34, 35, 36, 37, 38, 39, 47, 48, 49, 51, 52, 53, 54, 55, 56, 57, 58, 59], "excluded_lines": []}, "ClipBaseAnnotator.__exit__": {"executed_lines": [], "summary": {"covered_lines": 0, "num_statements": 8, "percent_covered": 0.0, "percent_covered_display": "0", "missing_lines": 8, "excluded_lines": 0}, "missing_lines": [65, 66, 67, 68, 71, 73, 74, 75], "excluded_lines": []}, "ClipBaseAnnotator._preprocess_images": {"executed_lines": [], "summary": {"covered_lines": 0, "num_statements": 9, "percent_covered": 0.0, "percent_covered_display": "0", "missing_lines": 9, "excluded_lines": 0}, "missing_lines": [79, 84, 85, 86, 87, 88, 89, 90, 91], "excluded_lines": []}, "ClipBaseAnnotator._run_inference": {"executed_lines": [], "summary": {"covered_lines": 0, "num_statements": 19, "percent_covered": 0.0, "percent_covered_display": "0", "missing_lines": 19, "excluded_lines": 0}, "missing_lines": [95, 100, 101, 102, 104, 105, 107, 108, 109, 110, 111, 112, 113, 114, 115, 116, 117, 118, 119], "excluded_lines": []}, "ClipBaseAnnotator._format_predictions": {"executed_lines": [], "summary": {"covered_lines": 0, "num_statements": 16, "percent_covered": 0.0, "percent_covered_display": "0", "missing_lines": 16, "excluded_lines": 0}, "missing_lines": [123, 125, 127, 128, 129, 131, 132, 133, 148, 150, 151, 152, 153, 155, 164, 165], "excluded_lines": []}, "ClipBaseAnnotator._get_score_tag": {"executed_lines": [], "summary": {"covered_lines": 0, "num_statements": 0, "percent_covered": 100.0, "percent_covered_display": "100", "missing_lines": 0, "excluded_lines": 2}, "missing_lines": [], "excluded_lines": [176, 177]}, "ClipBaseAnnotator._generate_tags": {"executed_lines": [], "summary": {"covered_lines": 0, "num_statements": 3, "percent_covered": 0.0, "percent_covered_display": "0", "missing_lines": 3, "excluded_lines": 0}, "missing_lines": [181, 185, 186], "excluded_lines": []}, "": {"executed_lines": [1, 3, 4, 6, 7, 10, 11, 12, 13, 14, 15, 18, 19, 21, 31, 61, 77, 93, 121, 174, 175, 179], "summary": {"covered_lines": 17, "num_statements": 17, "percent_covered": 100.0, "percent_covered_display": "100", "missing_lines": 0, "excluded_lines": 3}, "missing_lines": [], "excluded_lines": [10, 174, 175]}}, "classes": {"ClipBaseAnnotator": {"executed_lines": [], "summary": {"covered_lines": 0, "num_statements": 78, "percent_covered": 0.0, "percent_covered_display": "0", "missing_lines": 78, "excluded_lines": 2}, "missing_lines": [22, 24, 25, 29, 33, 34, 35, 36, 37, 38, 39, 47, 48, 49, 51, 52, 53, 54, 55, 56, 57, 58, 59, 65, 66, 67, 68, 71, 73, 74, 75, 79, 84, 85, 86, 87, 88, 89, 90, 91, 95, 100, 101, 102, 104, 105, 107, 108, 109, 110, 111, 112, 113, 114, 115, 116, 117, 118, 119, 123, 125, 127, 128, 129, 131, 132, 133, 148, 150, 151, 152, 153, 155, 164, 165, 181, 185, 186], "excluded_lines": [176, 177]}, "": {"executed_lines": [1, 3, 4, 6, 7, 10, 11, 12, 13, 14, 15, 18, 19, 21, 31, 61, 77, 93, 121, 174, 175, 179], "summary": {"covered_lines": 17, "num_statements": 17, "percent_covered": 100.0, "percent_covered_display": "100", "missing_lines": 0, "excluded_lines": 3}, "missing_lines": [], "excluded_lines": [10, 174, 175]}}}, "local_packages/image-annotator-lib/src/image_annotator_lib/core/base/onnx.py": {"executed_lines": [1, 3, 4, 6, 7, 10, 11, 12, 13, 14, 17, 18, 20, 28, 48, 61, 62, 66, 81, 184, 213, 257, 292, 318, 328], "summary": {"covered_lines": 20, "num_statements": 182, "percent_covered": 10.989010989010989, "percent_covered_display": "11", "missing_lines": 162, "excluded_lines": 5}, "missing_lines": [21, 22, 23, 24, 26, 32, 33, 34, 35, 36, 37, 38, 40, 41, 42, 43, 44, 46, 52, 53, 54, 57, 58, 59, 70, 71, 72, 73, 74, 75, 76, 78, 79, 85, 87, 88, 89, 91, 92, 93, 101, 102, 103, 111, 112, 113, 114, 116, 117, 125, 126, 129, 136, 137, 140, 141, 142, 145, 148, 149, 150, 151, 154, 155, 158, 159, 160, 161, 162, 165, 166, 169, 186, 187, 188, 191, 193, 194, 195, 196, 197, 203, 204, 206, 207, 208, 209, 211, 215, 216, 217, 218, 220, 221, 222, 223, 229, 230, 231, 237, 238, 240, 241, 244, 245, 247, 248, 250, 251, 253, 259, 260, 262, 263, 264, 265, 266, 267, 268, 269, 271, 273, 274, 275, 276, 277, 278, 280, 281, 283, 284, 286, 288, 289, 290, 296, 297, 298, 299, 300, 302, 303, 304, 305, 306, 307, 308, 309, 310, 311, 312, 314, 315, 316, 322, 323, 324, 325, 326, 330, 331, 332], "excluded_lines": [10, 61, 62, 63, 64], "functions": {"ONNXBaseAnnotator.__init__": {"executed_lines": [], "summary": {"covered_lines": 0, "num_statements": 5, "percent_covered": 0.0, "percent_covered_display": "0", "missing_lines": 5, "excluded_lines": 0}, "missing_lines": [21, 22, 23, 24, 26], "excluded_lines": []}, "ONNXBaseAnnotator.__enter__": {"executed_lines": [], "summary": {"covered_lines": 0, "num_statements": 13, "percent_covered": 0.0, "percent_covered_display": "0", "missing_lines": 13, "excluded_lines": 0}, "missing_lines": [32, 33, 34, 35, 36, 37, 38, 40, 41, 42, 43, 44, 46], "excluded_lines": []}, "ONNXBaseAnnotator.__exit__": {"executed_lines": [], "summary": {"covered_lines": 0, "num_statements": 6, "percent_covered": 0.0, "percent_covered_display": "0", "missing_lines": 6, "excluded_lines": 0}, "missing_lines": [52, 53, 54, 57, 58, 59], "excluded_lines": []}, "ONNXBaseAnnotator._load_tags": {"executed_lines": [], "summary": {"covered_lines": 0, "num_statements": 0, "percent_covered": 100.0, "percent_covered_display": "100", "missing_lines": 0, "excluded_lines": 2}, "missing_lines": [], "excluded_lines": [63, 64]}, "ONNXBaseAnnotator._extract_category_tags": {"executed_lines": [], "summary": {"covered_lines": 0, "num_statements": 9, "percent_covered": 0.0, "percent_covered_display": "0", "missing_lines": 9, "excluded_lines": 0}, "missing_lines": [70, 71, 72, 73, 74, 75, 76, 78, 79], "excluded_lines": []}, "ONNXBaseAnnotator._format_predictions_single": {"executed_lines": [], "summary": {"covered_lines": 0, "num_statements": 39, "percent_covered": 0.0, "percent_covered_display": "0", "missing_lines": 39, "excluded_lines": 0}, "missing_lines": [85, 87, 88, 89, 91, 92, 93, 101, 102, 103, 111, 112, 113, 114, 116, 117, 125, 126, 129, 136, 137, 140, 141, 142, 145, 148, 149, 150, 151, 154, 155, 158, 159, 160, 161, 162, 165, 166, 169], "excluded_lines": []}, "ONNXBaseAnnotator._generate_tags_single": {"executed_lines": [], "summary": {"covered_lines": 0, "num_statements": 16, "percent_covered": 0.0, "percent_covered_display": "0", "missing_lines": 16, "excluded_lines": 0}, "missing_lines": [186, 187, 188, 191, 193, 194, 195, 196, 197, 203, 204, 206, 207, 208, 209, 211], "excluded_lines": []}, "ONNXBaseAnnotator._analyze_model_input_format": {"executed_lines": [], "summary": {"covered_lines": 0, "num_statements": 22, "percent_covered": 0.0, "percent_covered_display": "0", "missing_lines": 22, "excluded_lines": 0}, "missing_lines": [215, 216, 217, 218, 220, 221, 222, 223, 229, 230, 231, 237, 238, 240, 241, 244, 245, 247, 248, 250, 251, 253], "excluded_lines": []}, "ONNXBaseAnnotator._preprocess_images": {"executed_lines": [], "summary": {"covered_lines": 0, "num_statements": 25, "percent_covered": 0.0, "percent_covered_display": "0", "missing_lines": 25, "excluded_lines": 0}, "missing_lines": [259, 260, 262, 263, 264, 265, 266, 267, 268, 269, 271, 273, 274, 275, 276, 277, 278, 280, 281, 283, 284, 286, 288, 289, 290], "excluded_lines": []}, "ONNXBaseAnnotator._run_inference": {"executed_lines": [], "summary": {"covered_lines": 0, "num_statements": 19, "percent_covered": 0.0, "percent_covered_display": "0", "missing_lines": 19, "excluded_lines": 0}, "missing_lines": [296, 297, 298, 299, 300, 302, 303, 304, 305, 306, 307, 308, 309, 310, 311, 312, 314, 315, 316], "excluded_lines": []}, "ONNXBaseAnnotator._format_predictions": {"executed_lines": [], "summary": {"covered_lines": 0, "num_statements": 5, "percent_covered": 0.0, "percent_covered_display": "0", "missing_lines": 5, "excluded_lines": 0}, "missing_lines": [322, 323, 324, 325, 326], "excluded_lines": []}, "ONNXBaseAnnotator._generate_tags": {"executed_lines": [], "summary": {"covered_lines": 0, "num_statements": 3, "percent_covered": 0.0, "percent_covered_display": "0", "missing_lines": 3, "excluded_lines": 0}, "missing_lines": [330, 331, 332], "excluded_lines": []}, "": {"executed_lines": [1, 3, 4, 6, 7, 10, 11, 12, 13, 14, 17, 18, 20, 28, 48, 61, 62, 66, 81, 184, 213, 257, 292, 318, 328], "summary": {"covered_lines": 20, "num_statements": 20, "percent_covered": 100.0, "percent_covered_display": "100", "missing_lines": 0, "excluded_lines": 3}, "missing_lines": [], "excluded_lines": [10, 61, 62]}}, "classes": {"ONNXBaseAnnotator": {"executed_lines": [], "summary": {"covered_lines": 0, "num_statements": 162, "percent_covered": 0.0, "percent_covered_display": "0", "missing_lines": 162, "excluded_lines": 2}, "missing_lines": [21, 22, 23, 24, 26, 32, 33, 34, 35, 36, 37, 38, 40, 41, 42, 43, 44, 46, 52, 53, 54, 57, 58, 59, 70, 71, 72, 73, 74, 75, 76, 78, 79, 85, 87, 88, 89, 91, 92, 93, 101, 102, 103, 111, 112, 113, 114, 116, 117, 125, 126, 129, 136, 137, 140, 141, 142, 145, 148, 149, 150, 151, 154, 155, 158, 159, 160, 161, 162, 165, 166, 169, 186, 187, 188, 191, 193, 194, 195, 196, 197, 203, 204, 206, 207, 208, 209, 211, 215, 216, 217, 218, 220, 221, 222, 223, 229, 230, 231, 237, 238, 240, 241, 244, 245, 247, 248, 250, 251, 253, 259, 260, 262, 263, 264, 265, 266, 267, 268, 269, 271, 273, 274, 275, 276, 277, 278, 280, 281, 283, 284, 286, 288, 289, 290, 296, 297, 298, 299, 300, 302, 303, 304, 305, 306, 307, 308, 309, 310, 311, 312, 314, 315, 316, 322, 323, 324, 325, 326, 330, 331, 332], "excluded_lines": [63, 64]}, "": {"executed_lines": [1, 3, 4, 6, 7, 10, 11, 12, 13, 14, 17, 18, 20, 28, 48, 61, 62, 66, 81, 184, 213, 257, 292, 318, 328], "summary": {"covered_lines": 20, "num_statements": 20, "percent_covered": 100.0, "percent_covered_display": "100", "missing_lines": 0, "excluded_lines": 3}, "missing_lines": [], "excluded_lines": [10, 61, 62]}}}, "local_packages/image-annotator-lib/src/image_annotator_lib/core/base/pipeline.py": {"executed_lines": [1, 3, 5, 8, 9, 10, 11, 12, 15, 16, 18, 25, 53, 63, 67, 78], "summary": {"covered_lines": 14, "num_statements": 43, "percent_covered": 32.55813953488372, "percent_covered_display": "33", "missing_lines": 29, "excluded_lines": 0}, "missing_lines": [19, 20, 21, 23, 29, 30, 31, 32, 33, 34, 36, 43, 44, 47, 50, 51, 57, 58, 61, 65, 69, 70, 71, 72, 73, 74, 75, 76, 82], "excluded_lines": [], "functions": {"PipelineBaseAnnotator.__init__": {"executed_lines": [], "summary": {"covered_lines": 0, "num_statements": 4, "percent_covered": 0.0, "percent_covered_display": "0", "missing_lines": 4, "excluded_lines": 0}, "missing_lines": [19, 20, 21, 23], "excluded_lines": []}, "PipelineBaseAnnotator.__enter__": {"executed_lines": [], "summary": {"covered_lines": 0, "num_statements": 12, "percent_covered": 0.0, "percent_covered_display": "0", "missing_lines": 12, "excluded_lines": 0}, "missing_lines": [29, 30, 31, 32, 33, 34, 36, 43, 44, 47, 50, 51], "excluded_lines": []}, "PipelineBaseAnnotator.__exit__": {"executed_lines": [], "summary": {"covered_lines": 0, "num_statements": 3, "percent_covered": 0.0, "percent_covered_display": "0", "missing_lines": 3, "excluded_lines": 0}, "missing_lines": [57, 58, 61], "excluded_lines": []}, "PipelineBaseAnnotator._preprocess_images": {"executed_lines": [], "summary": {"covered_lines": 0, "num_statements": 1, "percent_covered": 0.0, "percent_covered_display": "0", "missing_lines": 1, "excluded_lines": 0}, "missing_lines": [65], "excluded_lines": []}, "PipelineBaseAnnotator._run_inference": {"executed_lines": [], "summary": {"covered_lines": 0, "num_statements": 8, "percent_covered": 0.0, "percent_covered_display": "0", "missing_lines": 8, "excluded_lines": 0}, "missing_lines": [69, 70, 71, 72, 73, 74, 75, 76], "excluded_lines": []}, "PipelineBaseAnnotator._format_predictions": {"executed_lines": [], "summary": {"covered_lines": 0, "num_statements": 1, "percent_covered": 0.0, "percent_covered_display": "0", "missing_lines": 1, "excluded_lines": 0}, "missing_lines": [82], "excluded_lines": []}, "": {"executed_lines": [1, 3, 5, 8, 9, 10, 11, 12, 15, 16, 18, 25, 53, 63, 67, 78], "summary": {"covered_lines": 14, "num_statements": 14, "percent_covered": 100.0, "percent_covered_display": "100", "missing_lines": 0, "excluded_lines": 0}, "missing_lines": [], "excluded_lines": []}}, "classes": {"PipelineBaseAnnotator": {"executed_lines": [], "summary": {"covered_lines": 0, "num_statements": 29, "percent_covered": 0.0, "percent_covered_display": "0", "missing_lines": 29, "excluded_lines": 0}, "missing_lines": [19, 20, 21, 23, 29, 30, 31, 32, 33, 34, 36, 43, 44, 47, 50, 51, 57, 58, 61, 65, 69, 70, 71, 72, 73, 74, 75, 76, 82], "excluded_lines": []}, "": {"executed_lines": [1, 3, 5, 8, 9, 10, 11, 12, 15, 16, 18, 25, 53, 63, 67, 78], "summary": {"covered_lines": 14, "num_statements": 14, "percent_covered": 100.0, "percent_covered_display": "100", "missing_lines": 0, "excluded_lines": 0}, "missing_lines": [], "excluded_lines": []}}}, "local_packages/image-annotator-lib/src/image_annotator_lib/core/base/pydantic_ai_annotator.py": {"executed_lines": [1, 9, 10, 11, 12, 13, 14, 15, 17, 18, 19, 20, 21, 23, 24, 25, 26, 27, 30, 31, 32, 35, 36, 39, 49, 50, 51, 52, 55, 58, 59, 60, 63, 64, 66, 67, 69, 70, 73, 74, 77, 78, 79, 82, 84, 86, 105, 106, 108, 114, 115, 117, 129, 131, 132, 134, 141, 142, 143, 144, 146, 150, 153, 156, 158, 159, 161, 170, 173, 175, 176, 178, 179, 180, 183, 184, 198, 199, 200, 201, 203, 205, 206, 210, 213, 214, 216, 218, 220, 222, 226, 228, 242, 244, 245, 248, 250, 255, 269, 271, 272, 274, 276, 296, 308, 350, 390, 398, 402, 406, 410, 419], "summary": {"covered_lines": 107, "num_statements": 186, "percent_covered": 57.526881720430104, "percent_covered_display": "58", "missing_lines": 79, "excluded_lines": 1}, "missing_lines": [110, 111, 112, 145, 147, 151, 154, 171, 207, 215, 217, 219, 221, 223, 257, 258, 267, 280, 281, 284, 285, 286, 287, 289, 290, 291, 292, 294, 300, 301, 303, 304, 306, 312, 314, 315, 317, 318, 321, 323, 324, 325, 326, 328, 329, 338, 344, 345, 346, 348, 354, 355, 358, 359, 360, 363, 364, 365, 366, 368, 369, 372, 375, 376, 377, 378, 382, 388, 392, 394, 395, 400, 404, 408, 412, 413, 414, 415, 416], "excluded_lines": [23], "functions": {"AdvancedAgentFactory.create_optimized_agent": {"executed_lines": [73, 74, 77, 78, 79, 82, 84, 86, 105, 106, 108], "summary": {"covered_lines": 11, "num_statements": 14, "percent_covered": 78.57142857142857, "percent_covered_display": "79", "missing_lines": 3, "excluded_lines": 0}, "missing_lines": [110, 111, 112], "excluded_lines": []}, "AdvancedAgentFactory._calculate_config_hash": {"executed_lines": [117, 129], "summary": {"covered_lines": 2, "num_statements": 2, "percent_covered": 100.0, "percent_covered_display": "100", "missing_lines": 0, "excluded_lines": 0}, "missing_lines": [], "excluded_lines": []}, "AdvancedAgentFactory._build_system_prompts": {"executed_lines": [134, 141, 142, 143, 144, 146, 150, 153, 156], "summary": {"covered_lines": 9, "num_statements": 13, "percent_covered": 69.23076923076923, "percent_covered_display": "69", "missing_lines": 4, "excluded_lines": 0}, "missing_lines": [145, 147, 151, 154], "excluded_lines": []}, "AdvancedAgentFactory._build_instructions": {"executed_lines": [161, 170, 173], "summary": {"covered_lines": 3, "num_statements": 4, "percent_covered": 75.0, "percent_covered_display": "75", "missing_lines": 1, "excluded_lines": 0}, "missing_lines": [171], "excluded_lines": []}, "AdvancedAgentFactory.clear_cache": {"executed_lines": [178, 179, 180], "summary": {"covered_lines": 3, "num_statements": 3, "percent_covered": 100.0, "percent_covered_display": "100", "missing_lines": 0, "excluded_lines": 0}, "missing_lines": [], "excluded_lines": []}, "PydanticAIWebAPIAnnotator.__init__": {"executed_lines": [199, 200, 201], "summary": {"covered_lines": 3, "num_statements": 3, "percent_covered": 100.0, "percent_covered_display": "100", "missing_lines": 0, "excluded_lines": 0}, "missing_lines": [], "excluded_lines": []}, "PydanticAIWebAPIAnnotator._build_agent_config": {"executed_lines": [205, 206, 210, 213, 214, 216, 218, 220, 222, 226, 228], "summary": {"covered_lines": 11, "num_statements": 17, "percent_covered": 64.70588235294117, "percent_covered_display": "65", "missing_lines": 6, "excluded_lines": 0}, "missing_lines": [207, 215, 217, 219, 221, 223], "excluded_lines": []}, "PydanticAIWebAPIAnnotator.__enter__": {"executed_lines": [244, 245, 248, 250, 255], "summary": {"covered_lines": 5, "num_statements": 8, "percent_covered": 62.5, "percent_covered_display": "62", "missing_lines": 3, "excluded_lines": 0}, "missing_lines": [257, 258, 267], "excluded_lines": []}, "PydanticAIWebAPIAnnotator.__exit__": {"executed_lines": [271, 272, 274], "summary": {"covered_lines": 3, "num_statements": 3, "percent_covered": 100.0, "percent_covered_display": "100", "missing_lines": 0, "excluded_lines": 0}, "missing_lines": [], "excluded_lines": []}, "PydanticAIWebAPIAnnotator.predict": {"executed_lines": [], "summary": {"covered_lines": 0, "num_statements": 11, "percent_covered": 0.0, "percent_covered_display": "0", "missing_lines": 11, "excluded_lines": 0}, "missing_lines": [280, 281, 284, 285, 286, 287, 289, 290, 291, 292, 294], "excluded_lines": []}, "PydanticAIWebAPIAnnotator.predict_async": {"executed_lines": [], "summary": {"covered_lines": 0, "num_statements": 5, "percent_covered": 0.0, "percent_covered_display": "0", "missing_lines": 5, "excluded_lines": 0}, "missing_lines": [300, 301, 303, 304, 306], "excluded_lines": []}, "PydanticAIWebAPIAnnotator._predict_streaming": {"executed_lines": [], "summary": {"covered_lines": 0, "num_statements": 17, "percent_covered": 0.0, "percent_covered_display": "0", "missing_lines": 17, "excluded_lines": 0}, "missing_lines": [312, 314, 315, 317, 318, 321, 323, 324, 325, 326, 328, 329, 338, 344, 345, 346, 348], "excluded_lines": []}, "PydanticAIWebAPIAnnotator._predict_batch": {"executed_lines": [], "summary": {"covered_lines": 0, "num_statements": 18, "percent_covered": 0.0, "percent_covered_display": "0", "missing_lines": 18, "excluded_lines": 0}, "missing_lines": [354, 355, 358, 359, 360, 363, 364, 365, 366, 368, 369, 372, 375, 376, 377, 378, 382, 388], "excluded_lines": []}, "PydanticAIWebAPIAnnotator._image_to_binary_content": {"executed_lines": [], "summary": {"covered_lines": 0, "num_statements": 3, "percent_covered": 0.0, "percent_covered_display": "0", "missing_lines": 3, "excluded_lines": 0}, "missing_lines": [392, 394, 395], "excluded_lines": []}, "PydanticAIWebAPIAnnotator._preprocess_images": {"executed_lines": [], "summary": {"covered_lines": 0, "num_statements": 1, "percent_covered": 0.0, "percent_covered_display": "0", "missing_lines": 1, "excluded_lines": 0}, "missing_lines": [400], "excluded_lines": []}, "PydanticAIWebAPIAnnotator._run_inference": {"executed_lines": [], "summary": {"covered_lines": 0, "num_statements": 1, "percent_covered": 0.0, "percent_covered_display": "0", "missing_lines": 1, "excluded_lines": 0}, "missing_lines": [404], "excluded_lines": []}, "PydanticAIWebAPIAnnotator._format_predictions": {"executed_lines": [], "summary": {"covered_lines": 0, "num_statements": 1, "percent_covered": 0.0, "percent_covered_display": "0", "missing_lines": 1, "excluded_lines": 0}, "missing_lines": [408], "excluded_lines": []}, "PydanticAIWebAPIAnnotator._generate_tags": {"executed_lines": [], "summary": {"covered_lines": 0, "num_statements": 5, "percent_covered": 0.0, "percent_covered_display": "0", "missing_lines": 5, "excluded_lines": 0}, "missing_lines": [412, 413, 414, 415, 416], "excluded_lines": []}, "": {"executed_lines": [1, 9, 10, 11, 12, 13, 14, 15, 17, 18, 19, 20, 21, 23, 24, 25, 26, 27, 30, 31, 32, 35, 36, 39, 49, 50, 51, 52, 55, 58, 59, 60, 63, 64, 66, 67, 69, 70, 114, 115, 131, 132, 158, 159, 175, 176, 183, 184, 198, 203, 242, 269, 276, 296, 308, 350, 390, 398, 402, 406, 410, 419], "summary": {"covered_lines": 57, "num_statements": 57, "percent_covered": 100.0, "percent_covered_display": "100", "missing_lines": 0, "excluded_lines": 1}, "missing_lines": [], "excluded_lines": [23]}}, "classes": {"AnnotationAgentConfig": {"executed_lines": [], "summary": {"covered_lines": 0, "num_statements": 0, "percent_covered": 100.0, "percent_covered_display": "100", "missing_lines": 0, "excluded_lines": 0}, "missing_lines": [], "excluded_lines": []}, "AdvancedAgentFactory": {"executed_lines": [73, 74, 77, 78, 79, 82, 84, 86, 105, 106, 108, 117, 129, 134, 141, 142, 143, 144, 146, 150, 153, 156, 161, 170, 173, 178, 179, 180], "summary": {"covered_lines": 28, "num_statements": 36, "percent_covered": 77.77777777777777, "percent_covered_display": "78", "missing_lines": 8, "excluded_lines": 0}, "missing_lines": [110, 111, 112, 145, 147, 151, 154, 171], "excluded_lines": []}, "PydanticAIWebAPIAnnotator": {"executed_lines": [199, 200, 201, 205, 206, 210, 213, 214, 216, 218, 220, 222, 226, 228, 244, 245, 248, 250, 255, 271, 272, 274], "summary": {"covered_lines": 22, "num_statements": 93, "percent_covered": 23.655913978494624, "percent_covered_display": "24", "missing_lines": 71, "excluded_lines": 0}, "missing_lines": [207, 215, 217, 219, 221, 223, 257, 258, 267, 280, 281, 284, 285, 286, 287, 289, 290, 291, 292, 294, 300, 301, 303, 304, 306, 312, 314, 315, 317, 318, 321, 323, 324, 325, 326, 328, 329, 338, 344, 345, 346, 348, 354, 355, 358, 359, 360, 363, 364, 365, 366, 368, 369, 372, 375, 376, 377, 378, 382, 388, 392, 394, 395, 400, 404, 408, 412, 413, 414, 415, 416], "excluded_lines": []}, "": {"executed_lines": [1, 9, 10, 11, 12, 13, 14, 15, 17, 18, 19, 20, 21, 23, 24, 25, 26, 27, 30, 31, 32, 35, 36, 39, 49, 50, 51, 52, 55, 58, 59, 60, 63, 64, 66, 67, 69, 70, 114, 115, 131, 132, 158, 159, 175, 176, 183, 184, 198, 203, 242, 269, 276, 296, 308, 350, 390, 398, 402, 406, 410, 419], "summary": {"covered_lines": 57, "num_statements": 57, "percent_covered": 100.0, "percent_covered_display": "100", "missing_lines": 0, "excluded_lines": 1}, "missing_lines": [], "excluded_lines": [23]}}}, "local_packages/image-annotator-lib/src/image_annotator_lib/core/base/tensorflow.py": {"executed_lines": [1, 3, 4, 5, 7, 8, 9, 12, 13, 14, 15, 16, 17, 20, 21, 23, 50, 80, 102, 103, 107, 121, 122, 126, 130, 131, 135, 153, 157, 173, 236], "summary": {"covered_lines": 22, "num_statements": 164, "percent_covered": 13.414634146341463, "percent_covered_display": "13", "missing_lines": 142, "excluded_lines": 13}, "missing_lines": [24, 25, 26, 27, 28, 29, 30, 31, 32, 34, 35, 36, 39, 40, 41, 42, 46, 48, 52, 53, 54, 57, 58, 59, 65, 66, 67, 68, 69, 70, 71, 72, 73, 74, 75, 76, 77, 78, 84, 85, 86, 87, 88, 91, 92, 93, 94, 95, 96, 98, 99, 100, 109, 110, 111, 112, 113, 114, 115, 116, 117, 118, 119, 128, 137, 138, 139, 140, 141, 142, 143, 144, 145, 146, 147, 148, 149, 150, 151, 155, 161, 163, 164, 165, 166, 167, 168, 170, 171, 178, 179, 180, 181, 182, 185, 186, 189, 190, 191, 192, 193, 194, 195, 196, 197, 200, 201, 202, 203, 204, 207, 208, 211, 213, 216, 217, 218, 221, 222, 225, 226, 227, 228, 231, 232, 234, 238, 239, 240, 243, 245, 246, 247, 248, 250, 257, 258, 261, 262, 263, 264, 267], "excluded_lines": [12, 102, 103, 104, 105, 121, 122, 123, 124, 130, 131, 132, 133], "functions": {"TensorflowBaseAnnotator.__init__": {"executed_lines": [], "summary": {"covered_lines": 0, "num_statements": 18, "percent_covered": 0.0, "percent_covered_display": "0", "missing_lines": 18, "excluded_lines": 0}, "missing_lines": [24, 25, 26, 27, 28, 29, 30, 31, 32, 34, 35, 36, 39, 40, 41, 42, 46, 48], "excluded_lines": []}, "TensorflowBaseAnnotator.__enter__": {"executed_lines": [], "summary": {"covered_lines": 0, "num_statements": 20, "percent_covered": 0.0, "percent_covered_display": "0", "missing_lines": 20, "excluded_lines": 0}, "missing_lines": [52, 53, 54, 57, 58, 59, 65, 66, 67, 68, 69, 70, 71, 72, 73, 74, 75, 76, 77, 78], "excluded_lines": []}, "TensorflowBaseAnnotator.__exit__": {"executed_lines": [], "summary": {"covered_lines": 0, "num_statements": 14, "percent_covered": 0.0, "percent_covered_display": "0", "missing_lines": 14, "excluded_lines": 0}, "missing_lines": [84, 85, 86, 87, 88, 91, 92, 93, 94, 95, 96, 98, 99, 100], "excluded_lines": []}, "TensorflowBaseAnnotator._load_tags": {"executed_lines": [], "summary": {"covered_lines": 0, "num_statements": 0, "percent_covered": 100.0, "percent_covered_display": "100", "missing_lines": 0, "excluded_lines": 2}, "missing_lines": [], "excluded_lines": [104, 105]}, "TensorflowBaseAnnotator._load_tag_file": {"executed_lines": [], "summary": {"covered_lines": 0, "num_statements": 11, "percent_covered": 0.0, "percent_covered_display": "0", "missing_lines": 11, "excluded_lines": 0}, "missing_lines": [109, 110, 111, 112, 113, 114, 115, 116, 117, 118, 119], "excluded_lines": []}, "TensorflowBaseAnnotator._preprocess_images": {"executed_lines": [], "summary": {"covered_lines": 0, "num_statements": 0, "percent_covered": 100.0, "percent_covered_display": "100", "missing_lines": 0, "excluded_lines": 2}, "missing_lines": [], "excluded_lines": [123, 124]}, "TensorflowBaseAnnotator._run_inference": {"executed_lines": [], "summary": {"covered_lines": 0, "num_statements": 1, "percent_covered": 0.0, "percent_covered_display": "0", "missing_lines": 1, "excluded_lines": 0}, "missing_lines": [128], "excluded_lines": []}, "TensorflowBaseAnnotator._format_predictions": {"executed_lines": [], "summary": {"covered_lines": 0, "num_statements": 0, "percent_covered": 100.0, "percent_covered_display": "100", "missing_lines": 0, "excluded_lines": 2}, "missing_lines": [], "excluded_lines": [132, 133]}, "TensorflowBaseAnnotator._run_inference_tf": {"executed_lines": [], "summary": {"covered_lines": 0, "num_statements": 15, "percent_covered": 0.0, "percent_covered_display": "0", "missing_lines": 15, "excluded_lines": 0}, "missing_lines": [137, 138, 139, 140, 141, 142, 143, 144, 145, 146, 147, 148, 149, 150, 151], "excluded_lines": []}, "TensorflowBaseAnnotator._generate_tags": {"executed_lines": [], "summary": {"covered_lines": 0, "num_statements": 1, "percent_covered": 0.0, "percent_covered_display": "0", "missing_lines": 1, "excluded_lines": 0}, "missing_lines": [155], "excluded_lines": []}, "TensorflowBaseAnnotator._extract_category_tags": {"executed_lines": [], "summary": {"covered_lines": 0, "num_statements": 9, "percent_covered": 0.0, "percent_covered_display": "0", "missing_lines": 9, "excluded_lines": 0}, "missing_lines": [161, 163, 164, 165, 166, 167, 168, 170, 171], "excluded_lines": []}, "TensorflowBaseAnnotator._format_predictions_single": {"executed_lines": [], "summary": {"covered_lines": 0, "num_statements": 37, "percent_covered": 0.0, "percent_covered_display": "0", "missing_lines": 37, "excluded_lines": 0}, "missing_lines": [178, 179, 180, 181, 182, 185, 186, 189, 190, 191, 192, 193, 194, 195, 196, 197, 200, 201, 202, 203, 204, 207, 208, 211, 213, 216, 217, 218, 221, 222, 225, 226, 227, 228, 231, 232, 234], "excluded_lines": []}, "TensorflowBaseAnnotator._generate_tags_single": {"executed_lines": [], "summary": {"covered_lines": 0, "num_statements": 16, "percent_covered": 0.0, "percent_covered_display": "0", "missing_lines": 16, "excluded_lines": 0}, "missing_lines": [238, 239, 240, 243, 245, 246, 247, 248, 250, 257, 258, 261, 262, 263, 264, 267], "excluded_lines": []}, "": {"executed_lines": [1, 3, 4, 5, 7, 8, 9, 12, 13, 14, 15, 16, 17, 20, 21, 23, 50, 80, 102, 103, 107, 121, 122, 126, 130, 131, 135, 153, 157, 173, 236], "summary": {"covered_lines": 22, "num_statements": 22, "percent_covered": 100.0, "percent_covered_display": "100", "missing_lines": 0, "excluded_lines": 7}, "missing_lines": [], "excluded_lines": [12, 102, 103, 121, 122, 130, 131]}}, "classes": {"TensorflowBaseAnnotator": {"executed_lines": [], "summary": {"covered_lines": 0, "num_statements": 142, "percent_covered": 0.0, "percent_covered_display": "0", "missing_lines": 142, "excluded_lines": 6}, "missing_lines": [24, 25, 26, 27, 28, 29, 30, 31, 32, 34, 35, 36, 39, 40, 41, 42, 46, 48, 52, 53, 54, 57, 58, 59, 65, 66, 67, 68, 69, 70, 71, 72, 73, 74, 75, 76, 77, 78, 84, 85, 86, 87, 88, 91, 92, 93, 94, 95, 96, 98, 99, 100, 109, 110, 111, 112, 113, 114, 115, 116, 117, 118, 119, 128, 137, 138, 139, 140, 141, 142, 143, 144, 145, 146, 147, 148, 149, 150, 151, 155, 161, 163, 164, 165, 166, 167, 168, 170, 171, 178, 179, 180, 181, 182, 185, 186, 189, 190, 191, 192, 193, 194, 195, 196, 197, 200, 201, 202, 203, 204, 207, 208, 211, 213, 216, 217, 218, 221, 222, 225, 226, 227, 228, 231, 232, 234, 238, 239, 240, 243, 245, 246, 247, 248, 250, 257, 258, 261, 262, 263, 264, 267], "excluded_lines": [104, 105, 123, 124, 132, 133]}, "": {"executed_lines": [1, 3, 4, 5, 7, 8, 9, 12, 13, 14, 15, 16, 17, 20, 21, 23, 50, 80, 102, 103, 107, 121, 122, 126, 130, 131, 135, 153, 157, 173, 236], "summary": {"covered_lines": 22, "num_statements": 22, "percent_covered": 100.0, "percent_covered_display": "100", "missing_lines": 0, "excluded_lines": 7}, "missing_lines": [], "excluded_lines": [12, 102, 103, 121, 122, 130, 131]}}}, "local_packages/image-annotator-lib/src/image_annotator_lib/core/base/transformers.py": {"executed_lines": [1, 3, 5, 6, 7, 10, 11, 12, 13, 14, 15, 18, 19, 21, 26, 28, 29, 31, 33, 34, 36, 80, 89, 91, 92, 93, 94, 95, 98, 100, 101, 102, 103, 105, 107, 108, 109, 110, 112, 121, 122, 124, 126, 128, 130, 131, 132, 135, 136, 139, 140, 142, 144, 149, 151, 152, 153, 154, 156, 157, 158, 159, 161, 162, 165, 171, 172, 173, 174, 175, 177, 184, 185, 186, 188, 191], "summary": {"covered_lines": 73, "num_statements": 110, "percent_covered": 66.36363636363636, "percent_covered_display": "66", "missing_lines": 37, "excluded_lines": 1}, "missing_lines": [41, 42, 43, 45, 46, 51, 52, 53, 56, 57, 58, 61, 66, 67, 68, 69, 70, 72, 73, 75, 76, 78, 83, 84, 85, 87, 96, 134, 137, 138, 160, 164, 166, 169, 192, 193, 194], "excluded_lines": [10], "functions": {"TransformersBaseAnnotator.__init__": {"executed_lines": [26, 28, 29, 31, 33, 34], "summary": {"covered_lines": 6, "num_statements": 6, "percent_covered": 100.0, "percent_covered_display": "100", "missing_lines": 0, "excluded_lines": 0}, "missing_lines": [], "excluded_lines": []}, "TransformersBaseAnnotator.__enter__": {"executed_lines": [], "summary": {"covered_lines": 0, "num_statements": 22, "percent_covered": 0.0, "percent_covered_display": "0", "missing_lines": 22, "excluded_lines": 0}, "missing_lines": [41, 42, 43, 45, 46, 51, 52, 53, 56, 57, 58, 61, 66, 67, 68, 69, 70, 72, 73, 75, 76, 78], "excluded_lines": []}, "TransformersBaseAnnotator.__exit__": {"executed_lines": [], "summary": {"covered_lines": 0, "num_statements": 4, "percent_covered": 0.0, "percent_covered_display": "0", "missing_lines": 4, "excluded_lines": 0}, "missing_lines": [83, 84, 85, 87], "excluded_lines": []}, "TransformersBaseAnnotator._preprocess_images": {"executed_lines": [91, 92, 93, 94, 95, 98, 100, 101, 102, 103], "summary": {"covered_lines": 10, "num_statements": 11, "percent_covered": 90.9090909090909, "percent_covered_display": "91", "missing_lines": 1, "excluded_lines": 0}, "missing_lines": [96], "excluded_lines": []}, "TransformersBaseAnnotator._run_inference": {"executed_lines": [107, 108, 109, 110, 112, 121, 122, 124, 126, 128, 130, 131, 132, 135, 136, 139, 140], "summary": {"covered_lines": 17, "num_statements": 20, "percent_covered": 85.0, "percent_covered_display": "85", "missing_lines": 3, "excluded_lines": 0}, "missing_lines": [134, 137, 138], "excluded_lines": []}, "TransformersBaseAnnotator._format_predictions": {"executed_lines": [144, 149, 151, 152, 153, 154, 156, 157, 158, 159, 161, 162, 165, 171, 172, 173, 174, 175], "summary": {"covered_lines": 18, "num_statements": 22, "percent_covered": 81.81818181818181, "percent_covered_display": "82", "missing_lines": 4, "excluded_lines": 0}, "missing_lines": [160, 164, 166, 169], "excluded_lines": []}, "TransformersBaseAnnotator._generate_tags": {"executed_lines": [184, 185, 186, 188, 191], "summary": {"covered_lines": 5, "num_statements": 8, "percent_covered": 62.5, "percent_covered_display": "62", "missing_lines": 3, "excluded_lines": 0}, "missing_lines": [192, 193, 194], "excluded_lines": []}, "": {"executed_lines": [1, 3, 5, 6, 7, 10, 11, 12, 13, 14, 15, 18, 19, 21, 36, 80, 89, 105, 142, 177], "summary": {"covered_lines": 17, "num_statements": 17, "percent_covered": 100.0, "percent_covered_display": "100", "missing_lines": 0, "excluded_lines": 1}, "missing_lines": [], "excluded_lines": [10]}}, "classes": {"TransformersBaseAnnotator": {"executed_lines": [26, 28, 29, 31, 33, 34, 91, 92, 93, 94, 95, 98, 100, 101, 102, 103, 107, 108, 109, 110, 112, 121, 122, 124, 126, 128, 130, 131, 132, 135, 136, 139, 140, 144, 149, 151, 152, 153, 154, 156, 157, 158, 159, 161, 162, 165, 171, 172, 173, 174, 175, 184, 185, 186, 188, 191], "summary": {"covered_lines": 56, "num_statements": 93, "percent_covered": 60.215053763440864, "percent_covered_display": "60", "missing_lines": 37, "excluded_lines": 0}, "missing_lines": [41, 42, 43, 45, 46, 51, 52, 53, 56, 57, 58, 61, 66, 67, 68, 69, 70, 72, 73, 75, 76, 78, 83, 84, 85, 87, 96, 134, 137, 138, 160, 164, 166, 169, 192, 193, 194], "excluded_lines": []}, "": {"executed_lines": [1, 3, 5, 6, 7, 10, 11, 12, 13, 14, 15, 18, 19, 21, 36, 80, 89, 105, 142, 177], "summary": {"covered_lines": 17, "num_statements": 17, "percent_covered": 100.0, "percent_covered_display": "100", "missing_lines": 0, "excluded_lines": 1}, "missing_lines": [], "excluded_lines": [10]}}}, "local_packages/image-annotator-lib/src/image_annotator_lib/core/base/webapi.py": {"executed_lines": [1, 3, 4, 5, 6, 8, 11, 12, 13, 14, 22, 23, 26, 27, 29, 31, 32, 36, 37, 38, 45, 46, 47, 54, 55, 56, 63, 64, 65, 66, 73, 74, 75, 77, 78, 86, 87, 89, 126, 141, 143, 144, 146, 147, 148, 150, 152, 153, 155, 157, 158, 170, 172, 174, 175, 176, 177, 178, 179, 181, 192, 196, 197, 198, 204, 205, 207, 210, 211, 212, 216, 217, 218, 231, 232, 233, 239, 240, 243, 244, 250, 261, 262, 265, 266, 267, 269, 270, 271, 272, 273, 274, 296, 297, 305, 309, 310, 311, 312, 314, 316, 317, 318, 321, 326, 358, 359], "summary": {"covered_lines": 99, "num_statements": 206, "percent_covered": 48.05825242718446, "percent_covered_display": "48", "missing_lines": 107, "excluded_lines": 20}, "missing_lines": [39, 40, 43, 48, 49, 52, 57, 58, 61, 67, 68, 71, 79, 82, 97, 99, 102, 103, 105, 107, 109, 110, 111, 112, 113, 114, 115, 116, 117, 118, 119, 120, 121, 122, 124, 131, 132, 137, 138, 139, 199, 200, 201, 202, 213, 214, 220, 221, 226, 227, 235, 245, 246, 247, 248, 275, 276, 277, 278, 280, 285, 286, 287, 288, 289, 291, 292, 293, 294, 298, 299, 324, 329, 330, 333, 334, 335, 337, 338, 339, 341, 342, 345, 346, 347, 348, 350, 352, 354, 355, 356, 364, 366, 367, 369, 370, 371, 373, 374, 382, 384, 386, 389, 400, 403, 408, 416], "excluded_lines": [11, 96, 133, 157, 158, 159, 160, 161, 162, 163, 164, 165, 166, 167, 168, 204, 232, 240, 304, 323], "functions": {"WebApiBaseAnnotator.__init__": {"executed_lines": [31, 32, 36, 37, 38, 45, 46, 47, 54, 55, 56, 63, 64, 65, 66, 73, 74, 75, 77, 78, 86, 87], "summary": {"covered_lines": 22, "num_statements": 36, "percent_covered": 61.111111111111114, "percent_covered_display": "61", "missing_lines": 14, "excluded_lines": 0}, "missing_lines": [39, 40, 43, 48, 49, 52, 57, 58, 61, 67, 68, 71, 79, 82], "excluded_lines": []}, "WebApiBaseAnnotator.__enter__": {"executed_lines": [], "summary": {"covered_lines": 0, "num_statements": 21, "percent_covered": 0.0, "percent_covered_display": "0", "missing_lines": 21, "excluded_lines": 1}, "missing_lines": [97, 99, 102, 103, 105, 107, 109, 110, 111, 112, 113, 114, 115, 116, 117, 118, 119, 120, 121, 122, 124], "excluded_lines": [96]}, "WebApiBaseAnnotator.__exit__": {"executed_lines": [], "summary": {"covered_lines": 0, "num_statements": 5, "percent_covered": 0.0, "percent_covered_display": "0", "missing_lines": 5, "excluded_lines": 1}, "missing_lines": [131, 132, 137, 138, 139], "excluded_lines": [133]}, "WebApiBaseAnnotator._preprocess_images": {"executed_lines": [143, 144, 146, 147, 148, 150, 152, 153, 155], "summary": {"covered_lines": 9, "num_statements": 9, "percent_covered": 100.0, "percent_covered_display": "100", "missing_lines": 0, "excluded_lines": 0}, "missing_lines": [], "excluded_lines": []}, "WebApiBaseAnnotator._run_inference": {"executed_lines": [], "summary": {"covered_lines": 0, "num_statements": 0, "percent_covered": 100.0, "percent_covered_display": "100", "missing_lines": 0, "excluded_lines": 10}, "missing_lines": [], "excluded_lines": [159, 160, 161, 162, 163, 164, 165, 166, 167, 168]}, "WebApiBaseAnnotator._wait_for_rate_limit": {"executed_lines": [172, 174, 175, 176, 177, 178, 179], "summary": {"covered_lines": 7, "num_statements": 7, "percent_covered": 100.0, "percent_covered_display": "100", "missing_lines": 0, "excluded_lines": 0}, "missing_lines": [], "excluded_lines": []}, "WebApiBaseAnnotator._parse_common_json_response": {"executed_lines": [192, 196, 197, 198, 204, 205, 207, 210, 211, 212, 216, 217, 218, 231, 232, 233, 239, 240, 243, 244], "summary": {"covered_lines": 17, "num_statements": 32, "percent_covered": 53.125, "percent_covered_display": "53", "missing_lines": 15, "excluded_lines": 3}, "missing_lines": [199, 200, 201, 202, 213, 214, 220, 221, 226, 227, 235, 245, 246, 247, 248], "excluded_lines": [204, 232, 240]}, "WebApiBaseAnnotator._extract_tags_from_text": {"executed_lines": [261, 262, 265, 266, 267, 269, 270, 271, 272, 273, 274, 296, 297, 305, 309, 310, 311, 312, 314, 316, 317, 318, 321], "summary": {"covered_lines": 23, "num_statements": 40, "percent_covered": 57.5, "percent_covered_display": "58", "missing_lines": 17, "excluded_lines": 2}, "missing_lines": [275, 276, 277, 278, 280, 285, 286, 287, 288, 289, 291, 292, 293, 294, 298, 299, 324], "excluded_lines": [304, 323]}, "WebApiBaseAnnotator._generate_tags": {"executed_lines": [], "summary": {"covered_lines": 0, "num_statements": 19, "percent_covered": 0.0, "percent_covered_display": "0", "missing_lines": 19, "excluded_lines": 0}, "missing_lines": [329, 330, 333, 334, 335, 337, 338, 339, 341, 342, 345, 346, 347, 348, 350, 352, 354, 355, 356], "excluded_lines": []}, "WebApiBaseAnnotator._format_predictions": {"executed_lines": [], "summary": {"covered_lines": 0, "num_statements": 16, "percent_covered": 0.0, "percent_covered_display": "0", "missing_lines": 16, "excluded_lines": 0}, "missing_lines": [364, 366, 367, 369, 370, 371, 373, 374, 382, 384, 386, 389, 400, 403, 408, 416], "excluded_lines": []}, "": {"executed_lines": [1, 3, 4, 5, 6, 8, 11, 12, 13, 14, 22, 23, 26, 27, 29, 89, 126, 141, 157, 158, 170, 181, 250, 326, 358, 359], "summary": {"covered_lines": 21, "num_statements": 21, "percent_covered": 100.0, "percent_covered_display": "100", "missing_lines": 0, "excluded_lines": 3}, "missing_lines": [], "excluded_lines": [11, 157, 158]}}, "classes": {"WebApiBaseAnnotator": {"executed_lines": [31, 32, 36, 37, 38, 45, 46, 47, 54, 55, 56, 63, 64, 65, 66, 73, 74, 75, 77, 78, 86, 87, 143, 144, 146, 147, 148, 150, 152, 153, 155, 172, 174, 175, 176, 177, 178, 179, 192, 196, 197, 198, 204, 205, 207, 210, 211, 212, 216, 217, 218, 231, 232, 233, 239, 240, 243, 244, 261, 262, 265, 266, 267, 269, 270, 271, 272, 273, 274, 296, 297, 305, 309, 310, 311, 312, 314, 316, 317, 318, 321], "summary": {"covered_lines": 78, "num_statements": 185, "percent_covered": 42.16216216216216, "percent_covered_display": "42", "missing_lines": 107, "excluded_lines": 17}, "missing_lines": [39, 40, 43, 48, 49, 52, 57, 58, 61, 67, 68, 71, 79, 82, 97, 99, 102, 103, 105, 107, 109, 110, 111, 112, 113, 114, 115, 116, 117, 118, 119, 120, 121, 122, 124, 131, 132, 137, 138, 139, 199, 200, 201, 202, 213, 214, 220, 221, 226, 227, 235, 245, 246, 247, 248, 275, 276, 277, 278, 280, 285, 286, 287, 288, 289, 291, 292, 293, 294, 298, 299, 324, 329, 330, 333, 334, 335, 337, 338, 339, 341, 342, 345, 346, 347, 348, 350, 352, 354, 355, 356, 364, 366, 367, 369, 370, 371, 373, 374, 382, 384, 386, 389, 400, 403, 408, 416], "excluded_lines": [96, 133, 159, 160, 161, 162, 163, 164, 165, 166, 167, 168, 204, 232, 240, 304, 323]}, "": {"executed_lines": [1, 3, 4, 5, 6, 8, 11, 12, 13, 14, 22, 23, 26, 27, 29, 89, 126, 141, 157, 158, 170, 181, 250, 326, 358, 359], "summary": {"covered_lines": 21, "num_statements": 21, "percent_covered": 100.0, "percent_covered_display": "100", "missing_lines": 0, "excluded_lines": 3}, "missing_lines": [], "excluded_lines": [11, 157, 158]}}}, "local_packages/image-annotator-lib/src/image_annotator_lib/core/config.py": {"executed_lines": [1, 2, 3, 4, 5, 6, 8, 10, 15, 18, 19, 21, 22, 23, 24, 25, 28, 29, 30, 31, 32, 33, 34, 35, 38, 39, 41, 43, 44, 45, 46, 47, 49, 55, 56, 59, 60, 62, 64, 65, 68, 70, 71, 72, 73, 74, 75, 91, 93, 95, 96, 97, 98, 110, 112, 113, 115, 116, 117, 118, 129, 133, 139, 140, 141, 142, 143, 144, 145, 147, 149, 150, 151, 152, 154, 155, 157, 159, 162, 163, 164, 166, 168, 169, 170, 171, 173, 175, 184, 198, 200, 207, 212, 217, 220, 224, 228, 230, 232, 236, 240, 242, 245, 246, 247, 254, 281, 283, 287, 290, 293, 294, 296, 298, 299, 300, 303, 307, 308, 309, 311, 312, 315, 320, 321, 326, 327, 328, 330, 335, 336, 337, 342, 343, 346, 347, 359, 365, 366, 368, 371, 373, 374, 375, 377, 378], "summary": {"covered_lines": 144, "num_statements": 214, "percent_covered": 67.28971962616822, "percent_covered_display": "67", "missing_lines": 70, "excluded_lines": 1}, "missing_lines": [26, 27, 79, 83, 84, 85, 88, 89, 99, 100, 103, 105, 108, 119, 120, 123, 125, 177, 178, 179, 180, 182, 201, 202, 208, 209, 210, 221, 222, 233, 234, 237, 238, 249, 250, 256, 258, 259, 260, 262, 264, 265, 267, 269, 272, 273, 274, 276, 277, 301, 302, 331, 334, 338, 341, 344, 345, 348, 349, 350, 351, 352, 353, 354, 355, 356, 380, 381, 382, 383], "excluded_lines": [139], "functions": {"_load_config_from_file": {"executed_lines": [21, 22, 23, 24, 25, 28, 29, 30, 31, 32, 33, 34, 35], "summary": {"covered_lines": 13, "num_statements": 15, "percent_covered": 86.66666666666667, "percent_covered_display": "87", "missing_lines": 2, "excluded_lines": 0}, "missing_lines": [26, 27], "excluded_lines": []}, "ModelConfigRegistry.__init__": {"executed_lines": [43, 44, 45, 46, 47], "summary": {"covered_lines": 5, "num_statements": 5, "percent_covered": 100.0, "percent_covered_display": "100", "missing_lines": 0, "excluded_lines": 0}, "missing_lines": [], "excluded_lines": []}, "ModelConfigRegistry._determine_config_paths": {"executed_lines": [55, 56, 59, 60], "summary": {"covered_lines": 4, "num_statements": 4, "percent_covered": 100.0, "percent_covered_display": "100", "missing_lines": 0, "excluded_lines": 0}, "missing_lines": [], "excluded_lines": []}, "ModelConfigRegistry._ensure_system_config_exists": {"executed_lines": [64, 65, 68, 70, 71, 72, 73, 74, 75, 91], "summary": {"covered_lines": 10, "num_statements": 16, "percent_covered": 62.5, "percent_covered_display": "62", "missing_lines": 6, "excluded_lines": 0}, "missing_lines": [79, 83, 84, 85, 88, 89], "excluded_lines": []}, "ModelConfigRegistry._load_and_set_system_config": {"executed_lines": [95, 96, 97, 98], "summary": {"covered_lines": 4, "num_statements": 9, "percent_covered": 44.44444444444444, "percent_covered_display": "44", "missing_lines": 5, "excluded_lines": 0}, "missing_lines": [99, 100, 103, 105, 108], "excluded_lines": []}, "ModelConfigRegistry._load_and_set_user_config": {"executed_lines": [112, 113, 115, 116, 117, 118, 129], "summary": {"covered_lines": 7, "num_statements": 11, "percent_covered": 63.63636363636363, "percent_covered_display": "64", "missing_lines": 4, "excluded_lines": 0}, "missing_lines": [119, 120, 123, 125], "excluded_lines": []}, "ModelConfigRegistry.load": {"executed_lines": [139, 140, 141, 142, 143, 144, 145], "summary": {"covered_lines": 6, "num_statements": 6, "percent_covered": 100.0, "percent_covered_display": "100", "missing_lines": 0, "excluded_lines": 1}, "missing_lines": [], "excluded_lines": [139]}, "ModelConfigRegistry._merge_configs": {"executed_lines": [149, 150, 151, 152, 154, 155], "summary": {"covered_lines": 6, "num_statements": 6, "percent_covered": 100.0, "percent_covered_display": "100", "missing_lines": 0, "excluded_lines": 0}, "missing_lines": [], "excluded_lines": []}, "ModelConfigRegistry.get": {"executed_lines": [159, 162, 163, 164], "summary": {"covered_lines": 4, "num_statements": 4, "percent_covered": 100.0, "percent_covered_display": "100", "missing_lines": 0, "excluded_lines": 0}, "missing_lines": [], "excluded_lines": []}, "ModelConfigRegistry.set": {"executed_lines": [168, 169, 170, 171, 173], "summary": {"covered_lines": 5, "num_statements": 5, "percent_covered": 100.0, "percent_covered_display": "100", "missing_lines": 0, "excluded_lines": 0}, "missing_lines": [], "excluded_lines": []}, "ModelConfigRegistry.set_system_value": {"executed_lines": [], "summary": {"covered_lines": 0, "num_statements": 5, "percent_covered": 0.0, "percent_covered_display": "0", "missing_lines": 5, "excluded_lines": 0}, "missing_lines": [177, 178, 179, 180, 182], "excluded_lines": []}, "ModelConfigRegistry.add_default_setting": {"executed_lines": [198, 200, 207, 212, 217, 220, 224], "summary": {"covered_lines": 7, "num_statements": 14, "percent_covered": 50.0, "percent_covered_display": "50", "missing_lines": 7, "excluded_lines": 0}, "missing_lines": [201, 202, 208, 209, 210, 221, 222], "excluded_lines": []}, "ModelConfigRegistry.save_user_config": {"executed_lines": [230, 232, 236, 240, 242, 245, 246, 247], "summary": {"covered_lines": 8, "num_statements": 14, "percent_covered": 57.142857142857146, "percent_covered_display": "57", "missing_lines": 6, "excluded_lines": 0}, "missing_lines": [233, 234, 237, 238, 249, 250], "excluded_lines": []}, "ModelConfigRegistry.save_system_config": {"executed_lines": [], "summary": {"covered_lines": 0, "num_statements": 14, "percent_covered": 0.0, "percent_covered_display": "0", "missing_lines": 14, "excluded_lines": 0}, "missing_lines": [256, 258, 259, 260, 262, 264, 265, 267, 269, 272, 273, 274, 276, 277], "excluded_lines": []}, "ModelConfigRegistry.get_all_config": {"executed_lines": [283], "summary": {"covered_lines": 1, "num_statements": 1, "percent_covered": 100.0, "percent_covered_display": "100", "missing_lines": 0, "excluded_lines": 0}, "missing_lines": [], "excluded_lines": []}, "get_config_registry": {"executed_lines": [293, 294, 296, 298, 299, 300, 303], "summary": {"covered_lines": 7, "num_statements": 9, "percent_covered": 77.77777777777777, "percent_covered_display": "78", "missing_lines": 2, "excluded_lines": 0}, "missing_lines": [301, 302], "excluded_lines": []}, "_ConfigRegistryProxy.__getattr__": {"executed_lines": [309], "summary": {"covered_lines": 1, "num_statements": 1, "percent_covered": 100.0, "percent_covered_display": "100", "missing_lines": 0, "excluded_lines": 0}, "missing_lines": [], "excluded_lines": []}, "_ConfigRegistryProxy.__setattr__": {"executed_lines": [312], "summary": {"covered_lines": 1, "num_statements": 1, "percent_covered": 100.0, "percent_covered_display": "100", "missing_lines": 0, "excluded_lines": 0}, "missing_lines": [], "excluded_lines": []}, "load_available_api_models": {"executed_lines": [326, 327, 328, 330, 335, 336, 337, 342, 343, 346, 347], "summary": {"covered_lines": 11, "num_statements": 26, "percent_covered": 42.30769230769231, "percent_covered_display": "42", "missing_lines": 15, "excluded_lines": 0}, "missing_lines": [331, 334, 338, 341, 344, 345, 348, 349, 350, 351, 352, 353, 354, 355, 356], "excluded_lines": []}, "save_available_api_models": {"executed_lines": [365, 366, 368, 371, 373, 374, 375, 377, 378], "summary": {"covered_lines": 9, "num_statements": 13, "percent_covered": 69.23076923076923, "percent_covered_display": "69", "missing_lines": 4, "excluded_lines": 0}, "missing_lines": [380, 381, 382, 383], "excluded_lines": []}, "": {"executed_lines": [1, 2, 3, 4, 5, 6, 8, 10, 15, 18, 19, 38, 39, 41, 49, 62, 93, 110, 133, 147, 157, 166, 175, 184, 228, 254, 281, 287, 290, 307, 308, 311, 315, 320, 321, 359], "summary": {"covered_lines": 35, "num_statements": 35, "percent_covered": 100.0, "percent_covered_display": "100", "missing_lines": 0, "excluded_lines": 0}, "missing_lines": [], "excluded_lines": []}}, "classes": {"ModelConfigRegistry": {"executed_lines": [43, 44, 45, 46, 47, 55, 56, 59, 60, 64, 65, 68, 70, 71, 72, 73, 74, 75, 91, 95, 96, 97, 98, 112, 113, 115, 116, 117, 118, 129, 139, 140, 141, 142, 143, 144, 145, 149, 150, 151, 152, 154, 155, 159, 162, 163, 164, 168, 169, 170, 171, 173, 198, 200, 207, 212, 217, 220, 224, 230, 232, 236, 240, 242, 245, 246, 247, 283], "summary": {"covered_lines": 67, "num_statements": 114, "percent_covered": 58.771929824561404, "percent_covered_display": "59", "missing_lines": 47, "excluded_lines": 1}, "missing_lines": [79, 83, 84, 85, 88, 89, 99, 100, 103, 105, 108, 119, 120, 123, 125, 177, 178, 179, 180, 182, 201, 202, 208, 209, 210, 221, 222, 233, 234, 237, 238, 249, 250, 256, 258, 259, 260, 262, 264, 265, 267, 269, 272, 273, 274, 276, 277], "excluded_lines": [139]}, "_ConfigRegistryProxy": {"executed_lines": [309, 312], "summary": {"covered_lines": 2, "num_statements": 2, "percent_covered": 100.0, "percent_covered_display": "100", "missing_lines": 0, "excluded_lines": 0}, "missing_lines": [], "excluded_lines": []}, "": {"executed_lines": [1, 2, 3, 4, 5, 6, 8, 10, 15, 18, 19, 21, 22, 23, 24, 25, 28, 29, 30, 31, 32, 33, 34, 35, 38, 39, 41, 49, 62, 93, 110, 133, 147, 157, 166, 175, 184, 228, 254, 281, 287, 290, 293, 294, 296, 298, 299, 300, 303, 307, 308, 311, 315, 320, 321, 326, 327, 328, 330, 335, 336, 337, 342, 343, 346, 347, 359, 365, 366, 368, 371, 373, 374, 375, 377, 378], "summary": {"covered_lines": 75, "num_statements": 98, "percent_covered": 76.53061224489795, "percent_covered_display": "77", "missing_lines": 23, "excluded_lines": 0}, "missing_lines": [26, 27, 301, 302, 331, 334, 338, 341, 344, 345, 348, 349, 350, 351, 352, 353, 354, 355, 356, 380, 381, 382, 383], "excluded_lines": []}}}, "local_packages/image-annotator-lib/src/image_annotator_lib/core/constants.py": {"executed_lines": [1, 2, 5, 8, 9, 10, 14, 15, 16, 17, 20, 22, 24, 26], "summary": {"covered_lines": 14, "num_statements": 14, "percent_covered": 100.0, "percent_covered_display": "100", "missing_lines": 0, "excluded_lines": 0}, "missing_lines": [], "excluded_lines": [], "functions": {"": {"executed_lines": [1, 2, 5, 8, 9, 10, 14, 15, 16, 17, 20, 22, 24, 26], "summary": {"covered_lines": 14, "num_statements": 14, "percent_covered": 100.0, "percent_covered_display": "100", "missing_lines": 0, "excluded_lines": 0}, "missing_lines": [], "excluded_lines": []}}, "classes": {"": {"executed_lines": [1, 2, 5, 8, 9, 10, 14, 15, 16, 17, 20, 22, 24, 26], "summary": {"covered_lines": 14, "num_statements": 14, "percent_covered": 100.0, "percent_covered_display": "100", "missing_lines": 0, "excluded_lines": 0}, "missing_lines": [], "excluded_lines": []}}}, "local_packages/image-annotator-lib/src/image_annotator_lib/core/model_factory.py": {"executed_lines": [1, 2, 3, 4, 5, 6, 7, 8, 10, 11, 12, 13, 14, 15, 16, 17, 18, 19, 20, 21, 22, 23, 24, 25, 26, 27, 28, 29, 30, 32, 39, 40, 41, 42, 43, 47, 48, 53, 150, 151, 154, 226, 227, 234, 340, 341, 342, 345, 346, 349, 350, 351, 354, 355, 356, 359, 360, 361, 362, 366, 377, 395, 439, 471, 576, 643, 644, 673, 674, 675, 676, 677, 681, 682, 686, 687, 688, 689, 690, 691, 692, 693, 694, 695, 696, 699, 700, 701, 706, 707, 711, 712, 713, 714, 715, 720, 721, 725, 726, 727, 728, 729, 730, 735, 736, 740, 741, 742, 743, 744, 745, 746, 748, 749, 753, 754, 755, 756, 757, 758, 759, 763, 764, 793, 794, 797, 800, 801, 802, 803, 806, 807, 808, 810, 811, 819, 820, 829, 830, 831, 833, 837, 838, 842, 844, 845, 849, 851, 852, 856, 858, 859, 870, 871, 874, 876, 877, 878, 879, 881, 885, 886, 887, 888, 890, 891, 893, 894, 898, 899, 901, 902, 918, 919, 921, 922, 924, 925, 926, 927, 932, 933, 935, 936, 937, 938, 939, 941, 942, 943, 946, 947, 951, 952, 954, 955, 956, 957, 961, 963, 964, 965, 967, 968, 984, 986, 987, 988, 989, 990, 991, 992, 995, 996, 998, 999, 1001, 1002, 1003, 1004, 1006, 1007, 1008, 1009, 1014, 1015, 1019, 1021, 1022, 1033, 1034, 1035, 1036, 1037, 1038, 1047, 1048, 1049, 1052, 1053, 1056, 1057, 1069, 1070, 1074, 1076, 1077, 1090, 1091, 1092, 1093, 1094, 1095, 1096, 1103, 1104, 1105, 1106, 1110, 1112, 1113, 1114, 1115, 1116, 1117, 1120, 1122, 1123, 1134, 1135, 1136, 1137, 1138, 1140, 1144, 1147, 1148, 1149, 1156, 1157, 1162, 1163, 1164, 1167, 1168, 1179, 1189, 1190, 1203, 1204, 1220, 1307, 1308, 1312, 1332, 1333, 1341, 1342, 1346, 1372, 1373, 1389, 1390, 1394, 1410, 1434, 1435, 1463, 1464, 1468, 1483, 1504, 1534, 1535, 1578, 1579, 1585, 1633, 1645, 1686, 1751, 1807, 1808, 1829, 1830, 1834, 1836, 1837, 1841, 1843, 1844, 1901, 1902, 1913, 1914, 1924, 1925, 1933, 1934, 1947, 1948, 1968, 1969, 2029, 2030, 2036, 2037, 2053, 2054, 2071, 2102], "summary": {"covered_lines": 333, "num_statements": 1005, "percent_covered": 33.134328358208954, "percent_covered_display": "33", "missing_lines": 672, "excluded_lines": 47}, "missing_lines": [49, 50, 51, 56, 58, 60, 61, 62, 64, 66, 67, 68, 69, 71, 77, 78, 80, 81, 83, 84, 85, 86, 88, 89, 90, 91, 93, 98, 99, 100, 101, 105, 106, 108, 112, 113, 115, 121, 123, 129, 130, 131, 132, 134, 136, 137, 138, 139, 140, 141, 142, 143, 144, 145, 146, 147, 152, 157, 158, 159, 161, 163, 164, 165, 175, 176, 177, 178, 180, 182, 183, 184, 186, 187, 188, 195, 197, 204, 205, 206, 207, 209, 211, 212, 213, 214, 215, 216, 217, 218, 221, 222, 223, 230, 231, 232, 238, 239, 240, 241, 242, 244, 247, 249, 250, 251, 252, 253, 255, 256, 257, 258, 260, 262, 263, 264, 265, 266, 267, 268, 269, 270, 272, 273, 275, 276, 277, 278, 280, 286, 287, 289, 291, 300, 301, 302, 303, 304, 307, 311, 312, 313, 314, 315, 316, 317, 318, 319, 323, 324, 325, 327, 329, 332, 334, 389, 390, 391, 392, 412, 414, 420, 422, 423, 426, 429, 430, 431, 436, 449, 450, 452, 453, 455, 456, 457, 458, 459, 460, 462, 463, 464, 468, 474, 475, 476, 477, 478, 479, 480, 481, 483, 484, 486, 488, 489, 490, 491, 492, 495, 496, 498, 499, 501, 503, 504, 510, 511, 516, 517, 518, 521, 524, 525, 528, 533, 534, 535, 536, 537, 542, 543, 545, 546, 547, 548, 549, 550, 551, 556, 557, 558, 560, 568, 571, 578, 580, 581, 582, 583, 587, 588, 589, 590, 593, 596, 597, 598, 600, 602, 606, 607, 612, 614, 619, 620, 624, 625, 626, 627, 628, 630, 634, 639, 702, 703, 704, 716, 717, 718, 731, 732, 733, 760, 761, 815, 822, 824, 825, 826, 944, 1010, 1011, 1012, 1043, 1044, 1045, 1046, 1060, 1061, 1063, 1064, 1107, 1108, 1118, 1119, 1139, 1143, 1145, 1150, 1151, 1152, 1153, 1154, 1155, 1159, 1186, 1187, 1251, 1254, 1255, 1256, 1257, 1260, 1265, 1266, 1269, 1272, 1273, 1276, 1280, 1282, 1287, 1288, 1292, 1295, 1296, 1299, 1301, 1302, 1303, 1316, 1317, 1318, 1319, 1320, 1321, 1322, 1323, 1324, 1326, 1327, 1328, 1329, 1330, 1337, 1338, 1339, 1352, 1353, 1354, 1356, 1357, 1358, 1359, 1360, 1361, 1362, 1363, 1364, 1366, 1367, 1368, 1369, 1370, 1379, 1380, 1381, 1382, 1384, 1387, 1398, 1400, 1401, 1402, 1403, 1404, 1405, 1406, 1407, 1408, 1414, 1415, 1417, 1418, 1419, 1424, 1425, 1426, 1427, 1429, 1431, 1432, 1439, 1440, 1441, 1444, 1445, 1446, 1448, 1453, 1458, 1459, 1461, 1472, 1474, 1475, 1476, 1477, 1478, 1479, 1480, 1481, 1487, 1488, 1489, 1490, 1491, 1492, 1493, 1497, 1498, 1499, 1502, 1510, 1511, 1512, 1514, 1515, 1516, 1518, 1519, 1520, 1521, 1522, 1524, 1526, 1527, 1528, 1529, 1530, 1531, 1532, 1541, 1542, 1543, 1545, 1546, 1547, 1549, 1550, 1551, 1552, 1553, 1554, 1555, 1556, 1559, 1560, 1561, 1562, 1566, 1567, 1568, 1571, 1573, 1574, 1576, 1593, 1594, 1595, 1596, 1597, 1599, 1600, 1602, 1603, 1604, 1606, 1607, 1608, 1609, 1610, 1612, 1615, 1617, 1618, 1621, 1624, 1625, 1626, 1629, 1630, 1631, 1637, 1638, 1639, 1640, 1641, 1642, 1643, 1657, 1658, 1659, 1664, 1665, 1672, 1681, 1682, 1683, 1684, 1698, 1700, 1703, 1704, 1705, 1706, 1707, 1708, 1712, 1715, 1725, 1726, 1727, 1728, 1729, 1730, 1732, 1737, 1739, 1740, 1741, 1742, 1743, 1744, 1745, 1746, 1749, 1759, 1760, 1761, 1762, 1763, 1765, 1766, 1767, 1768, 1769, 1771, 1772, 1776, 1779, 1780, 1782, 1785, 1786, 1788, 1789, 1792, 1795, 1796, 1797, 1798, 1799, 1800, 1802, 1805, 1814, 1815, 1816, 1817, 1818, 1820, 1823, 1824, 1825, 1857, 1858, 1859, 1860, 1861, 1863, 1864, 1865, 1866, 1871, 1872, 1874, 1875, 1880, 1883, 1885, 1886, 1888, 1889, 1891, 1892, 1893, 1894, 1895, 1896, 1897, 1898, 1899, 1908, 1910, 1911, 1920, 1921, 1922, 1929, 1930, 1931, 1943, 1944, 1945, 1959, 1960, 1966, 1989, 1990, 1991, 1992, 1993, 1994, 1995, 1996, 1999, 2002, 2003, 2004, 2007, 2008, 2009, 2010, 2012, 2013, 2014, 2015, 2016, 2017, 2018, 2019, 2021, 2022, 2023, 2024, 2025, 2026, 2027, 2034, 2048, 2049, 2082, 2083, 2084, 2085, 2086, 2088, 2089, 2090, 2091, 2092, 2093, 2094, 2095, 2096, 2097, 2098, 2099, 2100, 2106], "excluded_lines": [293, 644, 806, 927, 1033, 1090, 1093, 1113, 1189, 1190, 1191, 1192, 1193, 1194, 1195, 1196, 1197, 1198, 1199, 1200, 1201, 1203, 1204, 1205, 1206, 1207, 1208, 1209, 1210, 1211, 1212, 1213, 1214, 1215, 1216, 1217, 1218, 1289, 1443, 1455, 1500, 1569, 1671, 1709, 1876, 1998, 2020], "functions": {"OpenAIAdapter.__init__": {"executed_lines": [], "summary": {"covered_lines": 0, "num_statements": 3, "percent_covered": 0.0, "percent_covered_display": "0", "missing_lines": 3, "excluded_lines": 0}, "missing_lines": [49, 50, 51], "excluded_lines": []}, "OpenAIAdapter.call_api": {"executed_lines": [], "summary": {"covered_lines": 0, "num_statements": 53, "percent_covered": 0.0, "percent_covered_display": "0", "missing_lines": 53, "excluded_lines": 0}, "missing_lines": [56, 58, 60, 61, 62, 64, 66, 67, 68, 69, 71, 77, 78, 80, 81, 83, 84, 85, 86, 88, 89, 90, 91, 93, 98, 99, 100, 101, 105, 106, 108, 112, 113, 115, 121, 123, 129, 130, 131, 132, 134, 136, 137, 138, 139, 140, 141, 142, 143, 144, 145, 146, 147], "excluded_lines": []}, "AnthropicAdapter.__init__": {"executed_lines": [], "summary": {"covered_lines": 0, "num_statements": 1, "percent_covered": 0.0, "percent_covered_display": "0", "missing_lines": 1, "excluded_lines": 0}, "missing_lines": [152], "excluded_lines": []}, "AnthropicAdapter.call_api": {"executed_lines": [], "summary": {"covered_lines": 0, "num_statements": 36, "percent_covered": 0.0, "percent_covered_display": "0", "missing_lines": 36, "excluded_lines": 0}, "missing_lines": [157, 158, 159, 161, 163, 164, 165, 175, 176, 177, 178, 180, 182, 183, 184, 186, 187, 188, 195, 197, 204, 205, 206, 207, 209, 211, 212, 213, 214, 215, 216, 217, 218, 221, 222, 223], "excluded_lines": []}, "GoogleClientAdapter.__init__": {"executed_lines": [], "summary": {"covered_lines": 0, "num_statements": 3, "percent_covered": 0.0, "percent_covered_display": "0", "missing_lines": 3, "excluded_lines": 0}, "missing_lines": [230, 231, 232], "excluded_lines": []}, "GoogleClientAdapter.call_api": {"executed_lines": [], "summary": {"covered_lines": 0, "num_statements": 59, "percent_covered": 0.0, "percent_covered_display": "0", "missing_lines": 59, "excluded_lines": 1}, "missing_lines": [238, 239, 240, 241, 242,
[...]
"missing_lines": [8, 9, 10, 12, 14, 17, 18, 21, 22, 23, 24, 25, 28, 29, 32, 33, 34, 35, 38, 48, 59, 135, 178, 210, 249, 280, 301, 322, 344, 374, 411, 442, 483, 520, 547, 564, 583, 600, 610, 622, 646, 679, 712, 750, 768, 790, 805, 820, 838, 874, 920, 945, 988, 1035, 1059, 1089, 1133, 1180], "excluded_lines": []}}, "classes": {"ConversionResult": {"executed_lines": [], "summary": {"covered_lines": 0, "num_statements": 0, "percent_covered": 100.0, "percent_covered_display": "100", "missing_lines": 0, "excluded_lines": 0}, "missing_lines": [], "excluded_lines": []}, "ResponsivePattern": {"executed_lines": [], "summary": {"covered_lines": 0, "num_statements": 0, "percent_covered": 100.0, "percent_covered_display": "100", "missing_lines": 0, "excluded_lines": 0}, "missing_lines": [], "excluded_lines": []}, "UIResponsiveConversionService": {"executed_lines": [], "summary": {"covered_lines": 0, "num_statements": 406, "percent_covered": 0.0, "percent_covered_display": "0", "missing_lines": 406, "excluded_lines": 0}, "missing_lines": [54, 55, 56, 57, 64, 144, 145, 147, 149, 150, 152, 153, 161, 163, 164, 165, 166, 168, 169, 170, 176, 181, 183, 184, 185, 188, 189, 208, 220, 223, 224, 225, 226, 227, 230, 231, 234, 235, 236, 237, 238, 241, 242, 243, 245, 258, 261, 263, 264, 265, 267, 269, 272, 275, 277, 278, 287, 288, 290, 297, 298, 299, 308, 309, 311, 313, 315, 316, 318, 319, 320, 328, 329, 331, 332, 333, 335, 337, 338, 339, 341, 342, 353, 354, 355, 357, 359, 360, 362, 363, 364, 365, 367, 368, 370, 371, 372, 384, 387, 388, 391, 393, 395, 397, 398, 399, 402, 403, 404, 405, 406, 407, 409, 420, 421, 422, 424, 427, 430, 431, 432, 433, 434, 435, 436, 437, 438, 440, 455, 457, 458, 459, 461, 469, 470, 471, 472, 474, 481, 497, 498, 500, 501, 504, 505, 508, 511, 512, 515, 516, 518, 531, 532, 533, 536, 537, 538, 540, 541, 543, 545, 556, 558, 559, 560, 562, 573, 574, 576, 577, 578, 579, 581, 593, 594, 595, 597, 598, 602, 605, 606, 608, 612, 615, 616, 617, 618, 620, 624, 625, 627, 629, 630, 631, 632, 633, 635, 636, 637, 638, 639, 642, 644, 656, 657, 658, 661, 662, 663, 666, 667, 668, 669, 672, 673, 674, 675, 677, 693, 695, 696, 698, 699, 700, 702, 704, 707, 708, 710, 725, 726, 727, 729, 730, 731, 734, 735, 736, 739, 740, 741, 744, 745, 746, 748, 760, 763, 766, 775, 777, 778, 779, 780, 781, 782, 783, 784, 785, 787, 788, 796, 797, 800, 802, 803, 807, 808, 810, 811, 812, 815, 816, 818, 822, 824, 825, 826, 827, 828, 831, 832, 833, 834, 836, 847, 859, 860, 861, 862, 865, 866, 869, 870, 872, 883, 892, 893, 894, 895, 898, 901, 902, 905, 906, 909, 910, 913, 915, 916, 918, 929, 932, 934, 935, 936, 937, 938, 940, 941, 943, 954, 957, 964, 965, 967, 968, 969, 971, 972, 974, 975, 986, 997, 1000, 1002, 1003, 1006, 1007, 1009, 1010, 1021, 1022, 1023, 1033, 1044, 1046, 1048, 1049, 1050, 1051, 1052, 1055, 1057, 1068, 1071, 1072, 1075, 1076, 1079, 1080, 1083, 1084, 1085, 1087, 1098, 1105, 1106, 1107, 1108, 1109, 1112, 1113, 1114, 1116, 1117, 1125, 1126, 1127, 1131, 1142, 1150, 1152, 1153, 1154, 1155, 1156, 1158, 1159, 1160, 1161, 1163, 1165, 1175, 1176, 1178, 1189, 1190, 1191, 1193, 1194, 1196, 1197, 1198, 1200, 1201, 1202], "excluded_lines": []}, "": {"executed_lines": [], "summary": {"covered_lines": 0, "num_statements": 58, "percent_covered": 0.0, "percent_covered_display": "0", "missing_lines": 58, "excluded_lines": 0}, "missing_lines": [8, 9, 10, 12, 14, 17, 18, 21, 22, 23, 24, 25, 28, 29, 32, 33, 34, 35, 38, 48, 59, 135, 178, 210, 249, 280, 301, 322, 344, 374, 411, 442, 483, 520, 547, 564, 583, 600, 610, 622, 646, 679, 712, 750, 768, 790, 805, 820, 838, 874, 920, 945, 988, 1035, 1059, 1089, 1133, 1180], "excluded_lines": []}}}, "src/lorairo/storage/__init__.py": {"executed_lines": [], "summary": {"covered_lines": 0, "num_statements": 0, "percent_covered": 100.0, "percent_covered_display": "100", "missing_lines": 0, "excluded_lines": 0}, "missing_lines": [], "excluded_lines": [], "functions": {"": {"executed_lines": [], "summary": {"covered_lines": 0, "num_statements": 0, "percent_covered": 100.0, "percent_covered_display": "100", "missing_lines": 0, "excluded_lines": 0}, "missing_lines": [], "excluded_lines": []}}, "classes": {"": {"executed_lines": [], "summary": {"covered_lines": 0, "num_statements": 0, "percent_covered": 100.0, "percent_covered_display": "100", "missing_lines": 0, "excluded_lines": 0}, "missing_lines": [], "excluded_lines": []}}}, "src/lorairo/storage/file_system.py": {"executed_lines": [], "summary": {"covered_lines": 0, "num_statements": 199, "percent_covered": 0.0, "percent_covered_display": "0", "missing_lines": 199, "excluded_lines": 0}, "missing_lines": [1, 2, 3, 4, 5, 6, 7, 8, 10, 11, 13, 15, 18, 19, 30, 31, 32, 33, 34, 35, 36, 37, 39, 40, 41, 42, 44, 45, 47, 48, 50, 58, 59, 62, 63, 66, 69, 76, 77, 79, 80, 82, 92, 93, 95, 96, 97, 100, 101, 103, 105, 112, 113, 114, 115, 116, 117, 120, 122, 123, 130, 131, 132, 133, 134, 135, 137, 138, 152, 153, 154, 155, 156, 158, 161, 162, 163, 164, 165, 167, 178, 179, 180, 181, 183, 195, 196, 197, 198, 199, 204, 206, 218, 220, 222, 223, 224, 226, 227, 228, 230, 231, 232, 233, 234, 239, 241, 242, 252, 253, 254, 255, 256, 257, 258, 261, 262, 264, 274, 276, 277, 278, 279, 280, 282, 283, 285, 286, 287, 288, 289, 291, 293, 294, 295, 296, 297, 299, 305, 306, 307, 308, 310, 317, 318, 319, 321, 332, 333, 334, 335, 336, 337, 338, 339, 340, 341, 342, 344, 345, 355, 356, 358, 359, 360, 361, 362, 363, 364, 365, 366, 367, 369, 370, 379, 380, 381, 383, 384, 386, 389, 390, 392, 393, 394, 395, 396, 398, 401, 404, 405, 407, 408, 409, 410, 411, 412, 413, 414], "excluded_lines": [], "functions": {"FileSystemManager.__init__": {"executed_lines": [], "summary": {"covered_lines": 0, "num_statements": 7, "percent_covered": 0.0, "percent_covered_display": "0", "missing_lines": 7, "excluded_lines": 0}, "missing_lines": [31, 32, 33, 34, 35, 36, 37], "excluded_lines": []}, "FileSystemManager.__enter__": {"executed_lines": [], "summary": {"covered_lines": 0, "num_statements": 3, "percent_covered": 0.0, "percent_covered_display": "0", "missing_lines": 3, "excluded_lines": 0}, "missing_lines": [40, 41, 42], "excluded_lines": []}, "FileSystemManager.__exit__": {"executed_lines": [], "summary": {"covered_lines": 0, "num_statements": 3, "percent_covered": 0.0, "percent_covered_display": "0", "missing_lines": 3, "excluded_lines": 0}, "missing_lines": [45, 47, 48], "excluded_lines": []}, "FileSystemManager.initialize": {"executed_lines": [], "summary": {"covered_lines": 0, "num_statements": 10, "percent_covered": 0.0, "percent_covered_display": "0", "missing_lines": 10, "excluded_lines": 0}, "missing_lines": [58, 59, 62, 63, 66, 69, 76, 77, 79, 80], "excluded_lines": []}, "FileSystemManager.get_resolution_dir": {"executed_lines": [], "summary": {"covered_lines": 0, "num_statements": 8, "percent_covered": 0.0, "percent_covered_display": "0", "missing_lines": 8, "excluded_lines": 0}, "missing_lines": [92, 93, 95, 96, 97, 100, 101, 103], "excluded_lines": []}, "FileSystemManager._create_directory": {"executed_lines": [], "summary": {"covered_lines": 0, "num_statements": 7, "percent_covered": 0.0, "percent_covered_display": "0", "missing_lines": 7, "excluded_lines": 0}, "missing_lines": [112, 113, 114, 115, 116, 117, 120], "excluded_lines": []}, "FileSystemManager.get_image_files": {"executed_lines": [], "summary": {"covered_lines": 0, "num_statements": 6, "percent_covered": 0.0, "percent_covered_display": "0", "missing_lines": 6, "excluded_lines": 0}, "missing_lines": [130, 131, 132, 133, 134, 135], "excluded_lines": []}, "FileSystemManager.get_image_info": {"executed_lines": [], "summary": {"covered_lines": 0, "num_statements": 16, "percent_covered": 0.0, "percent_covered_display": "0", "missing_lines": 16, "excluded_lines": 0}, "missing_lines": [152, 153, 154, 155, 156, 158, 161, 162, 163, 164, 165, 167, 178, 179, 180, 181], "excluded_lines": []}, "FileSystemManager._get_next_sequence_number": {"executed_lines": [], "summary": {"covered_lines": 0, "num_statements": 6, "percent_covered": 0.0, "percent_covered_display": "0", "missing_lines": 6, "excluded_lines": 0}, "missing_lines": [195, 196, 197, 198, 199, 204], "excluded_lines": []}, "FileSystemManager.save_processed_image": {"executed_lines": [], "summary": {"covered_lines": 0, "num_statements": 14, "percent_covered": 0.0, "percent_covered_display": "0", "missing_lines": 14, "excluded_lines": 0}, "missing_lines": [218, 220, 222, 223, 224, 226, 227, 228, 230, 231, 232, 233, 234, 239], "excluded_lines": []}, "FileSystemManager.copy_file": {"executed_lines": [], "summary": {"covered_lines": 0, "num_statements": 9, "percent_covered": 0.0, "percent_covered_display": "0", "missing_lines": 9, "excluded_lines": 0}, "missing_lines": [252, 253, 254, 255, 256, 257, 258, 261, 262], "excluded_lines": []}, "FileSystemManager.save_original_image": {"executed_lines": [], "summary": {"covered_lines": 0, "num_statements": 19, "percent_covered": 0.0, "percent_covered_display": "0", "missing_lines": 19, "excluded_lines": 0}, "missing_lines": [274, 276, 277, 278, 279, 280, 282, 283, 285, 286, 287, 288, 289, 291, 293, 294, 295, 296, 297], "excluded_lines": []}, "FileSystemManager.create_batch_request_file": {"executed_lines": [], "summary": {"covered_lines": 0, "num_statements": 4, "percent_covered": 0.0, "percent_covered_display": "0", "missing_lines": 4, "excluded_lines": 0}, "missing_lines": [305, 306, 307, 308], "excluded_lines": []}, "FileSystemManager.save_batch_request": {"executed_lines": [], "summary": {"covered_lines": 0, "num_statements": 3, "percent_covered": 0.0, "percent_covered_display": "0", "missing_lines": 3, "excluded_lines": 0}, "missing_lines": [317, 318, 319], "excluded_lines": []}, "FileSystemManager.split_jsonl": {"executed_lines": [], "summary": {"covered_lines": 0, "num_statements": 11, "percent_covered": 0.0, "percent_covered_display": "0", "missing_lines": 11, "excluded_lines": 0}, "missing_lines": [332, 333, 334, 335, 336, 337, 338, 339, 340, 341, 342], "excluded_lines": []}, "FileSystemManager.export_dataset_to_txt": {"executed_lines": [], "summary": {"covered_lines": 0, "num_statements": 12, "percent_covered": 0.0, "percent_covered_display": "0", "missing_lines": 12, "excluded_lines": 0}, "missing_lines": [355, 356, 358, 359, 360, 361, 362, 363, 364, 365, 366, 367], "excluded_lines": []}, "FileSystemManager.export_dataset_to_json": {"executed_lines": [], "summary": {"covered_lines": 0, "num_statements": 17, "percent_covered": 0.0, "percent_covered_display": "0", "missing_lines": 17, "excluded_lines": 0}, "missing_lines": [379, 380, 381, 383, 384, 386, 389, 390, 392, 393, 394, 395, 396, 398, 401, 404, 405], "excluded_lines": []}, "FileSystemManager.save_toml_config": {"executed_lines": [], "summary": {"covered_lines": 0, "num_statements": 6, "percent_covered": 0.0, "percent_covered_display": "0", "missing_lines": 6, "excluded_lines": 0}, "missing_lines": [409, 410, 411, 412, 413, 414], "excluded_lines": []}, "": {"executed_lines": [], "summary": {"covered_lines": 0, "num_statements": 38, "percent_covered": 0.0, "percent_covered_display": "0", "missing_lines": 38, "excluded_lines": 0}, "missing_lines": [1, 2, 3, 4, 5, 6, 7, 8, 10, 11, 13, 15, 18, 19, 30, 39, 44, 50, 82, 105, 122, 123, 137, 138, 183, 206, 241, 242, 264, 299, 310, 321, 344, 345, 369, 370, 407, 408], "excluded_lines": []}}, "classes": {"FileSystemManager": {"executed_lines": [], "summary": {"covered_lines": 0, "num_statements": 161, "percent_covered": 0.0, "percent_covered_display": "0", "missing_lines": 161, "excluded_lines": 0}, "missing_lines": [31, 32, 33, 34, 35, 36, 37, 40, 41, 42, 45, 47, 48, 58, 59, 62, 63, 66, 69, 76, 77, 79, 80, 92, 93, 95, 96, 97, 100, 101, 103, 112, 113, 114, 115, 116, 117, 120, 130, 131, 132, 133, 134, 135, 152, 153, 154, 155, 156, 158, 161, 162, 163, 164, 165, 167, 178, 179, 180, 181, 195, 196, 197, 198, 199, 204, 218, 220, 222, 223, 224, 226, 227, 228, 230, 231, 232, 233, 234, 239, 252, 253, 254, 255, 256, 257, 258, 261, 262, 274, 276, 277, 278, 279, 280, 282, 283, 285, 286, 287, 288, 289, 291, 293, 294, 295, 296, 297, 305, 306, 307, 308, 317, 318, 319, 332, 333, 334, 335, 336, 337, 338, 339, 340, 341, 342, 355, 356, 358, 359, 360, 361, 362, 363, 364, 365, 366, 367, 379, 380, 381, 383, 384, 386, 389, 390, 392, 393, 394, 395, 396, 398, 401, 404, 405, 409, 410, 411, 412, 413, 414], "excluded_lines": []}, "": {"executed_lines": [], "summary": {"covered_lines": 0, "num_statements": 38, "percent_covered": 0.0, "percent_covered_display": "0", "missing_lines": 38, "excluded_lines": 0}, "missing_lines": [1, 2, 3, 4, 5, 6, 7, 8, 10, 11, 13, 15, 18, 19, 30, 39, 44, 50, 82, 105, 122, 123, 137, 138, 183, 206, 241, 242, 264, 299, 310, 321, 344, 345, 369, 370, 407, 408], "excluded_lines": []}}}, "src/lorairo/utils/__init__.py": {"executed_lines": [], "summary": {"covered_lines": 0, "num_statements": 0, "percent_covered": 100.0, "percent_covered_display": "100", "missing_lines": 0, "excluded_lines": 0}, "missing_lines": [], "excluded_lines": [], "functions": {"": {"executed_lines": [], "summary": {"covered_lines": 0, "num_statements": 0, "percent_covered": 100.0, "percent_covered_display": "100", "missing_lines": 0, "excluded_lines": 0}, "missing_lines": [], "excluded_lines": []}}, "classes": {"": {"executed_lines": [], "summary": {"covered_lines": 0, "num_statements": 0, "percent_covered": 100.0, "percent_covered_display": "100", "missing_lines": 0, "excluded_lines": 0}, "missing_lines": [], "excluded_lines": []}}}, "src/lorairo/utils/config.py": {"executed_lines": [], "summary": {"covered_lines": 0, "num_statements": 58, "percent_covered": 0.0, "percent_covered_display": "0", "missing_lines": 58, "excluded_lines": 6}, "missing_lines": [1, 2, 3, 4, 6, 10, 13, 15, 17, 18, 19, 22, 23, 24, 27, 28, 29, 32, 119, 120, 122, 123, 126, 127, 128, 131, 132, 133, 134, 135, 137, 138, 140, 141, 143, 144, 145, 148, 149, 150, 151, 152, 153, 154, 157, 158, 159, 160, 161, 162, 164, 165, 168, 170, 171, 172, 173, 174], "excluded_lines": [177, 178, 179, 180, 181, 182], "functions": {"get_project_root": {"executed_lines": [], "summary": {"covered_lines": 0, "num_statements": 8, "percent_covered": 0.0, "percent_covered_display": "0", "missing_lines": 8, "excluded_lines": 0}, "missing_lines": [13, 15, 17, 18, 19, 22, 23, 24], "excluded_lines": []}, "load_config": {"executed_lines": [], "summary": {"covered_lines": 0, "num_statements": 18, "percent_covered": 0.0, "percent_covered_display": "0", "missing_lines": 18, "excluded_lines": 0}, "missing_lines": [120, 122, 123, 126, 127, 128, 131, 132, 133, 134, 135, 137, 138, 140, 141, 143, 144, 145], "excluded_lines": []}, "deep_update": {"executed_lines": [], "summary": {"covered_lines": 0, "num_statements": 6, "percent_covered": 0.0, "percent_covered_display": "0", "missing_lines": 6, "excluded_lines": 0}, "missing_lines": [149, 150, 151, 152, 153, 154], "excluded_lines": []}, "get_config": {"executed_lines": [], "summary": {"covered_lines": 0, "num_statements": 7, "percent_covered": 0.0, "percent_covered_display": "0", "missing_lines": 7, "excluded_lines": 0}, "missing_lines": [158, 159, 160, 161, 162, 164, 165], "excluded_lines": []}, "write_config_file": {"executed_lines": [], "summary": {"covered_lines": 0, "num_statements": 5, "percent_covered": 0.0, "percent_covered_display": "0", "missing_lines": 5, "excluded_lines": 0}, "missing_lines": [170, 171, 172, 173, 174], "excluded_lines": []}, "": {"executed_lines": [], "summary": {"covered_lines": 0, "num_statements": 14, "percent_covered": 0.0, "percent_covered_display": "0", "missing_lines": 14, "excluded_lines": 6}, "missing_lines": [1, 2, 3, 4, 6, 10, 27, 28, 29, 32, 119, 148, 157, 168], "excluded_lines": [177, 178, 179, 180, 181, 182]}}, "classes": {"": {"executed_lines": [], "summary": {"covered_lines": 0, "num_statements": 58, "percent_covered": 0.0, "percent_covered_display": "0", "missing_lines": 58, "excluded_lines": 6}, "missing_lines": [1, 2, 3, 4, 6, 10, 13, 15, 17, 18, 19, 22, 23, 24, 27, 28, 29, 32, 119, 120, 122, 123, 126, 127, 128, 131, 132, 133, 134, 135, 137, 138, 140, 141, 143, 144, 145, 148, 149, 150, 151, 152, 153, 154, 157, 158, 159, 160, 161, 162, 164, 165, 168, 170, 171, 172, 173, 174], "excluded_lines": [177, 178, 179, 180, 181, 182]}}}, "src/lorairo/utils/log.py": {"executed_lines": [], "summary": {"covered_lines": 0, "num_statements": 53, "percent_covered": 0.0, "percent_covered_display": "0", "missing_lines": 53, "excluded_lines": 2}, "missing_lines": [13, 14, 15, 16, 18, 20, 27, 30, 42, 53, 54, 57, 58, 60, 66, 67, 68, 69, 70, 71, 74, 79, 82, 84, 85, 87, 90, 93, 94, 95, 96, 97, 99, 101, 102, 105, 108, 110, 113, 128, 129, 130, 133, 138, 144, 155, 156, 157, 168, 169, 171, 172, 174], "excluded_lines": [23, 24], "functions": {"_parse_log_levels": {"executed_lines": [], "summary": {"covered_lines": 0, "num_statements": 13, "percent_covered": 0.0, "percent_covered_display": "0", "missing_lines": 13, "excluded_lines": 0}, "missing_lines": [53, 54, 57, 58, 60, 66, 67, 68, 69, 70, 71, 74, 79], "excluded_lines": []}, "_level_filter": {"executed_lines": [], "summary": {"covered_lines": 0, "num_statements": 15, "percent_covered": 0.0, "percent_covered_display": "0", "missing_lines": 15, "excluded_lines": 0}, "missing_lines": [84, 85, 87, 90, 93, 94, 95, 96, 97, 99, 101, 102, 105, 108, 110], "excluded_lines": []}, "initialize_logging": {"executed_lines": [], "summary": {"covered_lines": 0, "num_statements": 14, "percent_covered": 0.0, "percent_covered_display": "0", "missing_lines": 14, "excluded_lines": 0}, "missing_lines": [128, 129, 130, 133, 138, 144, 155, 156, 157, 168, 169, 171, 172, 174], "excluded_lines": []}, "": {"executed_lines": [], "summary": {"covered_lines": 0, "num_statements": 11, "percent_covered": 0.0, "percent_covered_display": "0", "missing_lines": 11, "excluded_lines": 2}, "missing_lines": [13, 14, 15, 16, 18, 20, 27, 30, 42, 82, 113], "excluded_lines": [23, 24]}}, "classes": {"": {"executed_lines": [], "summary": {"covered_lines": 0, "num_statements": 53, "percent_covered": 0.0, "percent_covered_display": "0", "missing_lines": 53, "excluded_lines": 2}, "missing_lines": [13, 14, 15, 16, 18, 20, 27, 30, 42, 53, 54, 57, 58, 60, 66, 67, 68, 69, 70, 71, 74, 79, 82, 84, 85, 87, 90, 93, 94, 95, 96, 97, 99, 101, 102, 105, 108, 110, 113, 128, 129, 130, 133, 138, 144, 155, 156, 157, 168, 169, 171, 172, 174], "excluded_lines": [23, 24]}}}, "src/lorairo/utils/tools.py": {"executed_lines": [], "summary": {"covered_lines": 0, "num_statements": 18, "percent_covered": 0.0, "percent_covered_display": "0", "missing_lines": 18, "excluded_lines": 0}, "missing_lines": [3, 5, 6, 8, 11, 17, 19, 20, 22, 23, 24, 25, 26, 27, 28, 29, 30, 31], "excluded_lines": [], "functions": {"calculate_phash": {"executed_lines": [], "summary": {"covered_lines": 0, "num_statements": 12, "percent_covered": 0.0, "percent_covered_display": "0", "missing_lines": 12, "excluded_lines": 0}, "missing_lines": [19, 20, 22, 23, 24, 25, 26, 27, 28, 29, 30, 31], "excluded_lines": []}, "": {"executed_lines": [], "summary": {"covered_lines": 0, "num_statements": 6, "percent_covered": 0.0, "percent_covered_display": "0", "missing_lines": 6, "excluded_lines": 0}, "missing_lines": [3, 5, 6, 8, 11, 17], "excluded_lines": []}}, "classes": {"ToolsStatic": {"executed_lines": [], "summary": {"covered_lines": 0, "num_statements": 0, "percent_covered": 100.0, "percent_covered_display": "100", "missing_lines": 0, "excluded_lines": 0}, "missing_lines": [], "excluded_lines": []}, "": {"executed_lines": [], "summary": {"covered_lines": 0, "num_statements": 18, "percent_covered": 0.0, "percent_covered_display": "0", "missing_lines": 18, "excluded_lines": 0}, "missing_lines": [3, 5, 6, 8, 11, 17, 19, 20, 22, 23, 24, 25, 26, 27, 28, 29, 30, 31], "excluded_lines": []}}}}, "totals": {"covered_lines": 2251, "num_statements": 13518, "percent_covered": 16.651871578635895, "percent_covered_display": "17", "missing_lines": 11267, "excluded_lines": 1103}}